<!DOCTYPE html>

<html>
  <head>
  <meta charset='utf-8'>
  <title>TestNG reports</title>

    <link type="text/css" href="testng-reports1.css" rel="stylesheet" id="ultra" />
    <link type="text/css" href="testng-reports.css" rel="stylesheet" id="retro" disabled="false"/>
    <script type="text/javascript" src="jquery-3.6.0.min.js"></script>
    <script type="text/javascript" src="testng-reports.js"></script>
    <script type="text/javascript" src="https://www.google.com/jsapi"></script>
    <script type='text/javascript'>
      google.load('visualization', '1', {packages:['table']});
      google.setOnLoadCallback(drawTable);
      var suiteTableInitFunctions = new Array();
      var suiteTableData = new Array();
    </script>
    <!--
      <script type="text/javascript" src="jquery-ui/js/jquery-ui-1.8.16.custom.min.js"></script>
     -->
  </head>

  <body>    <div class="top-banner-root">
      <span class="top-banner-title-font">Test results</span>
      <button id="button" class="button">Switch Retro Theme</button> <!-- button -->
      <br/>
      <span class="top-banner-font-1">1 suite, 20 failed tests</span>
    </div> <!-- top-banner-root -->
    <div class="navigator-root">
      <div class="navigator-suite-header">
        <span>All suites</span>
        <a href="#" title="Collapse/expand all the suites" class="collapse-all-link">
          <img src="collapseall.gif" class="collapse-all-icon">
          </img> <!-- collapse-all-icon -->
        </a> <!-- collapse-all-link -->
      </div> <!-- navigator-suite-header -->
      <div class="suite">
        <div class="rounded-window">
          <div class="suite-header light-rounded-window-top">
            <a href="#" panel-name="suite-Default_suite" class="navigator-link">
              <span class="suite-name border-failed">Default suite</span>
            </a> <!-- navigator-link -->
          </div> <!-- suite-header light-rounded-window-top -->
          <div class="navigator-suite-content">
            <div class="suite-section-title">
              <span>Info</span>
            </div> <!-- suite-section-title -->
            <div class="suite-section-content">
              <ul>
                <li>
                  <a href="#" panel-name="test-xml-Default_suite" class="navigator-link ">
                    <span>C:\Users\Dell\AppData\Local\Temp\testng-eclipse--559481720\testng-customsuite.xml</span>
                  </a> <!-- navigator-link  -->
                </li>
                <li>
                  <a href="#" panel-name="testlist-Default_suite" class="navigator-link ">
                    <span class="test-stats">1 test</span>
                  </a> <!-- navigator-link  -->
                </li>
                <li>
                  <a href="#" panel-name="group-Default_suite" class="navigator-link ">
                    <span>0 groups</span>
                  </a> <!-- navigator-link  -->
                </li>
                <li>
                  <a href="#" panel-name="times-Default_suite" class="navigator-link ">
                    <span>Times</span>
                  </a> <!-- navigator-link  -->
                </li>
                <li>
                  <a href="#" panel-name="reporter-Default_suite" class="navigator-link ">
                    <span>Reporter output</span>
                  </a> <!-- navigator-link  -->
                </li>
                <li>
                  <a href="#" panel-name="ignored-methods-Default_suite" class="navigator-link ">
                    <span>Ignored methods</span>
                  </a> <!-- navigator-link  -->
                </li>
                <li>
                  <a href="#" panel-name="chronological-Default_suite" class="navigator-link ">
                    <span>Chronological view</span>
                  </a> <!-- navigator-link  -->
                </li>
              </ul>
            </div> <!-- suite-section-content -->
            <div class="result-section">
              <div class="suite-section-title">
                <span>Results</span>
              </div> <!-- suite-section-title -->
              <div class="suite-section-content">
                <ul>
                  <li>
                    <span class="method-stats">101 methods, 20 failed,   81 passed</span>
                  </li>
                  <li>
                    <span class="method-list-title failed">Failed methods</span>
                    <span class="show-or-hide-methods failed">
                      <a href="#" panel-name="suite-Default_suite" class="hide-methods failed suite-Default_suite"> (hide)</a> <!-- hide-methods failed suite-Default_suite -->
                      <a href="#" panel-name="suite-Default_suite" class="show-methods failed suite-Default_suite"> (show)</a> <!-- show-methods failed suite-Default_suite -->
                    </span>
                    <div class="method-list-content failed suite-Default_suite">
                      <span>
                        <img src="failed.png" width="3%"/>
                        <a href="#" panel-name="suite-Default_suite" title="admin.AdminApiTests" class="method navigator-link" hash-for-method="testAddAdmin(user_5222, \LIY(jJ(&#039;f4zq:/#)">testAddAdmin(user_5222, \LIY(jJ('f4zq:/#)</a> <!-- method navigator-link -->
                      </span>
                      <br/>
                      <span>
                        <img src="failed.png" width="3%"/>
                        <a href="#" panel-name="suite-Default_suite" title="admin.AdminApiTests" class="method navigator-link" hash-for-method="testAddAdmin(user_4040, kxW(uI4w{(&gt;\R:&#039;g)">testAddAdmin(user_4040, kxW(uI4w{(>\R:'g)</a> <!-- method navigator-link -->
                      </span>
                      <br/>
                      <span>
                        <img src="failed.png" width="3%"/>
                        <a href="#" panel-name="suite-Default_suite" title="admin.AdminApiTests" class="method navigator-link" hash-for-method="testAddAdmin(user_9787, -fo4Od[&amp;(HKcv\Ap)">testAddAdmin(user_9787, -fo4Od[&(HKcv\Ap)</a> <!-- method navigator-link -->
                      </span>
                      <br/>
                      <span>
                        <img src="failed.png" width="3%"/>
                        <a href="#" panel-name="suite-Default_suite" title="admin.AdminApiTests" class="method navigator-link" hash-for-method="testAddAdmin(user_9625, \LIY(jJ(&#039;f3zq@/#)">testAddAdmin(user_9625, \LIY(jJ('f3zq@/#)</a> <!-- method navigator-link -->
                      </span>
                      <br/>
                      <span>
                        <img src="failed.png" width="3%"/>
                        <a href="#" panel-name="suite-Default_suite" title="admin.AdminApiTests" class="method navigator-link" hash-for-method="testAddAdmin(user_3462, xGv&quot;x]\BJz7&gt;eLFV)">testAddAdmin(user_3462, xGv"x]\BJz7>eLFV)</a> <!-- method navigator-link -->
                      </span>
                      <br/>
                      <span>
                        <img src="failed.png" width="3%"/>
                        <a href="#" panel-name="suite-Default_suite" title="admin.AdminApiTests" class="method navigator-link" hash-for-method="testAddAdmin(user_1401, d#&lt;aM*,i{Sue\Do\)">testAddAdmin(user_1401, d#<aM*,i{Sue\Do\)</a> <!-- method navigator-link -->
                      </span>
                      <br/>
                      <span>
                        <img src="failed.png" width="3%"/>
                        <a href="#" panel-name="suite-Default_suite" title="admin.AdminApiTests" class="method navigator-link" hash-for-method="testAddAdmin(user_9667, v}e&lt;YKekpA&quot;Q1A&gt;u)">testAddAdmin(user_9667, v}e<YKekpA"Q1A>u)</a> <!-- method navigator-link -->
                      </span>
                      <br/>
                      <span>
                        <img src="failed.png" width="3%"/>
                        <a href="#" panel-name="suite-Default_suite" title="admin.AdminApiTests" class="method navigator-link" hash-for-method="testAddAdmin(user_6923, f+n}z&quot;x?Y@&#039;|]KL~)">testAddAdmin(user_6923, f+n}z"x?Y@'|]KL~)</a> <!-- method navigator-link -->
                      </span>
                      <br/>
                      <span>
                        <img src="failed.png" width="3%"/>
                        <a href="#" panel-name="suite-Default_suite" title="admin.AdminApiTests" class="method navigator-link" hash-for-method="testAddAdmin(user_3756, [c7w+U7FyY&gt;X@(S&quot;)">testAddAdmin(user_3756, [c7w+U7FyY>X@(S")</a> <!-- method navigator-link -->
                      </span>
                      <br/>
                      <span>
                        <img src="failed.png" width="3%"/>
                        <a href="#" panel-name="suite-Default_suite" title="admin.AdminApiTests" class="method navigator-link" hash-for-method="testAddAdmin(user_2553, P{i&gt;H=t9\+EkA3f])">testAddAdmin(user_2553, P{i>H=t9\+EkA3f])</a> <!-- method navigator-link -->
                      </span>
                      <br/>
                      <span>
                        <img src="failed.png" width="3%"/>
                        <a href="#" panel-name="suite-Default_suite" title="admin.AdminApiTests" class="method navigator-link" hash-for-method="testAdminLogin(user_9667, v}e&lt;YKekpA&quot;Q1A&gt;u)">testAdminLogin(user_9667, v}e<YKekpA"Q1A>u)</a> <!-- method navigator-link -->
                      </span>
                      <br/>
                      <span>
                        <img src="failed.png" width="3%"/>
                        <a href="#" panel-name="suite-Default_suite" title="admin.AdminApiTests" class="method navigator-link" hash-for-method="testAdminLogin(user_1401, d#&lt;aM*,i{Sue\Do\)">testAdminLogin(user_1401, d#<aM*,i{Sue\Do\)</a> <!-- method navigator-link -->
                      </span>
                      <br/>
                      <span>
                        <img src="failed.png" width="3%"/>
                        <a href="#" panel-name="suite-Default_suite" title="admin.AdminApiTests" class="method navigator-link" hash-for-method="testAdminLogin(user_2553, P{i&gt;H=t9\+EkA3f])">testAdminLogin(user_2553, P{i>H=t9\+EkA3f])</a> <!-- method navigator-link -->
                      </span>
                      <br/>
                      <span>
                        <img src="failed.png" width="3%"/>
                        <a href="#" panel-name="suite-Default_suite" title="admin.AdminApiTests" class="method navigator-link" hash-for-method="testAdminLogin(user_9787, -fo4Od[&amp;(HKcv\Ap)">testAdminLogin(user_9787, -fo4Od[&(HKcv\Ap)</a> <!-- method navigator-link -->
                      </span>
                      <br/>
                      <span>
                        <img src="failed.png" width="3%"/>
                        <a href="#" panel-name="suite-Default_suite" title="admin.AdminApiTests" class="method navigator-link" hash-for-method="testAdminLogin(user_4040, kxW(uI4w{(&gt;\R:&#039;g)">testAdminLogin(user_4040, kxW(uI4w{(>\R:'g)</a> <!-- method navigator-link -->
                      </span>
                      <br/>
                      <span>
                        <img src="failed.png" width="3%"/>
                        <a href="#" panel-name="suite-Default_suite" title="admin.AdminApiTests" class="method navigator-link" hash-for-method="testAdminLogin(user_6923, f+n}z&quot;x?Y@&#039;|]KL~)">testAdminLogin(user_6923, f+n}z"x?Y@'|]KL~)</a> <!-- method navigator-link -->
                      </span>
                      <br/>
                      <span>
                        <img src="failed.png" width="3%"/>
                        <a href="#" panel-name="suite-Default_suite" title="admin.AdminApiTests" class="method navigator-link" hash-for-method="testAdminLogin(user_9625, \LIY(jJ(&#039;f3zq@/#)">testAdminLogin(user_9625, \LIY(jJ('f3zq@/#)</a> <!-- method navigator-link -->
                      </span>
                      <br/>
                      <span>
                        <img src="failed.png" width="3%"/>
                        <a href="#" panel-name="suite-Default_suite" title="admin.AdminApiTests" class="method navigator-link" hash-for-method="testAdminLogin(user_3756, [c7w+U7FyY&gt;X@(S&quot;)">testAdminLogin(user_3756, [c7w+U7FyY>X@(S")</a> <!-- method navigator-link -->
                      </span>
                      <br/>
                      <span>
                        <img src="failed.png" width="3%"/>
                        <a href="#" panel-name="suite-Default_suite" title="admin.AdminApiTests" class="method navigator-link" hash-for-method="testAdminLogin(user_5222, \LIY(jJ(&#039;f4zq:/#)">testAdminLogin(user_5222, \LIY(jJ('f4zq:/#)</a> <!-- method navigator-link -->
                      </span>
                      <br/>
                      <span>
                        <img src="failed.png" width="3%"/>
                        <a href="#" panel-name="suite-Default_suite" title="admin.AdminApiTests" class="method navigator-link" hash-for-method="testAdminLogin(user_3462, xGv&quot;x]\BJz7&gt;eLFV)">testAdminLogin(user_3462, xGv"x]\BJz7>eLFV)</a> <!-- method navigator-link -->
                      </span>
                      <br/>
                    </div> <!-- method-list-content failed suite-Default_suite -->
                  </li>
                  <li>
                    <span class="method-list-title passed">Passed methods</span>
                    <span class="show-or-hide-methods passed">
                      <a href="#" panel-name="suite-Default_suite" class="hide-methods passed suite-Default_suite"> (hide)</a> <!-- hide-methods passed suite-Default_suite -->
                      <a href="#" panel-name="suite-Default_suite" class="show-methods passed suite-Default_suite"> (show)</a> <!-- show-methods passed suite-Default_suite -->
                    </span>
                    <div class="method-list-content passed suite-Default_suite">
                      <span>
                        <img src="passed.png" width="3%"/>
                        <a href="#" panel-name="suite-Default_suite" title="admin.AdminApiTests" class="method navigator-link" hash-for-method="displayAdmins">displayAdmins</a> <!-- method navigator-link -->
                      </span>
                      <br/>
                      <span>
                        <img src="passed.png" width="3%"/>
                        <a href="#" panel-name="suite-Default_suite" title="admin.AdminApiTests" class="method navigator-link" hash-for-method="testAddAdmin(user_6714, Bkw&lt;{&lt;4%QE1#FVqg)">testAddAdmin(user_6714, Bkw<{<4%QE1#FVqg)</a> <!-- method navigator-link -->
                      </span>
                      <br/>
                      <span>
                        <img src="passed.png" width="3%"/>
                        <a href="#" panel-name="suite-Default_suite" title="admin.AdminApiTests" class="method navigator-link" hash-for-method="testAddAdmin(user_9434, ,w|=cug:v,?}(6l?)">testAddAdmin(user_9434, ,w|=cug:v,?}(6l?)</a> <!-- method navigator-link -->
                      </span>
                      <br/>
                      <span>
                        <img src="passed.png" width="3%"/>
                        <a href="#" panel-name="suite-Default_suite" title="admin.AdminApiTests" class="method navigator-link" hash-for-method="testAddAdmin(user_2055, ahQ0!;;Rup]=KXGV)">testAddAdmin(user_2055, ahQ0!;;Rup]=KXGV)</a> <!-- method navigator-link -->
                      </span>
                      <br/>
                      <span>
                        <img src="passed.png" width="3%"/>
                        <a href="#" panel-name="suite-Default_suite" title="admin.AdminApiTests" class="method navigator-link" hash-for-method="testAddAdmin(user_7424, Bdms_/G}s,YVjE&#039;7)">testAddAdmin(user_7424, Bdms_/G}s,YVjE'7)</a> <!-- method navigator-link -->
                      </span>
                      <br/>
                      <span>
                        <img src="passed.png" width="3%"/>
                        <a href="#" panel-name="suite-Default_suite" title="admin.AdminApiTests" class="method navigator-link" hash-for-method="testAddAdmin(user_2407, &amp;Qwc]@&#039;H^{Rz&lt;:-$)">testAddAdmin(user_2407, &Qwc]@'H^{Rz<:-$)</a> <!-- method navigator-link -->
                      </span>
                      <br/>
                      <span>
                        <img src="passed.png" width="3%"/>
                        <a href="#" panel-name="suite-Default_suite" title="admin.AdminApiTests" class="method navigator-link" hash-for-method="testAddAdmin(user_7295, c!!L)b0uME^&lt;h[,8)">testAddAdmin(user_7295, c!!L)b0uME^<h[,8)</a> <!-- method navigator-link -->
                      </span>
                      <br/>
                      <span>
                        <img src="passed.png" width="3%"/>
                        <a href="#" panel-name="suite-Default_suite" title="admin.AdminApiTests" class="method navigator-link" hash-for-method="testAddAdmin(user_8290, F##3gh/?Uz7&#039;Iden)">testAddAdmin(user_8290, F##3gh/?Uz7'Iden)</a> <!-- method navigator-link -->
                      </span>
                      <br/>
                      <span>
                        <img src="passed.png" width="3%"/>
                        <a href="#" panel-name="suite-Default_suite" title="admin.AdminApiTests" class="method navigator-link" hash-for-method="testAddAdmin(user_4038, R[9u9jz:&amp;1u[Of^h)">testAddAdmin(user_4038, R[9u9jz:&1u[Of^h)</a> <!-- method navigator-link -->
                      </span>
                      <br/>
                      <span>
                        <img src="passed.png" width="3%"/>
                        <a href="#" panel-name="suite-Default_suite" title="admin.AdminApiTests" class="method navigator-link" hash-for-method="testAddAdmin(user_4950, MS3@-2*JV?=9KzLd)">testAddAdmin(user_4950, MS3@-2*JV?=9KzLd)</a> <!-- method navigator-link -->
                      </span>
                      <br/>
                      <span>
                        <img src="passed.png" width="3%"/>
                        <a href="#" panel-name="suite-Default_suite" title="admin.AdminApiTests" class="method navigator-link" hash-for-method="testAddAdmin(user_5942, VV0}h1ksaDs6,SSx)">testAddAdmin(user_5942, VV0}h1ksaDs6,SSx)</a> <!-- method navigator-link -->
                      </span>
                      <br/>
                      <span>
                        <img src="passed.png" width="3%"/>
                        <a href="#" panel-name="suite-Default_suite" title="admin.AdminApiTests" class="method navigator-link" hash-for-method="testAddAdmin(user_6922, h%~!o@+S`ML&#039;mkM|)">testAddAdmin(user_6922, h%~!o@+S`ML'mkM|)</a> <!-- method navigator-link -->
                      </span>
                      <br/>
                      <span>
                        <img src="passed.png" width="3%"/>
                        <a href="#" panel-name="suite-Default_suite" title="admin.AdminApiTests" class="method navigator-link" hash-for-method="testAddAdmin(user_6548, JS&gt;F4p5s#ZhPY87P)">testAddAdmin(user_6548, JS>F4p5s#ZhPY87P)</a> <!-- method navigator-link -->
                      </span>
                      <br/>
                      <span>
                        <img src="passed.png" width="3%"/>
                        <a href="#" panel-name="suite-Default_suite" title="admin.AdminApiTests" class="method navigator-link" hash-for-method="testAddAdmin(user_4078, &#039;Ag|/L2jymUs1(F[)">testAddAdmin(user_4078, 'Ag|/L2jymUs1(F[)</a> <!-- method navigator-link -->
                      </span>
                      <br/>
                      <span>
                        <img src="passed.png" width="3%"/>
                        <a href="#" panel-name="suite-Default_suite" title="admin.AdminApiTests" class="method navigator-link" hash-for-method="testAddAdmin(user_5994, 0mHW[!;_!F1YnMjy)">testAddAdmin(user_5994, 0mHW[!;_!F1YnMjy)</a> <!-- method navigator-link -->
                      </span>
                      <br/>
                      <span>
                        <img src="passed.png" width="3%"/>
                        <a href="#" panel-name="suite-Default_suite" title="admin.AdminApiTests" class="method navigator-link" hash-for-method="testAddAdmin(user_4643, M,Gk=(_&lt;J.n4aOWd)">testAddAdmin(user_4643, M,Gk=(_<J.n4aOWd)</a> <!-- method navigator-link -->
                      </span>
                      <br/>
                      <span>
                        <img src="passed.png" width="3%"/>
                        <a href="#" panel-name="suite-Default_suite" title="admin.AdminApiTests" class="method navigator-link" hash-for-method="testAddAdmin(user_3569, 5dhhS=J7ed(:fJ^W)">testAddAdmin(user_3569, 5dhhS=J7ed(:fJ^W)</a> <!-- method navigator-link -->
                      </span>
                      <br/>
                      <span>
                        <img src="passed.png" width="3%"/>
                        <a href="#" panel-name="suite-Default_suite" title="admin.AdminApiTests" class="method navigator-link" hash-for-method="testAddAdmin(user_2176, w(B-YrrHwT)GuF[E)">testAddAdmin(user_2176, w(B-YrrHwT)GuF[E)</a> <!-- method navigator-link -->
                      </span>
                      <br/>
                      <span>
                        <img src="passed.png" width="3%"/>
                        <a href="#" panel-name="suite-Default_suite" title="admin.AdminApiTests" class="method navigator-link" hash-for-method="testAddAdmin(user_6861, B2msYU5Whg2}Z/(()">testAddAdmin(user_6861, B2msYU5Whg2}Z/(()</a> <!-- method navigator-link -->
                      </span>
                      <br/>
                      <span>
                        <img src="passed.png" width="3%"/>
                        <a href="#" panel-name="suite-Default_suite" title="admin.AdminApiTests" class="method navigator-link" hash-for-method="testAddAdmin(user_1351, L&#039;q-iEe4k/0h:E4()">testAddAdmin(user_1351, L'q-iEe4k/0h:E4()</a> <!-- method navigator-link -->
                      </span>
                      <br/>
                      <span>
                        <img src="passed.png" width="3%"/>
                        <a href="#" panel-name="suite-Default_suite" title="admin.AdminApiTests" class="method navigator-link" hash-for-method="testAddAdmin(user_6301, ^}wmgP_o&gt;|Y5FQ9D)">testAddAdmin(user_6301, ^}wmgP_o>|Y5FQ9D)</a> <!-- method navigator-link -->
                      </span>
                      <br/>
                      <span>
                        <img src="passed.png" width="3%"/>
                        <a href="#" panel-name="suite-Default_suite" title="admin.AdminApiTests" class="method navigator-link" hash-for-method="testAddAdmin(user_1757, +Dq+c4at##M4/3Dq)">testAddAdmin(user_1757, +Dq+c4at##M4/3Dq)</a> <!-- method navigator-link -->
                      </span>
                      <br/>
                      <span>
                        <img src="passed.png" width="3%"/>
                        <a href="#" panel-name="suite-Default_suite" title="admin.AdminApiTests" class="method navigator-link" hash-for-method="testAddAdmin(user_7530, #YM23NlhMbIEIiZv)">testAddAdmin(user_7530, #YM23NlhMbIEIiZv)</a> <!-- method navigator-link -->
                      </span>
                      <br/>
                      <span>
                        <img src="passed.png" width="3%"/>
                        <a href="#" panel-name="suite-Default_suite" title="admin.AdminApiTests" class="method navigator-link" hash-for-method="testAddAdmin(user_7014, +vGqKbTUF*O_^:$n)">testAddAdmin(user_7014, +vGqKbTUF*O_^:$n)</a> <!-- method navigator-link -->
                      </span>
                      <br/>
                      <span>
                        <img src="passed.png" width="3%"/>
                        <a href="#" panel-name="suite-Default_suite" title="admin.AdminApiTests" class="method navigator-link" hash-for-method="testAddAdmin(user_7738, (ZXJIGh&lt;&amp;+aMumfA)">testAddAdmin(user_7738, (ZXJIGh<&+aMumfA)</a> <!-- method navigator-link -->
                      </span>
                      <br/>
                      <span>
                        <img src="passed.png" width="3%"/>
                        <a href="#" panel-name="suite-Default_suite" title="admin.AdminApiTests" class="method navigator-link" hash-for-method="testAddAdmin(user_5336, MyeNX:`6VVX&amp;]I6R)">testAddAdmin(user_5336, MyeNX:`6VVX&]I6R)</a> <!-- method navigator-link -->
                      </span>
                      <br/>
                      <span>
                        <img src="passed.png" width="3%"/>
                        <a href="#" panel-name="suite-Default_suite" title="admin.AdminApiTests" class="method navigator-link" hash-for-method="testAddAdmin(user_9423, NWQ!1o)-iNZAf}HQ)">testAddAdmin(user_9423, NWQ!1o)-iNZAf}HQ)</a> <!-- method navigator-link -->
                      </span>
                      <br/>
                      <span>
                        <img src="passed.png" width="3%"/>
                        <a href="#" panel-name="suite-Default_suite" title="admin.AdminApiTests" class="method navigator-link" hash-for-method="testAddAdmin(user_1819, 9zuDU1#r3&amp;*[8Vxu)">testAddAdmin(user_1819, 9zuDU1#r3&*[8Vxu)</a> <!-- method navigator-link -->
                      </span>
                      <br/>
                      <span>
                        <img src="passed.png" width="3%"/>
                        <a href="#" panel-name="suite-Default_suite" title="admin.AdminApiTests" class="method navigator-link" hash-for-method="testAddAdmin(user_9221, TFXEGCD*|PG!&gt;Qc7)">testAddAdmin(user_9221, TFXEGCD*|PG!>Qc7)</a> <!-- method navigator-link -->
                      </span>
                      <br/>
                      <span>
                        <img src="passed.png" width="3%"/>
                        <a href="#" panel-name="suite-Default_suite" title="admin.AdminApiTests" class="method navigator-link" hash-for-method="testAddAdmin(user_1927, P&lt;WW6i1=^A&lt;7n~lt)">testAddAdmin(user_1927, P<WW6i1=^A<7n~lt)</a> <!-- method navigator-link -->
                      </span>
                      <br/>
                      <span>
                        <img src="passed.png" width="3%"/>
                        <a href="#" panel-name="suite-Default_suite" title="admin.AdminApiTests" class="method navigator-link" hash-for-method="testAddAdmin(user_2891, &#039;P``Q^o/$|4!4m=|)">testAddAdmin(user_2891, 'P``Q^o/$|4!4m=|)</a> <!-- method navigator-link -->
                      </span>
                      <br/>
                      <span>
                        <img src="passed.png" width="3%"/>
                        <a href="#" panel-name="suite-Default_suite" title="admin.AdminApiTests" class="method navigator-link" hash-for-method="testAddAdmin(user_2994, AE6jm},BR4%[Xk3d)">testAddAdmin(user_2994, AE6jm},BR4%[Xk3d)</a> <!-- method navigator-link -->
                      </span>
                      <br/>
                      <span>
                        <img src="passed.png" width="3%"/>
                        <a href="#" panel-name="suite-Default_suite" title="admin.AdminApiTests" class="method navigator-link" hash-for-method="testAddAdmin(user_7814, MBzo.Fk+dFZq^$H.)">testAddAdmin(user_7814, MBzo.Fk+dFZq^$H.)</a> <!-- method navigator-link -->
                      </span>
                      <br/>
                      <span>
                        <img src="passed.png" width="3%"/>
                        <a href="#" panel-name="suite-Default_suite" title="admin.AdminApiTests" class="method navigator-link" hash-for-method="testAddAdmin(user_7439, 0&lt;iwz&amp;}-p|ZphfZI)">testAddAdmin(user_7439, 0<iwz&}-p|ZphfZI)</a> <!-- method navigator-link -->
                      </span>
                      <br/>
                      <span>
                        <img src="passed.png" width="3%"/>
                        <a href="#" panel-name="suite-Default_suite" title="admin.AdminApiTests" class="method navigator-link" hash-for-method="testAddAdmin(user_1438, KZmxHCUP53*TBM~=)">testAddAdmin(user_1438, KZmxHCUP53*TBM~=)</a> <!-- method navigator-link -->
                      </span>
                      <br/>
                      <span>
                        <img src="passed.png" width="3%"/>
                        <a href="#" panel-name="suite-Default_suite" title="admin.AdminApiTests" class="method navigator-link" hash-for-method="testAddAdmin(user_1188, q+&lt;?@Z+$*VQeRa)p)">testAddAdmin(user_1188, q+<?@Z+$*VQeRa)p)</a> <!-- method navigator-link -->
                      </span>
                      <br/>
                      <span>
                        <img src="passed.png" width="3%"/>
                        <a href="#" panel-name="suite-Default_suite" title="admin.AdminApiTests" class="method navigator-link" hash-for-method="testAddAdmin(user_3217, Z&gt;f4|__S)dTfzFa=)">testAddAdmin(user_3217, Z>f4|__S)dTfzFa=)</a> <!-- method navigator-link -->
                      </span>
                      <br/>
                      <span>
                        <img src="passed.png" width="3%"/>
                        <a href="#" panel-name="suite-Default_suite" title="admin.AdminApiTests" class="method navigator-link" hash-for-method="testAddAdmin(user_3055, #&#039;C,|`NbX+]&amp;%XM`)">testAddAdmin(user_3055, #'C,|`NbX+]&%XM`)</a> <!-- method navigator-link -->
                      </span>
                      <br/>
                      <span>
                        <img src="passed.png" width="3%"/>
                        <a href="#" panel-name="suite-Default_suite" title="admin.AdminApiTests" class="method navigator-link" hash-for-method="testAddAdmin(user_1873, 1ooRvvK_Sv35C2z^)">testAddAdmin(user_1873, 1ooRvvK_Sv35C2z^)</a> <!-- method navigator-link -->
                      </span>
                      <br/>
                      <span>
                        <img src="passed.png" width="3%"/>
                        <a href="#" panel-name="suite-Default_suite" title="admin.AdminApiTests" class="method navigator-link" hash-for-method="testAddAdmin(user_6065, AC;W[;d^B],@x&gt;^z)">testAddAdmin(user_6065, AC;W[;d^B],@x>^z)</a> <!-- method navigator-link -->
                      </span>
                      <br/>
                      <span>
                        <img src="passed.png" width="3%"/>
                        <a href="#" panel-name="suite-Default_suite" title="admin.AdminApiTests" class="method navigator-link" hash-for-method="testAddAdmin(user_5187, 8K&amp;eHoiEmW4mJe?])">testAddAdmin(user_5187, 8K&eHoiEmW4mJe?])</a> <!-- method navigator-link -->
                      </span>
                      <br/>
                      <span>
                        <img src="passed.png" width="3%"/>
                        <a href="#" panel-name="suite-Default_suite" title="admin.AdminApiTests" class="method navigator-link" hash-for-method="testAdminLogin(user_6714, Bkw&lt;{&lt;4%QE1#FVqg)">testAdminLogin(user_6714, Bkw<{<4%QE1#FVqg)</a> <!-- method navigator-link -->
                      </span>
                      <br/>
                      <span>
                        <img src="passed.png" width="3%"/>
                        <a href="#" panel-name="suite-Default_suite" title="admin.AdminApiTests" class="method navigator-link" hash-for-method="testAdminLogin(user_3055, #&#039;C,|`NbX+]&amp;%XM`)">testAdminLogin(user_3055, #'C,|`NbX+]&%XM`)</a> <!-- method navigator-link -->
                      </span>
                      <br/>
                      <span>
                        <img src="passed.png" width="3%"/>
                        <a href="#" panel-name="suite-Default_suite" title="admin.AdminApiTests" class="method navigator-link" hash-for-method="testAdminLogin(user_4950, MS3@-2*JV?=9KzLd)">testAdminLogin(user_4950, MS3@-2*JV?=9KzLd)</a> <!-- method navigator-link -->
                      </span>
                      <br/>
                      <span>
                        <img src="passed.png" width="3%"/>
                        <a href="#" panel-name="suite-Default_suite" title="admin.AdminApiTests" class="method navigator-link" hash-for-method="testAdminLogin(user_7530, #YM23NlhMbIEIiZv)">testAdminLogin(user_7530, #YM23NlhMbIEIiZv)</a> <!-- method navigator-link -->
                      </span>
                      <br/>
                      <span>
                        <img src="passed.png" width="3%"/>
                        <a href="#" panel-name="suite-Default_suite" title="admin.AdminApiTests" class="method navigator-link" hash-for-method="testAdminLogin(user_1927, P&lt;WW6i1=^A&lt;7n~lt)">testAdminLogin(user_1927, P<WW6i1=^A<7n~lt)</a> <!-- method navigator-link -->
                      </span>
                      <br/>
                      <span>
                        <img src="passed.png" width="3%"/>
                        <a href="#" panel-name="suite-Default_suite" title="admin.AdminApiTests" class="method navigator-link" hash-for-method="testAdminLogin(user_6065, AC;W[;d^B],@x&gt;^z)">testAdminLogin(user_6065, AC;W[;d^B],@x>^z)</a> <!-- method navigator-link -->
                      </span>
                      <br/>
                      <span>
                        <img src="passed.png" width="3%"/>
                        <a href="#" panel-name="suite-Default_suite" title="admin.AdminApiTests" class="method navigator-link" hash-for-method="testAdminLogin(user_8290, F##3gh/?Uz7&#039;Iden)">testAdminLogin(user_8290, F##3gh/?Uz7'Iden)</a> <!-- method navigator-link -->
                      </span>
                      <br/>
                      <span>
                        <img src="passed.png" width="3%"/>
                        <a href="#" panel-name="suite-Default_suite" title="admin.AdminApiTests" class="method navigator-link" hash-for-method="testAdminLogin(user_2994, AE6jm},BR4%[Xk3d)">testAdminLogin(user_2994, AE6jm},BR4%[Xk3d)</a> <!-- method navigator-link -->
                      </span>
                      <br/>
                      <span>
                        <img src="passed.png" width="3%"/>
                        <a href="#" panel-name="suite-Default_suite" title="admin.AdminApiTests" class="method navigator-link" hash-for-method="testAdminLogin(user_7014, +vGqKbTUF*O_^:$n)">testAdminLogin(user_7014, +vGqKbTUF*O_^:$n)</a> <!-- method navigator-link -->
                      </span>
                      <br/>
                      <span>
                        <img src="passed.png" width="3%"/>
                        <a href="#" panel-name="suite-Default_suite" title="admin.AdminApiTests" class="method navigator-link" hash-for-method="testAdminLogin(user_7439, 0&lt;iwz&amp;}-p|ZphfZI)">testAdminLogin(user_7439, 0<iwz&}-p|ZphfZI)</a> <!-- method navigator-link -->
                      </span>
                      <br/>
                      <span>
                        <img src="passed.png" width="3%"/>
                        <a href="#" panel-name="suite-Default_suite" title="admin.AdminApiTests" class="method navigator-link" hash-for-method="testAdminLogin(user_6548, JS&gt;F4p5s#ZhPY87P)">testAdminLogin(user_6548, JS>F4p5s#ZhPY87P)</a> <!-- method navigator-link -->
                      </span>
                      <br/>
                      <span>
                        <img src="passed.png" width="3%"/>
                        <a href="#" panel-name="suite-Default_suite" title="admin.AdminApiTests" class="method navigator-link" hash-for-method="testAdminLogin(user_9434, ,w|=cug:v,?}(6l?)">testAdminLogin(user_9434, ,w|=cug:v,?}(6l?)</a> <!-- method navigator-link -->
                      </span>
                      <br/>
                      <span>
                        <img src="passed.png" width="3%"/>
                        <a href="#" panel-name="suite-Default_suite" title="admin.AdminApiTests" class="method navigator-link" hash-for-method="testAdminLogin(user_7424, Bdms_/G}s,YVjE&#039;7)">testAdminLogin(user_7424, Bdms_/G}s,YVjE'7)</a> <!-- method navigator-link -->
                      </span>
                      <br/>
                      <span>
                        <img src="passed.png" width="3%"/>
                        <a href="#" panel-name="suite-Default_suite" title="admin.AdminApiTests" class="method navigator-link" hash-for-method="testAdminLogin(user_3569, 5dhhS=J7ed(:fJ^W)">testAdminLogin(user_3569, 5dhhS=J7ed(:fJ^W)</a> <!-- method navigator-link -->
                      </span>
                      <br/>
                      <span>
                        <img src="passed.png" width="3%"/>
                        <a href="#" panel-name="suite-Default_suite" title="admin.AdminApiTests" class="method navigator-link" hash-for-method="testAdminLogin(user_6861, B2msYU5Whg2}Z/(()">testAdminLogin(user_6861, B2msYU5Whg2}Z/(()</a> <!-- method navigator-link -->
                      </span>
                      <br/>
                      <span>
                        <img src="passed.png" width="3%"/>
                        <a href="#" panel-name="suite-Default_suite" title="admin.AdminApiTests" class="method navigator-link" hash-for-method="testAdminLogin(user_1351, L&#039;q-iEe4k/0h:E4()">testAdminLogin(user_1351, L'q-iEe4k/0h:E4()</a> <!-- method navigator-link -->
                      </span>
                      <br/>
                      <span>
                        <img src="passed.png" width="3%"/>
                        <a href="#" panel-name="suite-Default_suite" title="admin.AdminApiTests" class="method navigator-link" hash-for-method="testAdminLogin(user_7738, (ZXJIGh&lt;&amp;+aMumfA)">testAdminLogin(user_7738, (ZXJIGh<&+aMumfA)</a> <!-- method navigator-link -->
                      </span>
                      <br/>
                      <span>
                        <img src="passed.png" width="3%"/>
                        <a href="#" panel-name="suite-Default_suite" title="admin.AdminApiTests" class="method navigator-link" hash-for-method="testAdminLogin(user_5336, MyeNX:`6VVX&amp;]I6R)">testAdminLogin(user_5336, MyeNX:`6VVX&]I6R)</a> <!-- method navigator-link -->
                      </span>
                      <br/>
                      <span>
                        <img src="passed.png" width="3%"/>
                        <a href="#" panel-name="suite-Default_suite" title="admin.AdminApiTests" class="method navigator-link" hash-for-method="testAdminLogin(user_1873, 1ooRvvK_Sv35C2z^)">testAdminLogin(user_1873, 1ooRvvK_Sv35C2z^)</a> <!-- method navigator-link -->
                      </span>
                      <br/>
                      <span>
                        <img src="passed.png" width="3%"/>
                        <a href="#" panel-name="suite-Default_suite" title="admin.AdminApiTests" class="method navigator-link" hash-for-method="testAdminLogin(user_9423, NWQ!1o)-iNZAf}HQ)">testAdminLogin(user_9423, NWQ!1o)-iNZAf}HQ)</a> <!-- method navigator-link -->
                      </span>
                      <br/>
                      <span>
                        <img src="passed.png" width="3%"/>
                        <a href="#" panel-name="suite-Default_suite" title="admin.AdminApiTests" class="method navigator-link" hash-for-method="testAdminLogin(user_4038, R[9u9jz:&amp;1u[Of^h)">testAdminLogin(user_4038, R[9u9jz:&1u[Of^h)</a> <!-- method navigator-link -->
                      </span>
                      <br/>
                      <span>
                        <img src="passed.png" width="3%"/>
                        <a href="#" panel-name="suite-Default_suite" title="admin.AdminApiTests" class="method navigator-link" hash-for-method="testAdminLogin(user_2891, &#039;P``Q^o/$|4!4m=|)">testAdminLogin(user_2891, 'P``Q^o/$|4!4m=|)</a> <!-- method navigator-link -->
                      </span>
                      <br/>
                      <span>
                        <img src="passed.png" width="3%"/>
                        <a href="#" panel-name="suite-Default_suite" title="admin.AdminApiTests" class="method navigator-link" hash-for-method="testAdminLogin(user_4078, &#039;Ag|/L2jymUs1(F[)">testAdminLogin(user_4078, 'Ag|/L2jymUs1(F[)</a> <!-- method navigator-link -->
                      </span>
                      <br/>
                      <span>
                        <img src="passed.png" width="3%"/>
                        <a href="#" panel-name="suite-Default_suite" title="admin.AdminApiTests" class="method navigator-link" hash-for-method="testAdminLogin(user_1438, KZmxHCUP53*TBM~=)">testAdminLogin(user_1438, KZmxHCUP53*TBM~=)</a> <!-- method navigator-link -->
                      </span>
                      <br/>
                      <span>
                        <img src="passed.png" width="3%"/>
                        <a href="#" panel-name="suite-Default_suite" title="admin.AdminApiTests" class="method navigator-link" hash-for-method="testAdminLogin(user_4643, M,Gk=(_&lt;J.n4aOWd)">testAdminLogin(user_4643, M,Gk=(_<J.n4aOWd)</a> <!-- method navigator-link -->
                      </span>
                      <br/>
                      <span>
                        <img src="passed.png" width="3%"/>
                        <a href="#" panel-name="suite-Default_suite" title="admin.AdminApiTests" class="method navigator-link" hash-for-method="testAdminLogin(user_1819, 9zuDU1#r3&amp;*[8Vxu)">testAdminLogin(user_1819, 9zuDU1#r3&*[8Vxu)</a> <!-- method navigator-link -->
                      </span>
                      <br/>
                      <span>
                        <img src="passed.png" width="3%"/>
                        <a href="#" panel-name="suite-Default_suite" title="admin.AdminApiTests" class="method navigator-link" hash-for-method="testAdminLogin(user_2176, w(B-YrrHwT)GuF[E)">testAdminLogin(user_2176, w(B-YrrHwT)GuF[E)</a> <!-- method navigator-link -->
                      </span>
                      <br/>
                      <span>
                        <img src="passed.png" width="3%"/>
                        <a href="#" panel-name="suite-Default_suite" title="admin.AdminApiTests" class="method navigator-link" hash-for-method="testAdminLogin(user_5942, VV0}h1ksaDs6,SSx)">testAdminLogin(user_5942, VV0}h1ksaDs6,SSx)</a> <!-- method navigator-link -->
                      </span>
                      <br/>
                      <span>
                        <img src="passed.png" width="3%"/>
                        <a href="#" panel-name="suite-Default_suite" title="admin.AdminApiTests" class="method navigator-link" hash-for-method="testAdminLogin(user_3217, Z&gt;f4|__S)dTfzFa=)">testAdminLogin(user_3217, Z>f4|__S)dTfzFa=)</a> <!-- method navigator-link -->
                      </span>
                      <br/>
                      <span>
                        <img src="passed.png" width="3%"/>
                        <a href="#" panel-name="suite-Default_suite" title="admin.AdminApiTests" class="method navigator-link" hash-for-method="testAdminLogin(user_6301, ^}wmgP_o&gt;|Y5FQ9D)">testAdminLogin(user_6301, ^}wmgP_o>|Y5FQ9D)</a> <!-- method navigator-link -->
                      </span>
                      <br/>
                      <span>
                        <img src="passed.png" width="3%"/>
                        <a href="#" panel-name="suite-Default_suite" title="admin.AdminApiTests" class="method navigator-link" hash-for-method="testAdminLogin(user_2407, &amp;Qwc]@&#039;H^{Rz&lt;:-$)">testAdminLogin(user_2407, &Qwc]@'H^{Rz<:-$)</a> <!-- method navigator-link -->
                      </span>
                      <br/>
                      <span>
                        <img src="passed.png" width="3%"/>
                        <a href="#" panel-name="suite-Default_suite" title="admin.AdminApiTests" class="method navigator-link" hash-for-method="testAdminLogin(user_6922, h%~!o@+S`ML&#039;mkM|)">testAdminLogin(user_6922, h%~!o@+S`ML'mkM|)</a> <!-- method navigator-link -->
                      </span>
                      <br/>
                      <span>
                        <img src="passed.png" width="3%"/>
                        <a href="#" panel-name="suite-Default_suite" title="admin.AdminApiTests" class="method navigator-link" hash-for-method="testAdminLogin(user_5187, 8K&amp;eHoiEmW4mJe?])">testAdminLogin(user_5187, 8K&eHoiEmW4mJe?])</a> <!-- method navigator-link -->
                      </span>
                      <br/>
                      <span>
                        <img src="passed.png" width="3%"/>
                        <a href="#" panel-name="suite-Default_suite" title="admin.AdminApiTests" class="method navigator-link" hash-for-method="testAdminLogin(user_7814, MBzo.Fk+dFZq^$H.)">testAdminLogin(user_7814, MBzo.Fk+dFZq^$H.)</a> <!-- method navigator-link -->
                      </span>
                      <br/>
                      <span>
                        <img src="passed.png" width="3%"/>
                        <a href="#" panel-name="suite-Default_suite" title="admin.AdminApiTests" class="method navigator-link" hash-for-method="testAdminLogin(user_9221, TFXEGCD*|PG!&gt;Qc7)">testAdminLogin(user_9221, TFXEGCD*|PG!>Qc7)</a> <!-- method navigator-link -->
                      </span>
                      <br/>
                      <span>
                        <img src="passed.png" width="3%"/>
                        <a href="#" panel-name="suite-Default_suite" title="admin.AdminApiTests" class="method navigator-link" hash-for-method="testAdminLogin(user_7295, c!!L)b0uME^&lt;h[,8)">testAdminLogin(user_7295, c!!L)b0uME^<h[,8)</a> <!-- method navigator-link -->
                      </span>
                      <br/>
                      <span>
                        <img src="passed.png" width="3%"/>
                        <a href="#" panel-name="suite-Default_suite" title="admin.AdminApiTests" class="method navigator-link" hash-for-method="testAdminLogin(user_1188, q+&lt;?@Z+$*VQeRa)p)">testAdminLogin(user_1188, q+<?@Z+$*VQeRa)p)</a> <!-- method navigator-link -->
                      </span>
                      <br/>
                      <span>
                        <img src="passed.png" width="3%"/>
                        <a href="#" panel-name="suite-Default_suite" title="admin.AdminApiTests" class="method navigator-link" hash-for-method="testAdminLogin(user_2055, ahQ0!;;Rup]=KXGV)">testAdminLogin(user_2055, ahQ0!;;Rup]=KXGV)</a> <!-- method navigator-link -->
                      </span>
                      <br/>
                      <span>
                        <img src="passed.png" width="3%"/>
                        <a href="#" panel-name="suite-Default_suite" title="admin.AdminApiTests" class="method navigator-link" hash-for-method="testAdminLogin(user_5994, 0mHW[!;_!F1YnMjy)">testAdminLogin(user_5994, 0mHW[!;_!F1YnMjy)</a> <!-- method navigator-link -->
                      </span>
                      <br/>
                      <span>
                        <img src="passed.png" width="3%"/>
                        <a href="#" panel-name="suite-Default_suite" title="admin.AdminApiTests" class="method navigator-link" hash-for-method="testAdminLogin(user_1757, +Dq+c4at##M4/3Dq)">testAdminLogin(user_1757, +Dq+c4at##M4/3Dq)</a> <!-- method navigator-link -->
                      </span>
                      <br/>
                    </div> <!-- method-list-content passed suite-Default_suite -->
                  </li>
                </ul>
              </div> <!-- suite-section-content -->
            </div> <!-- result-section -->
          </div> <!-- navigator-suite-content -->
        </div> <!-- rounded-window -->
      </div> <!-- suite -->
    </div> <!-- navigator-root -->
    <div class="wrapper">
      <div class="main-panel-root">
        <div panel-name="suite-Default_suite" class="panel Default_suite">
          <div class="suite-Default_suite-class-failed">
            <div class="main-panel-header rounded-window-top">
              <img src="failed.png"/>
              <span class="class-name">admin.AdminApiTests</span>
            </div> <!-- main-panel-header rounded-window-top -->
            <div class="main-panel-content rounded-window-bottom">
              <div class="method">
                <div class="method-content">
                  <a name="testAddAdmin(user_5222, \LIY(jJ(&#039;f4zq:/#)">
                  </a> <!-- testAddAdmin(user_5222, \LIY(jJ('f4zq:/#) -->
                  <span class="method-name">testAddAdmin</span>
                  <span class="parameters">(user_5222,\LIY(jJ('f4zq:/#)</span>
                  <div class="stack-trace">java.lang.AssertionError: 1 expectation failed.
Expected status code &lt;201&gt; but was &lt;400&gt;.

	at java.base/jdk.internal.reflect.DirectConstructorHandleAccessor.newInstance(DirectConstructorHandleAccessor.java:62)
	at java.base/java.lang.reflect.Constructor.newInstanceWithCaller(Constructor.java:502)
	at java.base/java.lang.reflect.Constructor.newInstance(Constructor.java:486)
	at org.codehaus.groovy.reflection.CachedConstructor.invoke(CachedConstructor.java:73)
	at org.codehaus.groovy.runtime.callsite.ConstructorSite$ConstructorSiteNoUnwrapNoCoerce.callConstructor(ConstructorSite.java:108)
	at org.codehaus.groovy.runtime.callsite.AbstractCallSite.callConstructor(AbstractCallSite.java:277)
	at io.restassured.internal.ResponseSpecificationImpl$HamcrestAssertionClosure.validate(ResponseSpecificationImpl.groovy:512)
	at io.restassured.internal.ResponseSpecificationImpl$HamcrestAssertionClosure$validate$1.call(Unknown Source)
	at io.restassured.internal.ResponseSpecificationImpl.validateResponseIfRequired(ResponseSpecificationImpl.groovy:696)
	at io.restassured.internal.ResponseSpecificationImpl.this$2$validateResponseIfRequired(ResponseSpecificationImpl.groovy)
	at java.base/jdk.internal.reflect.DirectMethodHandleAccessor.invoke(DirectMethodHandleAccessor.java:103)
	at java.base/java.lang.reflect.Method.invoke(Method.java:580)
	at org.codehaus.groovy.runtime.callsite.PlainObjectMetaMethodSite.doInvoke(PlainObjectMetaMethodSite.java:43)
	at org.codehaus.groovy.runtime.callsite.PogoMetaMethodSite$PogoCachedMethodSiteNoUnwrapNoCoerce.invoke(PogoMetaMethodSite.java:198)
	at org.codehaus.groovy.runtime.callsite.PogoMetaMethodSite.callCurrent(PogoMetaMethodSite.java:62)
	at org.codehaus.groovy.runtime.callsite.AbstractCallSite.callCurrent(AbstractCallSite.java:185)
	at io.restassured.internal.ResponseSpecificationImpl.statusCode(ResponseSpecificationImpl.groovy:135)
	at io.restassured.specification.ResponseSpecification$statusCode$0.callCurrent(Unknown Source)
	at io.restassured.internal.ResponseSpecificationImpl.statusCode(ResponseSpecificationImpl.groovy:143)
	at io.restassured.internal.ValidatableResponseOptionsImpl.statusCode(ValidatableResponseOptionsImpl.java:89)
	at admin.AdminApiTests.testAddAdmin(AdminApiTests.java:48)
	at java.base/jdk.internal.reflect.DirectMethodHandleAccessor.invoke(DirectMethodHandleAccessor.java:103)
	at java.base/java.lang.reflect.Method.invoke(Method.java:580)
	at org.testng.internal.invokers.MethodInvocationHelper.invokeMethod(MethodInvocationHelper.java:139)
	at org.testng.internal.invokers.TestInvoker.invokeMethod(TestInvoker.java:664)
	at org.testng.internal.invokers.TestInvoker.invokeTestMethod(TestInvoker.java:227)
	at org.testng.internal.invokers.MethodRunner.runInSequence(MethodRunner.java:50)
	at org.testng.internal.invokers.TestInvoker$MethodInvocationAgent.invoke(TestInvoker.java:957)
	at org.testng.internal.invokers.TestInvoker.invokeTestMethods(TestInvoker.java:200)
	at org.testng.internal.invokers.TestMethodWorker.invokeTestMethods(TestMethodWorker.java:148)
	at org.testng.internal.invokers.TestMethodWorker.run(TestMethodWorker.java:128)
	at java.base/java.util.ArrayList.forEach(ArrayList.java:1596)
	at org.testng.TestRunner.privateRun(TestRunner.java:848)
	at org.testng.TestRunner.run(TestRunner.java:621)
	at org.testng.SuiteRunner.runTest(SuiteRunner.java:443)
	at org.testng.SuiteRunner.runSequentially(SuiteRunner.java:437)
	at org.testng.SuiteRunner.privateRun(SuiteRunner.java:397)
	at org.testng.SuiteRunner.run(SuiteRunner.java:336)
	at org.testng.SuiteRunnerWorker.runSuite(SuiteRunnerWorker.java:52)
	at org.testng.SuiteRunnerWorker.run(SuiteRunnerWorker.java:95)
	at org.testng.TestNG.runSuitesSequentially(TestNG.java:1280)
	at org.testng.TestNG.runSuitesLocally(TestNG.java:1200)
	at org.testng.TestNG.runSuites(TestNG.java:1114)
	at org.testng.TestNG.run(TestNG.java:1082)
	at org.testng.remote.AbstractRemoteTestNG.run(AbstractRemoteTestNG.java:115)
	at org.testng.remote.RemoteTestNG.initAndRun(RemoteTestNG.java:293)
	at org.testng.remote.RemoteTestNG.main(RemoteTestNG.java:91)

</div> <!-- stack-trace -->
                </div> <!-- method-content -->
              </div> <!-- method -->
              <div class="method">
                <div class="method-content">
                  <a name="testAddAdmin(user_4040, kxW(uI4w{(&gt;\R:&#039;g)">
                  </a> <!-- testAddAdmin(user_4040, kxW(uI4w{(>\R:'g) -->
                  <span class="method-name">testAddAdmin</span>
                  <span class="parameters">(user_4040,kxW(uI4w{(>\R:'g)</span>
                  <div class="stack-trace">java.lang.AssertionError: 1 expectation failed.
Expected status code &lt;201&gt; but was &lt;400&gt;.

	at java.base/jdk.internal.reflect.DirectConstructorHandleAccessor.newInstance(DirectConstructorHandleAccessor.java:62)
	at java.base/java.lang.reflect.Constructor.newInstanceWithCaller(Constructor.java:502)
	at java.base/java.lang.reflect.Constructor.newInstance(Constructor.java:486)
	at org.codehaus.groovy.reflection.CachedConstructor.invoke(CachedConstructor.java:73)
	at org.codehaus.groovy.runtime.callsite.ConstructorSite$ConstructorSiteNoUnwrapNoCoerce.callConstructor(ConstructorSite.java:108)
	at org.codehaus.groovy.runtime.callsite.AbstractCallSite.callConstructor(AbstractCallSite.java:277)
	at io.restassured.internal.ResponseSpecificationImpl$HamcrestAssertionClosure.validate(ResponseSpecificationImpl.groovy:512)
	at io.restassured.internal.ResponseSpecificationImpl$HamcrestAssertionClosure$validate$1.call(Unknown Source)
	at io.restassured.internal.ResponseSpecificationImpl.validateResponseIfRequired(ResponseSpecificationImpl.groovy:696)
	at io.restassured.internal.ResponseSpecificationImpl.this$2$validateResponseIfRequired(ResponseSpecificationImpl.groovy)
	at java.base/jdk.internal.reflect.DirectMethodHandleAccessor.invoke(DirectMethodHandleAccessor.java:103)
	at java.base/java.lang.reflect.Method.invoke(Method.java:580)
	at org.codehaus.groovy.runtime.callsite.PlainObjectMetaMethodSite.doInvoke(PlainObjectMetaMethodSite.java:43)
	at org.codehaus.groovy.runtime.callsite.PogoMetaMethodSite$PogoCachedMethodSiteNoUnwrapNoCoerce.invoke(PogoMetaMethodSite.java:198)
	at org.codehaus.groovy.runtime.callsite.PogoMetaMethodSite.callCurrent(PogoMetaMethodSite.java:62)
	at org.codehaus.groovy.runtime.callsite.AbstractCallSite.callCurrent(AbstractCallSite.java:185)
	at io.restassured.internal.ResponseSpecificationImpl.statusCode(ResponseSpecificationImpl.groovy:135)
	at io.restassured.specification.ResponseSpecification$statusCode$0.callCurrent(Unknown Source)
	at io.restassured.internal.ResponseSpecificationImpl.statusCode(ResponseSpecificationImpl.groovy:143)
	at io.restassured.internal.ValidatableResponseOptionsImpl.statusCode(ValidatableResponseOptionsImpl.java:89)
	at admin.AdminApiTests.testAddAdmin(AdminApiTests.java:48)
	at java.base/jdk.internal.reflect.DirectMethodHandleAccessor.invoke(DirectMethodHandleAccessor.java:103)
	at java.base/java.lang.reflect.Method.invoke(Method.java:580)
	at org.testng.internal.invokers.MethodInvocationHelper.invokeMethod(MethodInvocationHelper.java:139)
	at org.testng.internal.invokers.TestInvoker.invokeMethod(TestInvoker.java:664)
	at org.testng.internal.invokers.TestInvoker.invokeTestMethod(TestInvoker.java:227)
	at org.testng.internal.invokers.MethodRunner.runInSequence(MethodRunner.java:50)
	at org.testng.internal.invokers.TestInvoker$MethodInvocationAgent.invoke(TestInvoker.java:957)
	at org.testng.internal.invokers.TestInvoker.invokeTestMethods(TestInvoker.java:200)
	at org.testng.internal.invokers.TestMethodWorker.invokeTestMethods(TestMethodWorker.java:148)
	at org.testng.internal.invokers.TestMethodWorker.run(TestMethodWorker.java:128)
	at java.base/java.util.ArrayList.forEach(ArrayList.java:1596)
	at org.testng.TestRunner.privateRun(TestRunner.java:848)
	at org.testng.TestRunner.run(TestRunner.java:621)
	at org.testng.SuiteRunner.runTest(SuiteRunner.java:443)
	at org.testng.SuiteRunner.runSequentially(SuiteRunner.java:437)
	at org.testng.SuiteRunner.privateRun(SuiteRunner.java:397)
	at org.testng.SuiteRunner.run(SuiteRunner.java:336)
	at org.testng.SuiteRunnerWorker.runSuite(SuiteRunnerWorker.java:52)
	at org.testng.SuiteRunnerWorker.run(SuiteRunnerWorker.java:95)
	at org.testng.TestNG.runSuitesSequentially(TestNG.java:1280)
	at org.testng.TestNG.runSuitesLocally(TestNG.java:1200)
	at org.testng.TestNG.runSuites(TestNG.java:1114)
	at org.testng.TestNG.run(TestNG.java:1082)
	at org.testng.remote.AbstractRemoteTestNG.run(AbstractRemoteTestNG.java:115)
	at org.testng.remote.RemoteTestNG.initAndRun(RemoteTestNG.java:293)
	at org.testng.remote.RemoteTestNG.main(RemoteTestNG.java:91)

</div> <!-- stack-trace -->
                </div> <!-- method-content -->
              </div> <!-- method -->
              <div class="method">
                <div class="method-content">
                  <a name="testAddAdmin(user_9787, -fo4Od[&amp;(HKcv\Ap)">
                  </a> <!-- testAddAdmin(user_9787, -fo4Od[&(HKcv\Ap) -->
                  <span class="method-name">testAddAdmin</span>
                  <span class="parameters">(user_9787,-fo4Od[&(HKcv\Ap)</span>
                  <div class="stack-trace">java.lang.AssertionError: 1 expectation failed.
Expected status code &lt;201&gt; but was &lt;400&gt;.

	at java.base/jdk.internal.reflect.DirectConstructorHandleAccessor.newInstance(DirectConstructorHandleAccessor.java:62)
	at java.base/java.lang.reflect.Constructor.newInstanceWithCaller(Constructor.java:502)
	at java.base/java.lang.reflect.Constructor.newInstance(Constructor.java:486)
	at org.codehaus.groovy.reflection.CachedConstructor.invoke(CachedConstructor.java:73)
	at org.codehaus.groovy.runtime.callsite.ConstructorSite$ConstructorSiteNoUnwrapNoCoerce.callConstructor(ConstructorSite.java:108)
	at org.codehaus.groovy.runtime.callsite.AbstractCallSite.callConstructor(AbstractCallSite.java:277)
	at io.restassured.internal.ResponseSpecificationImpl$HamcrestAssertionClosure.validate(ResponseSpecificationImpl.groovy:512)
	at io.restassured.internal.ResponseSpecificationImpl$HamcrestAssertionClosure$validate$1.call(Unknown Source)
	at io.restassured.internal.ResponseSpecificationImpl.validateResponseIfRequired(ResponseSpecificationImpl.groovy:696)
	at io.restassured.internal.ResponseSpecificationImpl.this$2$validateResponseIfRequired(ResponseSpecificationImpl.groovy)
	at java.base/jdk.internal.reflect.DirectMethodHandleAccessor.invoke(DirectMethodHandleAccessor.java:103)
	at java.base/java.lang.reflect.Method.invoke(Method.java:580)
	at org.codehaus.groovy.runtime.callsite.PlainObjectMetaMethodSite.doInvoke(PlainObjectMetaMethodSite.java:43)
	at org.codehaus.groovy.runtime.callsite.PogoMetaMethodSite$PogoCachedMethodSiteNoUnwrapNoCoerce.invoke(PogoMetaMethodSite.java:198)
	at org.codehaus.groovy.runtime.callsite.PogoMetaMethodSite.callCurrent(PogoMetaMethodSite.java:62)
	at org.codehaus.groovy.runtime.callsite.AbstractCallSite.callCurrent(AbstractCallSite.java:185)
	at io.restassured.internal.ResponseSpecificationImpl.statusCode(ResponseSpecificationImpl.groovy:135)
	at io.restassured.specification.ResponseSpecification$statusCode$0.callCurrent(Unknown Source)
	at io.restassured.internal.ResponseSpecificationImpl.statusCode(ResponseSpecificationImpl.groovy:143)
	at io.restassured.internal.ValidatableResponseOptionsImpl.statusCode(ValidatableResponseOptionsImpl.java:89)
	at admin.AdminApiTests.testAddAdmin(AdminApiTests.java:48)
	at java.base/jdk.internal.reflect.DirectMethodHandleAccessor.invoke(DirectMethodHandleAccessor.java:103)
	at java.base/java.lang.reflect.Method.invoke(Method.java:580)
	at org.testng.internal.invokers.MethodInvocationHelper.invokeMethod(MethodInvocationHelper.java:139)
	at org.testng.internal.invokers.TestInvoker.invokeMethod(TestInvoker.java:664)
	at org.testng.internal.invokers.TestInvoker.invokeTestMethod(TestInvoker.java:227)
	at org.testng.internal.invokers.MethodRunner.runInSequence(MethodRunner.java:50)
	at org.testng.internal.invokers.TestInvoker$MethodInvocationAgent.invoke(TestInvoker.java:957)
	at org.testng.internal.invokers.TestInvoker.invokeTestMethods(TestInvoker.java:200)
	at org.testng.internal.invokers.TestMethodWorker.invokeTestMethods(TestMethodWorker.java:148)
	at org.testng.internal.invokers.TestMethodWorker.run(TestMethodWorker.java:128)
	at java.base/java.util.ArrayList.forEach(ArrayList.java:1596)
	at org.testng.TestRunner.privateRun(TestRunner.java:848)
	at org.testng.TestRunner.run(TestRunner.java:621)
	at org.testng.SuiteRunner.runTest(SuiteRunner.java:443)
	at org.testng.SuiteRunner.runSequentially(SuiteRunner.java:437)
	at org.testng.SuiteRunner.privateRun(SuiteRunner.java:397)
	at org.testng.SuiteRunner.run(SuiteRunner.java:336)
	at org.testng.SuiteRunnerWorker.runSuite(SuiteRunnerWorker.java:52)
	at org.testng.SuiteRunnerWorker.run(SuiteRunnerWorker.java:95)
	at org.testng.TestNG.runSuitesSequentially(TestNG.java:1280)
	at org.testng.TestNG.runSuitesLocally(TestNG.java:1200)
	at org.testng.TestNG.runSuites(TestNG.java:1114)
	at org.testng.TestNG.run(TestNG.java:1082)
	at org.testng.remote.AbstractRemoteTestNG.run(AbstractRemoteTestNG.java:115)
	at org.testng.remote.RemoteTestNG.initAndRun(RemoteTestNG.java:293)
	at org.testng.remote.RemoteTestNG.main(RemoteTestNG.java:91)

</div> <!-- stack-trace -->
                </div> <!-- method-content -->
              </div> <!-- method -->
              <div class="method">
                <div class="method-content">
                  <a name="testAddAdmin(user_9625, \LIY(jJ(&#039;f3zq@/#)">
                  </a> <!-- testAddAdmin(user_9625, \LIY(jJ('f3zq@/#) -->
                  <span class="method-name">testAddAdmin</span>
                  <span class="parameters">(user_9625,\LIY(jJ('f3zq@/#)</span>
                  <div class="stack-trace">java.lang.AssertionError: 1 expectation failed.
Expected status code &lt;201&gt; but was &lt;400&gt;.

	at java.base/jdk.internal.reflect.DirectConstructorHandleAccessor.newInstance(DirectConstructorHandleAccessor.java:62)
	at java.base/java.lang.reflect.Constructor.newInstanceWithCaller(Constructor.java:502)
	at java.base/java.lang.reflect.Constructor.newInstance(Constructor.java:486)
	at org.codehaus.groovy.reflection.CachedConstructor.invoke(CachedConstructor.java:73)
	at org.codehaus.groovy.runtime.callsite.ConstructorSite$ConstructorSiteNoUnwrapNoCoerce.callConstructor(ConstructorSite.java:108)
	at org.codehaus.groovy.runtime.callsite.AbstractCallSite.callConstructor(AbstractCallSite.java:277)
	at io.restassured.internal.ResponseSpecificationImpl$HamcrestAssertionClosure.validate(ResponseSpecificationImpl.groovy:512)
	at io.restassured.internal.ResponseSpecificationImpl$HamcrestAssertionClosure$validate$1.call(Unknown Source)
	at io.restassured.internal.ResponseSpecificationImpl.validateResponseIfRequired(ResponseSpecificationImpl.groovy:696)
	at io.restassured.internal.ResponseSpecificationImpl.this$2$validateResponseIfRequired(ResponseSpecificationImpl.groovy)
	at java.base/jdk.internal.reflect.DirectMethodHandleAccessor.invoke(DirectMethodHandleAccessor.java:103)
	at java.base/java.lang.reflect.Method.invoke(Method.java:580)
	at org.codehaus.groovy.runtime.callsite.PlainObjectMetaMethodSite.doInvoke(PlainObjectMetaMethodSite.java:43)
	at org.codehaus.groovy.runtime.callsite.PogoMetaMethodSite$PogoCachedMethodSiteNoUnwrapNoCoerce.invoke(PogoMetaMethodSite.java:198)
	at org.codehaus.groovy.runtime.callsite.PogoMetaMethodSite.callCurrent(PogoMetaMethodSite.java:62)
	at org.codehaus.groovy.runtime.callsite.AbstractCallSite.callCurrent(AbstractCallSite.java:185)
	at io.restassured.internal.ResponseSpecificationImpl.statusCode(ResponseSpecificationImpl.groovy:135)
	at io.restassured.specification.ResponseSpecification$statusCode$0.callCurrent(Unknown Source)
	at io.restassured.internal.ResponseSpecificationImpl.statusCode(ResponseSpecificationImpl.groovy:143)
	at io.restassured.internal.ValidatableResponseOptionsImpl.statusCode(ValidatableResponseOptionsImpl.java:89)
	at admin.AdminApiTests.testAddAdmin(AdminApiTests.java:48)
	at java.base/jdk.internal.reflect.DirectMethodHandleAccessor.invoke(DirectMethodHandleAccessor.java:103)
	at java.base/java.lang.reflect.Method.invoke(Method.java:580)
	at org.testng.internal.invokers.MethodInvocationHelper.invokeMethod(MethodInvocationHelper.java:139)
	at org.testng.internal.invokers.TestInvoker.invokeMethod(TestInvoker.java:664)
	at org.testng.internal.invokers.TestInvoker.invokeTestMethod(TestInvoker.java:227)
	at org.testng.internal.invokers.MethodRunner.runInSequence(MethodRunner.java:50)
	at org.testng.internal.invokers.TestInvoker$MethodInvocationAgent.invoke(TestInvoker.java:957)
	at org.testng.internal.invokers.TestInvoker.invokeTestMethods(TestInvoker.java:200)
	at org.testng.internal.invokers.TestMethodWorker.invokeTestMethods(TestMethodWorker.java:148)
	at org.testng.internal.invokers.TestMethodWorker.run(TestMethodWorker.java:128)
	at java.base/java.util.ArrayList.forEach(ArrayList.java:1596)
	at org.testng.TestRunner.privateRun(TestRunner.java:848)
	at org.testng.TestRunner.run(TestRunner.java:621)
	at org.testng.SuiteRunner.runTest(SuiteRunner.java:443)
	at org.testng.SuiteRunner.runSequentially(SuiteRunner.java:437)
	at org.testng.SuiteRunner.privateRun(SuiteRunner.java:397)
	at org.testng.SuiteRunner.run(SuiteRunner.java:336)
	at org.testng.SuiteRunnerWorker.runSuite(SuiteRunnerWorker.java:52)
	at org.testng.SuiteRunnerWorker.run(SuiteRunnerWorker.java:95)
	at org.testng.TestNG.runSuitesSequentially(TestNG.java:1280)
	at org.testng.TestNG.runSuitesLocally(TestNG.java:1200)
	at org.testng.TestNG.runSuites(TestNG.java:1114)
	at org.testng.TestNG.run(TestNG.java:1082)
	at org.testng.remote.AbstractRemoteTestNG.run(AbstractRemoteTestNG.java:115)
	at org.testng.remote.RemoteTestNG.initAndRun(RemoteTestNG.java:293)
	at org.testng.remote.RemoteTestNG.main(RemoteTestNG.java:91)

</div> <!-- stack-trace -->
                </div> <!-- method-content -->
              </div> <!-- method -->
              <div class="method">
                <div class="method-content">
                  <a name="testAddAdmin(user_3462, xGv&quot;x]\BJz7&gt;eLFV)">
                  </a> <!-- testAddAdmin(user_3462, xGv"x]\BJz7>eLFV) -->
                  <span class="method-name">testAddAdmin</span>
                  <span class="parameters">(user_3462,xGv"x]\BJz7>eLFV)</span>
                  <div class="stack-trace">java.lang.AssertionError: 1 expectation failed.
Expected status code &lt;201&gt; but was &lt;400&gt;.

	at java.base/jdk.internal.reflect.DirectConstructorHandleAccessor.newInstance(DirectConstructorHandleAccessor.java:62)
	at java.base/java.lang.reflect.Constructor.newInstanceWithCaller(Constructor.java:502)
	at java.base/java.lang.reflect.Constructor.newInstance(Constructor.java:486)
	at org.codehaus.groovy.reflection.CachedConstructor.invoke(CachedConstructor.java:73)
	at org.codehaus.groovy.runtime.callsite.ConstructorSite$ConstructorSiteNoUnwrapNoCoerce.callConstructor(ConstructorSite.java:108)
	at org.codehaus.groovy.runtime.callsite.AbstractCallSite.callConstructor(AbstractCallSite.java:277)
	at io.restassured.internal.ResponseSpecificationImpl$HamcrestAssertionClosure.validate(ResponseSpecificationImpl.groovy:512)
	at io.restassured.internal.ResponseSpecificationImpl$HamcrestAssertionClosure$validate$1.call(Unknown Source)
	at io.restassured.internal.ResponseSpecificationImpl.validateResponseIfRequired(ResponseSpecificationImpl.groovy:696)
	at io.restassured.internal.ResponseSpecificationImpl.this$2$validateResponseIfRequired(ResponseSpecificationImpl.groovy)
	at java.base/jdk.internal.reflect.DirectMethodHandleAccessor.invoke(DirectMethodHandleAccessor.java:103)
	at java.base/java.lang.reflect.Method.invoke(Method.java:580)
	at org.codehaus.groovy.runtime.callsite.PlainObjectMetaMethodSite.doInvoke(PlainObjectMetaMethodSite.java:43)
	at org.codehaus.groovy.runtime.callsite.PogoMetaMethodSite$PogoCachedMethodSiteNoUnwrapNoCoerce.invoke(PogoMetaMethodSite.java:198)
	at org.codehaus.groovy.runtime.callsite.PogoMetaMethodSite.callCurrent(PogoMetaMethodSite.java:62)
	at org.codehaus.groovy.runtime.callsite.AbstractCallSite.callCurrent(AbstractCallSite.java:185)
	at io.restassured.internal.ResponseSpecificationImpl.statusCode(ResponseSpecificationImpl.groovy:135)
	at io.restassured.specification.ResponseSpecification$statusCode$0.callCurrent(Unknown Source)
	at io.restassured.internal.ResponseSpecificationImpl.statusCode(ResponseSpecificationImpl.groovy:143)
	at io.restassured.internal.ValidatableResponseOptionsImpl.statusCode(ValidatableResponseOptionsImpl.java:89)
	at admin.AdminApiTests.testAddAdmin(AdminApiTests.java:48)
	at java.base/jdk.internal.reflect.DirectMethodHandleAccessor.invoke(DirectMethodHandleAccessor.java:103)
	at java.base/java.lang.reflect.Method.invoke(Method.java:580)
	at org.testng.internal.invokers.MethodInvocationHelper.invokeMethod(MethodInvocationHelper.java:139)
	at org.testng.internal.invokers.TestInvoker.invokeMethod(TestInvoker.java:664)
	at org.testng.internal.invokers.TestInvoker.invokeTestMethod(TestInvoker.java:227)
	at org.testng.internal.invokers.MethodRunner.runInSequence(MethodRunner.java:50)
	at org.testng.internal.invokers.TestInvoker$MethodInvocationAgent.invoke(TestInvoker.java:957)
	at org.testng.internal.invokers.TestInvoker.invokeTestMethods(TestInvoker.java:200)
	at org.testng.internal.invokers.TestMethodWorker.invokeTestMethods(TestMethodWorker.java:148)
	at org.testng.internal.invokers.TestMethodWorker.run(TestMethodWorker.java:128)
	at java.base/java.util.ArrayList.forEach(ArrayList.java:1596)
	at org.testng.TestRunner.privateRun(TestRunner.java:848)
	at org.testng.TestRunner.run(TestRunner.java:621)
	at org.testng.SuiteRunner.runTest(SuiteRunner.java:443)
	at org.testng.SuiteRunner.runSequentially(SuiteRunner.java:437)
	at org.testng.SuiteRunner.privateRun(SuiteRunner.java:397)
	at org.testng.SuiteRunner.run(SuiteRunner.java:336)
	at org.testng.SuiteRunnerWorker.runSuite(SuiteRunnerWorker.java:52)
	at org.testng.SuiteRunnerWorker.run(SuiteRunnerWorker.java:95)
	at org.testng.TestNG.runSuitesSequentially(TestNG.java:1280)
	at org.testng.TestNG.runSuitesLocally(TestNG.java:1200)
	at org.testng.TestNG.runSuites(TestNG.java:1114)
	at org.testng.TestNG.run(TestNG.java:1082)
	at org.testng.remote.AbstractRemoteTestNG.run(AbstractRemoteTestNG.java:115)
	at org.testng.remote.RemoteTestNG.initAndRun(RemoteTestNG.java:293)
	at org.testng.remote.RemoteTestNG.main(RemoteTestNG.java:91)

</div> <!-- stack-trace -->
                </div> <!-- method-content -->
              </div> <!-- method -->
              <div class="method">
                <div class="method-content">
                  <a name="testAddAdmin(user_1401, d#&lt;aM*,i{Sue\Do\)">
                  </a> <!-- testAddAdmin(user_1401, d#<aM*,i{Sue\Do\) -->
                  <span class="method-name">testAddAdmin</span>
                  <span class="parameters">(user_1401,d#<aM*,i{Sue\Do\)</span>
                  <div class="stack-trace">java.lang.AssertionError: 1 expectation failed.
Expected status code &lt;201&gt; but was &lt;400&gt;.

	at java.base/jdk.internal.reflect.DirectConstructorHandleAccessor.newInstance(DirectConstructorHandleAccessor.java:62)
	at java.base/java.lang.reflect.Constructor.newInstanceWithCaller(Constructor.java:502)
	at java.base/java.lang.reflect.Constructor.newInstance(Constructor.java:486)
	at org.codehaus.groovy.reflection.CachedConstructor.invoke(CachedConstructor.java:73)
	at org.codehaus.groovy.runtime.callsite.ConstructorSite$ConstructorSiteNoUnwrapNoCoerce.callConstructor(ConstructorSite.java:108)
	at org.codehaus.groovy.runtime.callsite.CallSiteArray.defaultCallConstructor(CallSiteArray.java:57)
	at org.codehaus.groovy.runtime.callsite.AbstractCallSite.callConstructor(AbstractCallSite.java:263)
	at org.codehaus.groovy.runtime.callsite.AbstractCallSite.callConstructor(AbstractCallSite.java:277)
	at io.restassured.internal.ResponseSpecificationImpl$HamcrestAssertionClosure.validate(ResponseSpecificationImpl.groovy:512)
	at io.restassured.internal.ResponseSpecificationImpl$HamcrestAssertionClosure$validate$1.call(Unknown Source)
	at org.codehaus.groovy.runtime.callsite.CallSiteArray.defaultCall(CallSiteArray.java:45)
	at org.codehaus.groovy.runtime.callsite.AbstractCallSite.call(AbstractCallSite.java:125)
	at org.codehaus.groovy.runtime.callsite.AbstractCallSite.call(AbstractCallSite.java:139)
	at io.restassured.internal.ResponseSpecificationImpl.validateResponseIfRequired(ResponseSpecificationImpl.groovy:696)
	at io.restassured.internal.ResponseSpecificationImpl.this$2$validateResponseIfRequired(ResponseSpecificationImpl.groovy)
	at java.base/jdk.internal.reflect.DirectMethodHandleAccessor.invoke(DirectMethodHandleAccessor.java:103)
	at java.base/java.lang.reflect.Method.invoke(Method.java:580)
	at org.codehaus.groovy.runtime.callsite.PlainObjectMetaMethodSite.doInvoke(PlainObjectMetaMethodSite.java:43)
	at org.codehaus.groovy.runtime.callsite.PogoMetaMethodSite$PogoCachedMethodSiteNoUnwrapNoCoerce.invoke(PogoMetaMethodSite.java:198)
	at org.codehaus.groovy.runtime.callsite.PogoMetaMethodSite.callCurrent(PogoMetaMethodSite.java:62)
	at org.codehaus.groovy.runtime.callsite.CallSiteArray.defaultCallCurrent(CallSiteArray.java:49)
	at org.codehaus.groovy.runtime.callsite.AbstractCallSite.callCurrent(AbstractCallSite.java:171)
	at org.codehaus.groovy.runtime.callsite.AbstractCallSite.callCurrent(AbstractCallSite.java:185)
	at io.restassured.internal.ResponseSpecificationImpl.statusCode(ResponseSpecificationImpl.groovy:135)
	at io.restassured.specification.ResponseSpecification$statusCode$0.callCurrent(Unknown Source)
	at org.codehaus.groovy.runtime.callsite.CallSiteArray.defaultCallCurrent(CallSiteArray.java:49)
	at org.codehaus.groovy.runtime.callsite.AbstractCallSite.callCurrent(AbstractCallSite.java:171)
	at org.codehaus.groovy.runtime.callsite.AbstractCallSite.callCurrent(AbstractCallSite.java:185)
	at io.restassured.internal.ResponseSpecificationImpl.statusCode(ResponseSpecificationImpl.groovy:143)
	at io.restassured.internal.ValidatableResponseOptionsImpl.statusCode(ValidatableResponseOptionsImpl.java:89)
	at admin.AdminApiTests.testAddAdmin(AdminApiTests.java:48)
	at java.base/jdk.internal.reflect.DirectMethodHandleAccessor.invoke(DirectMethodHandleAccessor.java:103)
	at java.base/java.lang.reflect.Method.invoke(Method.java:580)
	at org.testng.internal.invokers.MethodInvocationHelper.invokeMethod(MethodInvocationHelper.java:139)
	at org.testng.internal.invokers.TestInvoker.invokeMethod(TestInvoker.java:664)
	at org.testng.internal.invokers.TestInvoker.invokeTestMethod(TestInvoker.java:227)
	at org.testng.internal.invokers.MethodRunner.runInSequence(MethodRunner.java:50)
	at org.testng.internal.invokers.TestInvoker$MethodInvocationAgent.invoke(TestInvoker.java:957)
	at org.testng.internal.invokers.TestInvoker.invokeTestMethods(TestInvoker.java:200)
	at org.testng.internal.invokers.TestMethodWorker.invokeTestMethods(TestMethodWorker.java:148)
	at org.testng.internal.invokers.TestMethodWorker.run(TestMethodWorker.java:128)
	at java.base/java.util.ArrayList.forEach(ArrayList.java:1596)
	at org.testng.TestRunner.privateRun(TestRunner.java:848)
	at org.testng.TestRunner.run(TestRunner.java:621)
	at org.testng.SuiteRunner.runTest(SuiteRunner.java:443)
	at org.testng.SuiteRunner.runSequentially(SuiteRunner.java:437)
	at org.testng.SuiteRunner.privateRun(SuiteRunner.java:397)
	at org.testng.SuiteRunner.run(SuiteRunner.java:336)
	at org.testng.SuiteRunnerWorker.runSuite(SuiteRunnerWorker.java:52)
	at org.testng.SuiteRunnerWorker.run(SuiteRunnerWorker.java:95)
	at org.testng.TestNG.runSuitesSequentially(TestNG.java:1280)
	at org.testng.TestNG.runSuitesLocally(TestNG.java:1200)
	at org.testng.TestNG.runSuites(TestNG.java:1114)
	at org.testng.TestNG.run(TestNG.java:1082)
	at org.testng.remote.AbstractRemoteTestNG.run(AbstractRemoteTestNG.java:115)
	at org.testng.remote.RemoteTestNG.initAndRun(RemoteTestNG.java:293)
	at org.testng.remote.RemoteTestNG.main(RemoteTestNG.java:91)

</div> <!-- stack-trace -->
                </div> <!-- method-content -->
              </div> <!-- method -->
              <div class="method">
                <div class="method-content">
                  <a name="testAddAdmin(user_9667, v}e&lt;YKekpA&quot;Q1A&gt;u)">
                  </a> <!-- testAddAdmin(user_9667, v}e<YKekpA"Q1A>u) -->
                  <span class="method-name">testAddAdmin</span>
                  <span class="parameters">(user_9667,v}e<YKekpA"Q1A>u)</span>
                  <div class="stack-trace">java.lang.AssertionError: 1 expectation failed.
Expected status code &lt;201&gt; but was &lt;400&gt;.

	at java.base/jdk.internal.reflect.DirectConstructorHandleAccessor.newInstance(DirectConstructorHandleAccessor.java:62)
	at java.base/java.lang.reflect.Constructor.newInstanceWithCaller(Constructor.java:502)
	at java.base/java.lang.reflect.Constructor.newInstance(Constructor.java:486)
	at org.codehaus.groovy.reflection.CachedConstructor.invoke(CachedConstructor.java:73)
	at org.codehaus.groovy.runtime.callsite.ConstructorSite$ConstructorSiteNoUnwrapNoCoerce.callConstructor(ConstructorSite.java:108)
	at org.codehaus.groovy.runtime.callsite.AbstractCallSite.callConstructor(AbstractCallSite.java:277)
	at io.restassured.internal.ResponseSpecificationImpl$HamcrestAssertionClosure.validate(ResponseSpecificationImpl.groovy:512)
	at io.restassured.internal.ResponseSpecificationImpl$HamcrestAssertionClosure$validate$1.call(Unknown Source)
	at io.restassured.internal.ResponseSpecificationImpl.validateResponseIfRequired(ResponseSpecificationImpl.groovy:696)
	at io.restassured.internal.ResponseSpecificationImpl.this$2$validateResponseIfRequired(ResponseSpecificationImpl.groovy)
	at java.base/jdk.internal.reflect.DirectMethodHandleAccessor.invoke(DirectMethodHandleAccessor.java:103)
	at java.base/java.lang.reflect.Method.invoke(Method.java:580)
	at org.codehaus.groovy.runtime.callsite.PlainObjectMetaMethodSite.doInvoke(PlainObjectMetaMethodSite.java:43)
	at org.codehaus.groovy.runtime.callsite.PogoMetaMethodSite$PogoCachedMethodSiteNoUnwrapNoCoerce.invoke(PogoMetaMethodSite.java:198)
	at org.codehaus.groovy.runtime.callsite.PogoMetaMethodSite.callCurrent(PogoMetaMethodSite.java:62)
	at org.codehaus.groovy.runtime.callsite.AbstractCallSite.callCurrent(AbstractCallSite.java:185)
	at io.restassured.internal.ResponseSpecificationImpl.statusCode(ResponseSpecificationImpl.groovy:135)
	at io.restassured.specification.ResponseSpecification$statusCode$0.callCurrent(Unknown Source)
	at io.restassured.internal.ResponseSpecificationImpl.statusCode(ResponseSpecificationImpl.groovy:143)
	at io.restassured.internal.ValidatableResponseOptionsImpl.statusCode(ValidatableResponseOptionsImpl.java:89)
	at admin.AdminApiTests.testAddAdmin(AdminApiTests.java:48)
	at java.base/jdk.internal.reflect.DirectMethodHandleAccessor.invoke(DirectMethodHandleAccessor.java:103)
	at java.base/java.lang.reflect.Method.invoke(Method.java:580)
	at org.testng.internal.invokers.MethodInvocationHelper.invokeMethod(MethodInvocationHelper.java:139)
	at org.testng.internal.invokers.TestInvoker.invokeMethod(TestInvoker.java:664)
	at org.testng.internal.invokers.TestInvoker.invokeTestMethod(TestInvoker.java:227)
	at org.testng.internal.invokers.MethodRunner.runInSequence(MethodRunner.java:50)
	at org.testng.internal.invokers.TestInvoker$MethodInvocationAgent.invoke(TestInvoker.java:957)
	at org.testng.internal.invokers.TestInvoker.invokeTestMethods(TestInvoker.java:200)
	at org.testng.internal.invokers.TestMethodWorker.invokeTestMethods(TestMethodWorker.java:148)
	at org.testng.internal.invokers.TestMethodWorker.run(TestMethodWorker.java:128)
	at java.base/java.util.ArrayList.forEach(ArrayList.java:1596)
	at org.testng.TestRunner.privateRun(TestRunner.java:848)
	at org.testng.TestRunner.run(TestRunner.java:621)
	at org.testng.SuiteRunner.runTest(SuiteRunner.java:443)
	at org.testng.SuiteRunner.runSequentially(SuiteRunner.java:437)
	at org.testng.SuiteRunner.privateRun(SuiteRunner.java:397)
	at org.testng.SuiteRunner.run(SuiteRunner.java:336)
	at org.testng.SuiteRunnerWorker.runSuite(SuiteRunnerWorker.java:52)
	at org.testng.SuiteRunnerWorker.run(SuiteRunnerWorker.java:95)
	at org.testng.TestNG.runSuitesSequentially(TestNG.java:1280)
	at org.testng.TestNG.runSuitesLocally(TestNG.java:1200)
	at org.testng.TestNG.runSuites(TestNG.java:1114)
	at org.testng.TestNG.run(TestNG.java:1082)
	at org.testng.remote.AbstractRemoteTestNG.run(AbstractRemoteTestNG.java:115)
	at org.testng.remote.RemoteTestNG.initAndRun(RemoteTestNG.java:293)
	at org.testng.remote.RemoteTestNG.main(RemoteTestNG.java:91)

</div> <!-- stack-trace -->
                </div> <!-- method-content -->
              </div> <!-- method -->
              <div class="method">
                <div class="method-content">
                  <a name="testAddAdmin(user_6923, f+n}z&quot;x?Y@&#039;|]KL~)">
                  </a> <!-- testAddAdmin(user_6923, f+n}z"x?Y@'|]KL~) -->
                  <span class="method-name">testAddAdmin</span>
                  <span class="parameters">(user_6923,f+n}z"x?Y@'|]KL~)</span>
                  <div class="stack-trace">java.lang.AssertionError: 1 expectation failed.
Expected status code &lt;201&gt; but was &lt;400&gt;.

	at java.base/jdk.internal.reflect.DirectConstructorHandleAccessor.newInstance(DirectConstructorHandleAccessor.java:62)
	at java.base/java.lang.reflect.Constructor.newInstanceWithCaller(Constructor.java:502)
	at java.base/java.lang.reflect.Constructor.newInstance(Constructor.java:486)
	at org.codehaus.groovy.reflection.CachedConstructor.invoke(CachedConstructor.java:73)
	at org.codehaus.groovy.runtime.callsite.ConstructorSite$ConstructorSiteNoUnwrapNoCoerce.callConstructor(ConstructorSite.java:108)
	at org.codehaus.groovy.runtime.callsite.AbstractCallSite.callConstructor(AbstractCallSite.java:277)
	at io.restassured.internal.ResponseSpecificationImpl$HamcrestAssertionClosure.validate(ResponseSpecificationImpl.groovy:512)
	at io.restassured.internal.ResponseSpecificationImpl$HamcrestAssertionClosure$validate$1.call(Unknown Source)
	at io.restassured.internal.ResponseSpecificationImpl.validateResponseIfRequired(ResponseSpecificationImpl.groovy:696)
	at io.restassured.internal.ResponseSpecificationImpl.this$2$validateResponseIfRequired(ResponseSpecificationImpl.groovy)
	at java.base/jdk.internal.reflect.DirectMethodHandleAccessor.invoke(DirectMethodHandleAccessor.java:103)
	at java.base/java.lang.reflect.Method.invoke(Method.java:580)
	at org.codehaus.groovy.runtime.callsite.PlainObjectMetaMethodSite.doInvoke(PlainObjectMetaMethodSite.java:43)
	at org.codehaus.groovy.runtime.callsite.PogoMetaMethodSite$PogoCachedMethodSiteNoUnwrapNoCoerce.invoke(PogoMetaMethodSite.java:198)
	at org.codehaus.groovy.runtime.callsite.PogoMetaMethodSite.callCurrent(PogoMetaMethodSite.java:62)
	at org.codehaus.groovy.runtime.callsite.AbstractCallSite.callCurrent(AbstractCallSite.java:185)
	at io.restassured.internal.ResponseSpecificationImpl.statusCode(ResponseSpecificationImpl.groovy:135)
	at io.restassured.specification.ResponseSpecification$statusCode$0.callCurrent(Unknown Source)
	at io.restassured.internal.ResponseSpecificationImpl.statusCode(ResponseSpecificationImpl.groovy:143)
	at io.restassured.internal.ValidatableResponseOptionsImpl.statusCode(ValidatableResponseOptionsImpl.java:89)
	at admin.AdminApiTests.testAddAdmin(AdminApiTests.java:48)
	at java.base/jdk.internal.reflect.DirectMethodHandleAccessor.invoke(DirectMethodHandleAccessor.java:103)
	at java.base/java.lang.reflect.Method.invoke(Method.java:580)
	at org.testng.internal.invokers.MethodInvocationHelper.invokeMethod(MethodInvocationHelper.java:139)
	at org.testng.internal.invokers.TestInvoker.invokeMethod(TestInvoker.java:664)
	at org.testng.internal.invokers.TestInvoker.invokeTestMethod(TestInvoker.java:227)
	at org.testng.internal.invokers.MethodRunner.runInSequence(MethodRunner.java:50)
	at org.testng.internal.invokers.TestInvoker$MethodInvocationAgent.invoke(TestInvoker.java:957)
	at org.testng.internal.invokers.TestInvoker.invokeTestMethods(TestInvoker.java:200)
	at org.testng.internal.invokers.TestMethodWorker.invokeTestMethods(TestMethodWorker.java:148)
	at org.testng.internal.invokers.TestMethodWorker.run(TestMethodWorker.java:128)
	at java.base/java.util.ArrayList.forEach(ArrayList.java:1596)
	at org.testng.TestRunner.privateRun(TestRunner.java:848)
	at org.testng.TestRunner.run(TestRunner.java:621)
	at org.testng.SuiteRunner.runTest(SuiteRunner.java:443)
	at org.testng.SuiteRunner.runSequentially(SuiteRunner.java:437)
	at org.testng.SuiteRunner.privateRun(SuiteRunner.java:397)
	at org.testng.SuiteRunner.run(SuiteRunner.java:336)
	at org.testng.SuiteRunnerWorker.runSuite(SuiteRunnerWorker.java:52)
	at org.testng.SuiteRunnerWorker.run(SuiteRunnerWorker.java:95)
	at org.testng.TestNG.runSuitesSequentially(TestNG.java:1280)
	at org.testng.TestNG.runSuitesLocally(TestNG.java:1200)
	at org.testng.TestNG.runSuites(TestNG.java:1114)
	at org.testng.TestNG.run(TestNG.java:1082)
	at org.testng.remote.AbstractRemoteTestNG.run(AbstractRemoteTestNG.java:115)
	at org.testng.remote.RemoteTestNG.initAndRun(RemoteTestNG.java:293)
	at org.testng.remote.RemoteTestNG.main(RemoteTestNG.java:91)

</div> <!-- stack-trace -->
                </div> <!-- method-content -->
              </div> <!-- method -->
              <div class="method">
                <div class="method-content">
                  <a name="testAddAdmin(user_3756, [c7w+U7FyY&gt;X@(S&quot;)">
                  </a> <!-- testAddAdmin(user_3756, [c7w+U7FyY>X@(S") -->
                  <span class="method-name">testAddAdmin</span>
                  <span class="parameters">(user_3756,[c7w+U7FyY>X@(S")</span>
                  <div class="stack-trace">java.lang.AssertionError: 1 expectation failed.
Expected status code &lt;201&gt; but was &lt;400&gt;.

	at java.base/jdk.internal.reflect.DirectConstructorHandleAccessor.newInstance(DirectConstructorHandleAccessor.java:62)
	at java.base/java.lang.reflect.Constructor.newInstanceWithCaller(Constructor.java:502)
	at java.base/java.lang.reflect.Constructor.newInstance(Constructor.java:486)
	at org.codehaus.groovy.reflection.CachedConstructor.invoke(CachedConstructor.java:73)
	at org.codehaus.groovy.runtime.callsite.ConstructorSite$ConstructorSiteNoUnwrapNoCoerce.callConstructor(ConstructorSite.java:108)
	at org.codehaus.groovy.runtime.callsite.AbstractCallSite.callConstructor(AbstractCallSite.java:277)
	at io.restassured.internal.ResponseSpecificationImpl$HamcrestAssertionClosure.validate(ResponseSpecificationImpl.groovy:512)
	at io.restassured.internal.ResponseSpecificationImpl$HamcrestAssertionClosure$validate$1.call(Unknown Source)
	at io.restassured.internal.ResponseSpecificationImpl.validateResponseIfRequired(ResponseSpecificationImpl.groovy:696)
	at io.restassured.internal.ResponseSpecificationImpl.this$2$validateResponseIfRequired(ResponseSpecificationImpl.groovy)
	at java.base/jdk.internal.reflect.DirectMethodHandleAccessor.invoke(DirectMethodHandleAccessor.java:103)
	at java.base/java.lang.reflect.Method.invoke(Method.java:580)
	at org.codehaus.groovy.runtime.callsite.PlainObjectMetaMethodSite.doInvoke(PlainObjectMetaMethodSite.java:43)
	at org.codehaus.groovy.runtime.callsite.PogoMetaMethodSite$PogoCachedMethodSiteNoUnwrapNoCoerce.invoke(PogoMetaMethodSite.java:198)
	at org.codehaus.groovy.runtime.callsite.PogoMetaMethodSite.callCurrent(PogoMetaMethodSite.java:62)
	at org.codehaus.groovy.runtime.callsite.AbstractCallSite.callCurrent(AbstractCallSite.java:185)
	at io.restassured.internal.ResponseSpecificationImpl.statusCode(ResponseSpecificationImpl.groovy:135)
	at io.restassured.specification.ResponseSpecification$statusCode$0.callCurrent(Unknown Source)
	at io.restassured.internal.ResponseSpecificationImpl.statusCode(ResponseSpecificationImpl.groovy:143)
	at io.restassured.internal.ValidatableResponseOptionsImpl.statusCode(ValidatableResponseOptionsImpl.java:89)
	at admin.AdminApiTests.testAddAdmin(AdminApiTests.java:48)
	at java.base/jdk.internal.reflect.DirectMethodHandleAccessor.invoke(DirectMethodHandleAccessor.java:103)
	at java.base/java.lang.reflect.Method.invoke(Method.java:580)
	at org.testng.internal.invokers.MethodInvocationHelper.invokeMethod(MethodInvocationHelper.java:139)
	at org.testng.internal.invokers.TestInvoker.invokeMethod(TestInvoker.java:664)
	at org.testng.internal.invokers.TestInvoker.invokeTestMethod(TestInvoker.java:227)
	at org.testng.internal.invokers.MethodRunner.runInSequence(MethodRunner.java:50)
	at org.testng.internal.invokers.TestInvoker$MethodInvocationAgent.invoke(TestInvoker.java:957)
	at org.testng.internal.invokers.TestInvoker.invokeTestMethods(TestInvoker.java:200)
	at org.testng.internal.invokers.TestMethodWorker.invokeTestMethods(TestMethodWorker.java:148)
	at org.testng.internal.invokers.TestMethodWorker.run(TestMethodWorker.java:128)
	at java.base/java.util.ArrayList.forEach(ArrayList.java:1596)
	at org.testng.TestRunner.privateRun(TestRunner.java:848)
	at org.testng.TestRunner.run(TestRunner.java:621)
	at org.testng.SuiteRunner.runTest(SuiteRunner.java:443)
	at org.testng.SuiteRunner.runSequentially(SuiteRunner.java:437)
	at org.testng.SuiteRunner.privateRun(SuiteRunner.java:397)
	at org.testng.SuiteRunner.run(SuiteRunner.java:336)
	at org.testng.SuiteRunnerWorker.runSuite(SuiteRunnerWorker.java:52)
	at org.testng.SuiteRunnerWorker.run(SuiteRunnerWorker.java:95)
	at org.testng.TestNG.runSuitesSequentially(TestNG.java:1280)
	at org.testng.TestNG.runSuitesLocally(TestNG.java:1200)
	at org.testng.TestNG.runSuites(TestNG.java:1114)
	at org.testng.TestNG.run(TestNG.java:1082)
	at org.testng.remote.AbstractRemoteTestNG.run(AbstractRemoteTestNG.java:115)
	at org.testng.remote.RemoteTestNG.initAndRun(RemoteTestNG.java:293)
	at org.testng.remote.RemoteTestNG.main(RemoteTestNG.java:91)

</div> <!-- stack-trace -->
                </div> <!-- method-content -->
              </div> <!-- method -->
              <div class="method">
                <div class="method-content">
                  <a name="testAddAdmin(user_2553, P{i&gt;H=t9\+EkA3f])">
                  </a> <!-- testAddAdmin(user_2553, P{i>H=t9\+EkA3f]) -->
                  <span class="method-name">testAddAdmin</span>
                  <span class="parameters">(user_2553,P{i>H=t9\+EkA3f])</span>
                  <div class="stack-trace">java.lang.AssertionError: 1 expectation failed.
Expected status code &lt;201&gt; but was &lt;400&gt;.

	at java.base/jdk.internal.reflect.DirectConstructorHandleAccessor.newInstance(DirectConstructorHandleAccessor.java:62)
	at java.base/java.lang.reflect.Constructor.newInstanceWithCaller(Constructor.java:502)
	at java.base/java.lang.reflect.Constructor.newInstance(Constructor.java:486)
	at org.codehaus.groovy.reflection.CachedConstructor.invoke(CachedConstructor.java:73)
	at org.codehaus.groovy.runtime.callsite.ConstructorSite$ConstructorSiteNoUnwrapNoCoerce.callConstructor(ConstructorSite.java:108)
	at org.codehaus.groovy.runtime.callsite.AbstractCallSite.callConstructor(AbstractCallSite.java:277)
	at io.restassured.internal.ResponseSpecificationImpl$HamcrestAssertionClosure.validate(ResponseSpecificationImpl.groovy:512)
	at io.restassured.internal.ResponseSpecificationImpl$HamcrestAssertionClosure$validate$1.call(Unknown Source)
	at io.restassured.internal.ResponseSpecificationImpl.validateResponseIfRequired(ResponseSpecificationImpl.groovy:696)
	at io.restassured.internal.ResponseSpecificationImpl.this$2$validateResponseIfRequired(ResponseSpecificationImpl.groovy)
	at java.base/jdk.internal.reflect.DirectMethodHandleAccessor.invoke(DirectMethodHandleAccessor.java:103)
	at java.base/java.lang.reflect.Method.invoke(Method.java:580)
	at org.codehaus.groovy.runtime.callsite.PlainObjectMetaMethodSite.doInvoke(PlainObjectMetaMethodSite.java:43)
	at org.codehaus.groovy.runtime.callsite.PogoMetaMethodSite$PogoCachedMethodSiteNoUnwrapNoCoerce.invoke(PogoMetaMethodSite.java:198)
	at org.codehaus.groovy.runtime.callsite.PogoMetaMethodSite.callCurrent(PogoMetaMethodSite.java:62)
	at org.codehaus.groovy.runtime.callsite.AbstractCallSite.callCurrent(AbstractCallSite.java:185)
	at io.restassured.internal.ResponseSpecificationImpl.statusCode(ResponseSpecificationImpl.groovy:135)
	at io.restassured.specification.ResponseSpecification$statusCode$0.callCurrent(Unknown Source)
	at io.restassured.internal.ResponseSpecificationImpl.statusCode(ResponseSpecificationImpl.groovy:143)
	at io.restassured.internal.ValidatableResponseOptionsImpl.statusCode(ValidatableResponseOptionsImpl.java:89)
	at admin.AdminApiTests.testAddAdmin(AdminApiTests.java:48)
	at java.base/jdk.internal.reflect.DirectMethodHandleAccessor.invoke(DirectMethodHandleAccessor.java:103)
	at java.base/java.lang.reflect.Method.invoke(Method.java:580)
	at org.testng.internal.invokers.MethodInvocationHelper.invokeMethod(MethodInvocationHelper.java:139)
	at org.testng.internal.invokers.TestInvoker.invokeMethod(TestInvoker.java:664)
	at org.testng.internal.invokers.TestInvoker.invokeTestMethod(TestInvoker.java:227)
	at org.testng.internal.invokers.MethodRunner.runInSequence(MethodRunner.java:50)
	at org.testng.internal.invokers.TestInvoker$MethodInvocationAgent.invoke(TestInvoker.java:957)
	at org.testng.internal.invokers.TestInvoker.invokeTestMethods(TestInvoker.java:200)
	at org.testng.internal.invokers.TestMethodWorker.invokeTestMethods(TestMethodWorker.java:148)
	at org.testng.internal.invokers.TestMethodWorker.run(TestMethodWorker.java:128)
	at java.base/java.util.ArrayList.forEach(ArrayList.java:1596)
	at org.testng.TestRunner.privateRun(TestRunner.java:848)
	at org.testng.TestRunner.run(TestRunner.java:621)
	at org.testng.SuiteRunner.runTest(SuiteRunner.java:443)
	at org.testng.SuiteRunner.runSequentially(SuiteRunner.java:437)
	at org.testng.SuiteRunner.privateRun(SuiteRunner.java:397)
	at org.testng.SuiteRunner.run(SuiteRunner.java:336)
	at org.testng.SuiteRunnerWorker.runSuite(SuiteRunnerWorker.java:52)
	at org.testng.SuiteRunnerWorker.run(SuiteRunnerWorker.java:95)
	at org.testng.TestNG.runSuitesSequentially(TestNG.java:1280)
	at org.testng.TestNG.runSuitesLocally(TestNG.java:1200)
	at org.testng.TestNG.runSuites(TestNG.java:1114)
	at org.testng.TestNG.run(TestNG.java:1082)
	at org.testng.remote.AbstractRemoteTestNG.run(AbstractRemoteTestNG.java:115)
	at org.testng.remote.RemoteTestNG.initAndRun(RemoteTestNG.java:293)
	at org.testng.remote.RemoteTestNG.main(RemoteTestNG.java:91)

</div> <!-- stack-trace -->
                </div> <!-- method-content -->
              </div> <!-- method -->
              <div class="method">
                <div class="method-content">
                  <a name="testAdminLogin(user_9667, v}e&lt;YKekpA&quot;Q1A&gt;u)">
                  </a> <!-- testAdminLogin(user_9667, v}e<YKekpA"Q1A>u) -->
                  <span class="method-name">testAdminLogin</span>
                  <span class="parameters">(user_9667,v}e<YKekpA"Q1A>u)</span>
                  <div class="stack-trace">java.lang.AssertionError: 1 expectation failed.
Expected status code &lt;200&gt; but was &lt;401&gt;.

	at java.base/jdk.internal.reflect.DirectConstructorHandleAccessor.newInstance(DirectConstructorHandleAccessor.java:62)
	at java.base/java.lang.reflect.Constructor.newInstanceWithCaller(Constructor.java:502)
	at java.base/java.lang.reflect.Constructor.newInstance(Constructor.java:486)
	at org.codehaus.groovy.reflection.CachedConstructor.invoke(CachedConstructor.java:73)
	at org.codehaus.groovy.runtime.callsite.ConstructorSite$ConstructorSiteNoUnwrapNoCoerce.callConstructor(ConstructorSite.java:108)
	at org.codehaus.groovy.runtime.callsite.AbstractCallSite.callConstructor(AbstractCallSite.java:277)
	at io.restassured.internal.ResponseSpecificationImpl$HamcrestAssertionClosure.validate(ResponseSpecificationImpl.groovy:512)
	at io.restassured.internal.ResponseSpecificationImpl$HamcrestAssertionClosure$validate$1.call(Unknown Source)
	at io.restassured.internal.ResponseSpecificationImpl.validateResponseIfRequired(ResponseSpecificationImpl.groovy:696)
	at io.restassured.internal.ResponseSpecificationImpl.this$2$validateResponseIfRequired(ResponseSpecificationImpl.groovy)
	at java.base/jdk.internal.reflect.DirectMethodHandleAccessor.invoke(DirectMethodHandleAccessor.java:103)
	at java.base/java.lang.reflect.Method.invoke(Method.java:580)
	at org.codehaus.groovy.runtime.callsite.PlainObjectMetaMethodSite.doInvoke(PlainObjectMetaMethodSite.java:43)
	at org.codehaus.groovy.runtime.callsite.PogoMetaMethodSite$PogoCachedMethodSiteNoUnwrapNoCoerce.invoke(PogoMetaMethodSite.java:198)
	at org.codehaus.groovy.runtime.callsite.PogoMetaMethodSite.callCurrent(PogoMetaMethodSite.java:62)
	at org.codehaus.groovy.runtime.callsite.AbstractCallSite.callCurrent(AbstractCallSite.java:185)
	at io.restassured.internal.ResponseSpecificationImpl.statusCode(ResponseSpecificationImpl.groovy:135)
	at io.restassured.specification.ResponseSpecification$statusCode$0.callCurrent(Unknown Source)
	at io.restassured.internal.ResponseSpecificationImpl.statusCode(ResponseSpecificationImpl.groovy:143)
	at io.restassured.internal.ValidatableResponseOptionsImpl.statusCode(ValidatableResponseOptionsImpl.java:89)
	at admin.AdminApiTests.testAdminLogin(AdminApiTests.java:63)
	at java.base/jdk.internal.reflect.DirectMethodHandleAccessor.invoke(DirectMethodHandleAccessor.java:103)
	at java.base/java.lang.reflect.Method.invoke(Method.java:580)
	at org.testng.internal.invokers.MethodInvocationHelper.invokeMethod(MethodInvocationHelper.java:139)
	at org.testng.internal.invokers.TestInvoker.invokeMethod(TestInvoker.java:664)
	at org.testng.internal.invokers.TestInvoker.invokeTestMethod(TestInvoker.java:227)
	at org.testng.internal.invokers.MethodRunner.runInSequence(MethodRunner.java:50)
	at org.testng.internal.invokers.TestInvoker$MethodInvocationAgent.invoke(TestInvoker.java:957)
	at org.testng.internal.invokers.TestInvoker.invokeTestMethods(TestInvoker.java:200)
	at org.testng.internal.invokers.TestMethodWorker.invokeTestMethods(TestMethodWorker.java:148)
	at org.testng.internal.invokers.TestMethodWorker.run(TestMethodWorker.java:128)
	at java.base/java.util.ArrayList.forEach(ArrayList.java:1596)
	at org.testng.TestRunner.privateRun(TestRunner.java:848)
	at org.testng.TestRunner.run(TestRunner.java:621)
	at org.testng.SuiteRunner.runTest(SuiteRunner.java:443)
	at org.testng.SuiteRunner.runSequentially(SuiteRunner.java:437)
	at org.testng.SuiteRunner.privateRun(SuiteRunner.java:397)
	at org.testng.SuiteRunner.run(SuiteRunner.java:336)
	at org.testng.SuiteRunnerWorker.runSuite(SuiteRunnerWorker.java:52)
	at org.testng.SuiteRunnerWorker.run(SuiteRunnerWorker.java:95)
	at org.testng.TestNG.runSuitesSequentially(TestNG.java:1280)
	at org.testng.TestNG.runSuitesLocally(TestNG.java:1200)
	at org.testng.TestNG.runSuites(TestNG.java:1114)
	at org.testng.TestNG.run(TestNG.java:1082)
	at org.testng.remote.AbstractRemoteTestNG.run(AbstractRemoteTestNG.java:115)
	at org.testng.remote.RemoteTestNG.initAndRun(RemoteTestNG.java:293)
	at org.testng.remote.RemoteTestNG.main(RemoteTestNG.java:91)

</div> <!-- stack-trace -->
                </div> <!-- method-content -->
              </div> <!-- method -->
              <div class="method">
                <div class="method-content">
                  <a name="testAdminLogin(user_1401, d#&lt;aM*,i{Sue\Do\)">
                  </a> <!-- testAdminLogin(user_1401, d#<aM*,i{Sue\Do\) -->
                  <span class="method-name">testAdminLogin</span>
                  <span class="parameters">(user_1401,d#<aM*,i{Sue\Do\)</span>
                  <div class="stack-trace">java.lang.AssertionError: 1 expectation failed.
Expected status code &lt;200&gt; but was &lt;401&gt;.

	at java.base/jdk.internal.reflect.DirectConstructorHandleAccessor.newInstance(DirectConstructorHandleAccessor.java:62)
	at java.base/java.lang.reflect.Constructor.newInstanceWithCaller(Constructor.java:502)
	at java.base/java.lang.reflect.Constructor.newInstance(Constructor.java:486)
	at org.codehaus.groovy.reflection.CachedConstructor.invoke(CachedConstructor.java:73)
	at org.codehaus.groovy.runtime.callsite.ConstructorSite$ConstructorSiteNoUnwrapNoCoerce.callConstructor(ConstructorSite.java:108)
	at org.codehaus.groovy.runtime.callsite.AbstractCallSite.callConstructor(AbstractCallSite.java:277)
	at io.restassured.internal.ResponseSpecificationImpl$HamcrestAssertionClosure.validate(ResponseSpecificationImpl.groovy:512)
	at io.restassured.internal.ResponseSpecificationImpl$HamcrestAssertionClosure$validate$1.call(Unknown Source)
	at io.restassured.internal.ResponseSpecificationImpl.validateResponseIfRequired(ResponseSpecificationImpl.groovy:696)
	at io.restassured.internal.ResponseSpecificationImpl.this$2$validateResponseIfRequired(ResponseSpecificationImpl.groovy)
	at java.base/jdk.internal.reflect.DirectMethodHandleAccessor.invoke(DirectMethodHandleAccessor.java:103)
	at java.base/java.lang.reflect.Method.invoke(Method.java:580)
	at org.codehaus.groovy.runtime.callsite.PlainObjectMetaMethodSite.doInvoke(PlainObjectMetaMethodSite.java:43)
	at org.codehaus.groovy.runtime.callsite.PogoMetaMethodSite$PogoCachedMethodSiteNoUnwrapNoCoerce.invoke(PogoMetaMethodSite.java:198)
	at org.codehaus.groovy.runtime.callsite.PogoMetaMethodSite.callCurrent(PogoMetaMethodSite.java:62)
	at org.codehaus.groovy.runtime.callsite.AbstractCallSite.callCurrent(AbstractCallSite.java:185)
	at io.restassured.internal.ResponseSpecificationImpl.statusCode(ResponseSpecificationImpl.groovy:135)
	at io.restassured.specification.ResponseSpecification$statusCode$0.callCurrent(Unknown Source)
	at io.restassured.internal.ResponseSpecificationImpl.statusCode(ResponseSpecificationImpl.groovy:143)
	at io.restassured.internal.ValidatableResponseOptionsImpl.statusCode(ValidatableResponseOptionsImpl.java:89)
	at admin.AdminApiTests.testAdminLogin(AdminApiTests.java:63)
	at java.base/jdk.internal.reflect.DirectMethodHandleAccessor.invoke(DirectMethodHandleAccessor.java:103)
	at java.base/java.lang.reflect.Method.invoke(Method.java:580)
	at org.testng.internal.invokers.MethodInvocationHelper.invokeMethod(MethodInvocationHelper.java:139)
	at org.testng.internal.invokers.TestInvoker.invokeMethod(TestInvoker.java:664)
	at org.testng.internal.invokers.TestInvoker.invokeTestMethod(TestInvoker.java:227)
	at org.testng.internal.invokers.MethodRunner.runInSequence(MethodRunner.java:50)
	at org.testng.internal.invokers.TestInvoker$MethodInvocationAgent.invoke(TestInvoker.java:957)
	at org.testng.internal.invokers.TestInvoker.invokeTestMethods(TestInvoker.java:200)
	at org.testng.internal.invokers.TestMethodWorker.invokeTestMethods(TestMethodWorker.java:148)
	at org.testng.internal.invokers.TestMethodWorker.run(TestMethodWorker.java:128)
	at java.base/java.util.ArrayList.forEach(ArrayList.java:1596)
	at org.testng.TestRunner.privateRun(TestRunner.java:848)
	at org.testng.TestRunner.run(TestRunner.java:621)
	at org.testng.SuiteRunner.runTest(SuiteRunner.java:443)
	at org.testng.SuiteRunner.runSequentially(SuiteRunner.java:437)
	at org.testng.SuiteRunner.privateRun(SuiteRunner.java:397)
	at org.testng.SuiteRunner.run(SuiteRunner.java:336)
	at org.testng.SuiteRunnerWorker.runSuite(SuiteRunnerWorker.java:52)
	at org.testng.SuiteRunnerWorker.run(SuiteRunnerWorker.java:95)
	at org.testng.TestNG.runSuitesSequentially(TestNG.java:1280)
	at org.testng.TestNG.runSuitesLocally(TestNG.java:1200)
	at org.testng.TestNG.runSuites(TestNG.java:1114)
	at org.testng.TestNG.run(TestNG.java:1082)
	at org.testng.remote.AbstractRemoteTestNG.run(AbstractRemoteTestNG.java:115)
	at org.testng.remote.RemoteTestNG.initAndRun(RemoteTestNG.java:293)
	at org.testng.remote.RemoteTestNG.main(RemoteTestNG.java:91)

</div> <!-- stack-trace -->
                </div> <!-- method-content -->
              </div> <!-- method -->
              <div class="method">
                <div class="method-content">
                  <a name="testAdminLogin(user_2553, P{i&gt;H=t9\+EkA3f])">
                  </a> <!-- testAdminLogin(user_2553, P{i>H=t9\+EkA3f]) -->
                  <span class="method-name">testAdminLogin</span>
                  <span class="parameters">(user_2553,P{i>H=t9\+EkA3f])</span>
                  <div class="stack-trace">java.lang.AssertionError: 1 expectation failed.
Expected status code &lt;200&gt; but was &lt;401&gt;.

	at java.base/jdk.internal.reflect.DirectConstructorHandleAccessor.newInstance(DirectConstructorHandleAccessor.java:62)
	at java.base/java.lang.reflect.Constructor.newInstanceWithCaller(Constructor.java:502)
	at java.base/java.lang.reflect.Constructor.newInstance(Constructor.java:486)
	at org.codehaus.groovy.reflection.CachedConstructor.invoke(CachedConstructor.java:73)
	at org.codehaus.groovy.runtime.callsite.ConstructorSite$ConstructorSiteNoUnwrapNoCoerce.callConstructor(ConstructorSite.java:108)
	at org.codehaus.groovy.runtime.callsite.AbstractCallSite.callConstructor(AbstractCallSite.java:277)
	at io.restassured.internal.ResponseSpecificationImpl$HamcrestAssertionClosure.validate(ResponseSpecificationImpl.groovy:512)
	at io.restassured.internal.ResponseSpecificationImpl$HamcrestAssertionClosure$validate$1.call(Unknown Source)
	at io.restassured.internal.ResponseSpecificationImpl.validateResponseIfRequired(ResponseSpecificationImpl.groovy:696)
	at io.restassured.internal.ResponseSpecificationImpl.this$2$validateResponseIfRequired(ResponseSpecificationImpl.groovy)
	at java.base/jdk.internal.reflect.DirectMethodHandleAccessor.invoke(DirectMethodHandleAccessor.java:103)
	at java.base/java.lang.reflect.Method.invoke(Method.java:580)
	at org.codehaus.groovy.runtime.callsite.PlainObjectMetaMethodSite.doInvoke(PlainObjectMetaMethodSite.java:43)
	at org.codehaus.groovy.runtime.callsite.PogoMetaMethodSite$PogoCachedMethodSiteNoUnwrapNoCoerce.invoke(PogoMetaMethodSite.java:198)
	at org.codehaus.groovy.runtime.callsite.PogoMetaMethodSite.callCurrent(PogoMetaMethodSite.java:62)
	at org.codehaus.groovy.runtime.callsite.AbstractCallSite.callCurrent(AbstractCallSite.java:185)
	at io.restassured.internal.ResponseSpecificationImpl.statusCode(ResponseSpecificationImpl.groovy:135)
	at io.restassured.specification.ResponseSpecification$statusCode$0.callCurrent(Unknown Source)
	at io.restassured.internal.ResponseSpecificationImpl.statusCode(ResponseSpecificationImpl.groovy:143)
	at io.restassured.internal.ValidatableResponseOptionsImpl.statusCode(ValidatableResponseOptionsImpl.java:89)
	at admin.AdminApiTests.testAdminLogin(AdminApiTests.java:63)
	at java.base/jdk.internal.reflect.DirectMethodHandleAccessor.invoke(DirectMethodHandleAccessor.java:103)
	at java.base/java.lang.reflect.Method.invoke(Method.java:580)
	at org.testng.internal.invokers.MethodInvocationHelper.invokeMethod(MethodInvocationHelper.java:139)
	at org.testng.internal.invokers.TestInvoker.invokeMethod(TestInvoker.java:664)
	at org.testng.internal.invokers.TestInvoker.invokeTestMethod(TestInvoker.java:227)
	at org.testng.internal.invokers.MethodRunner.runInSequence(MethodRunner.java:50)
	at org.testng.internal.invokers.TestInvoker$MethodInvocationAgent.invoke(TestInvoker.java:957)
	at org.testng.internal.invokers.TestInvoker.invokeTestMethods(TestInvoker.java:200)
	at org.testng.internal.invokers.TestMethodWorker.invokeTestMethods(TestMethodWorker.java:148)
	at org.testng.internal.invokers.TestMethodWorker.run(TestMethodWorker.java:128)
	at java.base/java.util.ArrayList.forEach(ArrayList.java:1596)
	at org.testng.TestRunner.privateRun(TestRunner.java:848)
	at org.testng.TestRunner.run(TestRunner.java:621)
	at org.testng.SuiteRunner.runTest(SuiteRunner.java:443)
	at org.testng.SuiteRunner.runSequentially(SuiteRunner.java:437)
	at org.testng.SuiteRunner.privateRun(SuiteRunner.java:397)
	at org.testng.SuiteRunner.run(SuiteRunner.java:336)
	at org.testng.SuiteRunnerWorker.runSuite(SuiteRunnerWorker.java:52)
	at org.testng.SuiteRunnerWorker.run(SuiteRunnerWorker.java:95)
	at org.testng.TestNG.runSuitesSequentially(TestNG.java:1280)
	at org.testng.TestNG.runSuitesLocally(TestNG.java:1200)
	at org.testng.TestNG.runSuites(TestNG.java:1114)
	at org.testng.TestNG.run(TestNG.java:1082)
	at org.testng.remote.AbstractRemoteTestNG.run(AbstractRemoteTestNG.java:115)
	at org.testng.remote.RemoteTestNG.initAndRun(RemoteTestNG.java:293)
	at org.testng.remote.RemoteTestNG.main(RemoteTestNG.java:91)

</div> <!-- stack-trace -->
                </div> <!-- method-content -->
              </div> <!-- method -->
              <div class="method">
                <div class="method-content">
                  <a name="testAdminLogin(user_9787, -fo4Od[&amp;(HKcv\Ap)">
                  </a> <!-- testAdminLogin(user_9787, -fo4Od[&(HKcv\Ap) -->
                  <span class="method-name">testAdminLogin</span>
                  <span class="parameters">(user_9787,-fo4Od[&(HKcv\Ap)</span>
                  <div class="stack-trace">java.lang.AssertionError: 1 expectation failed.
Expected status code &lt;200&gt; but was &lt;401&gt;.

	at java.base/jdk.internal.reflect.DirectConstructorHandleAccessor.newInstance(DirectConstructorHandleAccessor.java:62)
	at java.base/java.lang.reflect.Constructor.newInstanceWithCaller(Constructor.java:502)
	at java.base/java.lang.reflect.Constructor.newInstance(Constructor.java:486)
	at org.codehaus.groovy.reflection.CachedConstructor.invoke(CachedConstructor.java:73)
	at org.codehaus.groovy.runtime.callsite.ConstructorSite$ConstructorSiteNoUnwrapNoCoerce.callConstructor(ConstructorSite.java:108)
	at org.codehaus.groovy.runtime.callsite.AbstractCallSite.callConstructor(AbstractCallSite.java:277)
	at io.restassured.internal.ResponseSpecificationImpl$HamcrestAssertionClosure.validate(ResponseSpecificationImpl.groovy:512)
	at io.restassured.internal.ResponseSpecificationImpl$HamcrestAssertionClosure$validate$1.call(Unknown Source)
	at io.restassured.internal.ResponseSpecificationImpl.validateResponseIfRequired(ResponseSpecificationImpl.groovy:696)
	at io.restassured.internal.ResponseSpecificationImpl.this$2$validateResponseIfRequired(ResponseSpecificationImpl.groovy)
	at java.base/jdk.internal.reflect.DirectMethodHandleAccessor.invoke(DirectMethodHandleAccessor.java:103)
	at java.base/java.lang.reflect.Method.invoke(Method.java:580)
	at org.codehaus.groovy.runtime.callsite.PlainObjectMetaMethodSite.doInvoke(PlainObjectMetaMethodSite.java:43)
	at org.codehaus.groovy.runtime.callsite.PogoMetaMethodSite$PogoCachedMethodSiteNoUnwrapNoCoerce.invoke(PogoMetaMethodSite.java:198)
	at org.codehaus.groovy.runtime.callsite.PogoMetaMethodSite.callCurrent(PogoMetaMethodSite.java:62)
	at org.codehaus.groovy.runtime.callsite.AbstractCallSite.callCurrent(AbstractCallSite.java:185)
	at io.restassured.internal.ResponseSpecificationImpl.statusCode(ResponseSpecificationImpl.groovy:135)
	at io.restassured.specification.ResponseSpecification$statusCode$0.callCurrent(Unknown Source)
	at io.restassured.internal.ResponseSpecificationImpl.statusCode(ResponseSpecificationImpl.groovy:143)
	at io.restassured.internal.ValidatableResponseOptionsImpl.statusCode(ValidatableResponseOptionsImpl.java:89)
	at admin.AdminApiTests.testAdminLogin(AdminApiTests.java:63)
	at java.base/jdk.internal.reflect.DirectMethodHandleAccessor.invoke(DirectMethodHandleAccessor.java:103)
	at java.base/java.lang.reflect.Method.invoke(Method.java:580)
	at org.testng.internal.invokers.MethodInvocationHelper.invokeMethod(MethodInvocationHelper.java:139)
	at org.testng.internal.invokers.TestInvoker.invokeMethod(TestInvoker.java:664)
	at org.testng.internal.invokers.TestInvoker.invokeTestMethod(TestInvoker.java:227)
	at org.testng.internal.invokers.MethodRunner.runInSequence(MethodRunner.java:50)
	at org.testng.internal.invokers.TestInvoker$MethodInvocationAgent.invoke(TestInvoker.java:957)
	at org.testng.internal.invokers.TestInvoker.invokeTestMethods(TestInvoker.java:200)
	at org.testng.internal.invokers.TestMethodWorker.invokeTestMethods(TestMethodWorker.java:148)
	at org.testng.internal.invokers.TestMethodWorker.run(TestMethodWorker.java:128)
	at java.base/java.util.ArrayList.forEach(ArrayList.java:1596)
	at org.testng.TestRunner.privateRun(TestRunner.java:848)
	at org.testng.TestRunner.run(TestRunner.java:621)
	at org.testng.SuiteRunner.runTest(SuiteRunner.java:443)
	at org.testng.SuiteRunner.runSequentially(SuiteRunner.java:437)
	at org.testng.SuiteRunner.privateRun(SuiteRunner.java:397)
	at org.testng.SuiteRunner.run(SuiteRunner.java:336)
	at org.testng.SuiteRunnerWorker.runSuite(SuiteRunnerWorker.java:52)
	at org.testng.SuiteRunnerWorker.run(SuiteRunnerWorker.java:95)
	at org.testng.TestNG.runSuitesSequentially(TestNG.java:1280)
	at org.testng.TestNG.runSuitesLocally(TestNG.java:1200)
	at org.testng.TestNG.runSuites(TestNG.java:1114)
	at org.testng.TestNG.run(TestNG.java:1082)
	at org.testng.remote.AbstractRemoteTestNG.run(AbstractRemoteTestNG.java:115)
	at org.testng.remote.RemoteTestNG.initAndRun(RemoteTestNG.java:293)
	at org.testng.remote.RemoteTestNG.main(RemoteTestNG.java:91)

</div> <!-- stack-trace -->
                </div> <!-- method-content -->
              </div> <!-- method -->
              <div class="method">
                <div class="method-content">
                  <a name="testAdminLogin(user_4040, kxW(uI4w{(&gt;\R:&#039;g)">
                  </a> <!-- testAdminLogin(user_4040, kxW(uI4w{(>\R:'g) -->
                  <span class="method-name">testAdminLogin</span>
                  <span class="parameters">(user_4040,kxW(uI4w{(>\R:'g)</span>
                  <div class="stack-trace">java.lang.AssertionError: 1 expectation failed.
Expected status code &lt;200&gt; but was &lt;401&gt;.

	at java.base/jdk.internal.reflect.DirectConstructorHandleAccessor.newInstance(DirectConstructorHandleAccessor.java:62)
	at java.base/java.lang.reflect.Constructor.newInstanceWithCaller(Constructor.java:502)
	at java.base/java.lang.reflect.Constructor.newInstance(Constructor.java:486)
	at org.codehaus.groovy.reflection.CachedConstructor.invoke(CachedConstructor.java:73)
	at org.codehaus.groovy.runtime.callsite.ConstructorSite$ConstructorSiteNoUnwrapNoCoerce.callConstructor(ConstructorSite.java:108)
	at org.codehaus.groovy.runtime.callsite.AbstractCallSite.callConstructor(AbstractCallSite.java:277)
	at io.restassured.internal.ResponseSpecificationImpl$HamcrestAssertionClosure.validate(ResponseSpecificationImpl.groovy:512)
	at io.restassured.internal.ResponseSpecificationImpl$HamcrestAssertionClosure$validate$1.call(Unknown Source)
	at io.restassured.internal.ResponseSpecificationImpl.validateResponseIfRequired(ResponseSpecificationImpl.groovy:696)
	at io.restassured.internal.ResponseSpecificationImpl.this$2$validateResponseIfRequired(ResponseSpecificationImpl.groovy)
	at java.base/jdk.internal.reflect.DirectMethodHandleAccessor.invoke(DirectMethodHandleAccessor.java:103)
	at java.base/java.lang.reflect.Method.invoke(Method.java:580)
	at org.codehaus.groovy.runtime.callsite.PlainObjectMetaMethodSite.doInvoke(PlainObjectMetaMethodSite.java:43)
	at org.codehaus.groovy.runtime.callsite.PogoMetaMethodSite$PogoCachedMethodSiteNoUnwrapNoCoerce.invoke(PogoMetaMethodSite.java:198)
	at org.codehaus.groovy.runtime.callsite.PogoMetaMethodSite.callCurrent(PogoMetaMethodSite.java:62)
	at org.codehaus.groovy.runtime.callsite.AbstractCallSite.callCurrent(AbstractCallSite.java:185)
	at io.restassured.internal.ResponseSpecificationImpl.statusCode(ResponseSpecificationImpl.groovy:135)
	at io.restassured.specification.ResponseSpecification$statusCode$0.callCurrent(Unknown Source)
	at io.restassured.internal.ResponseSpecificationImpl.statusCode(ResponseSpecificationImpl.groovy:143)
	at io.restassured.internal.ValidatableResponseOptionsImpl.statusCode(ValidatableResponseOptionsImpl.java:89)
	at admin.AdminApiTests.testAdminLogin(AdminApiTests.java:63)
	at java.base/jdk.internal.reflect.DirectMethodHandleAccessor.invoke(DirectMethodHandleAccessor.java:103)
	at java.base/java.lang.reflect.Method.invoke(Method.java:580)
	at org.testng.internal.invokers.MethodInvocationHelper.invokeMethod(MethodInvocationHelper.java:139)
	at org.testng.internal.invokers.TestInvoker.invokeMethod(TestInvoker.java:664)
	at org.testng.internal.invokers.TestInvoker.invokeTestMethod(TestInvoker.java:227)
	at org.testng.internal.invokers.MethodRunner.runInSequence(MethodRunner.java:50)
	at org.testng.internal.invokers.TestInvoker$MethodInvocationAgent.invoke(TestInvoker.java:957)
	at org.testng.internal.invokers.TestInvoker.invokeTestMethods(TestInvoker.java:200)
	at org.testng.internal.invokers.TestMethodWorker.invokeTestMethods(TestMethodWorker.java:148)
	at org.testng.internal.invokers.TestMethodWorker.run(TestMethodWorker.java:128)
	at java.base/java.util.ArrayList.forEach(ArrayList.java:1596)
	at org.testng.TestRunner.privateRun(TestRunner.java:848)
	at org.testng.TestRunner.run(TestRunner.java:621)
	at org.testng.SuiteRunner.runTest(SuiteRunner.java:443)
	at org.testng.SuiteRunner.runSequentially(SuiteRunner.java:437)
	at org.testng.SuiteRunner.privateRun(SuiteRunner.java:397)
	at org.testng.SuiteRunner.run(SuiteRunner.java:336)
	at org.testng.SuiteRunnerWorker.runSuite(SuiteRunnerWorker.java:52)
	at org.testng.SuiteRunnerWorker.run(SuiteRunnerWorker.java:95)
	at org.testng.TestNG.runSuitesSequentially(TestNG.java:1280)
	at org.testng.TestNG.runSuitesLocally(TestNG.java:1200)
	at org.testng.TestNG.runSuites(TestNG.java:1114)
	at org.testng.TestNG.run(TestNG.java:1082)
	at org.testng.remote.AbstractRemoteTestNG.run(AbstractRemoteTestNG.java:115)
	at org.testng.remote.RemoteTestNG.initAndRun(RemoteTestNG.java:293)
	at org.testng.remote.RemoteTestNG.main(RemoteTestNG.java:91)

</div> <!-- stack-trace -->
                </div> <!-- method-content -->
              </div> <!-- method -->
              <div class="method">
                <div class="method-content">
                  <a name="testAdminLogin(user_6923, f+n}z&quot;x?Y@&#039;|]KL~)">
                  </a> <!-- testAdminLogin(user_6923, f+n}z"x?Y@'|]KL~) -->
                  <span class="method-name">testAdminLogin</span>
                  <span class="parameters">(user_6923,f+n}z"x?Y@'|]KL~)</span>
                  <div class="stack-trace">java.lang.AssertionError: 1 expectation failed.
Expected status code &lt;200&gt; but was &lt;401&gt;.

	at java.base/jdk.internal.reflect.DirectConstructorHandleAccessor.newInstance(DirectConstructorHandleAccessor.java:62)
	at java.base/java.lang.reflect.Constructor.newInstanceWithCaller(Constructor.java:502)
	at java.base/java.lang.reflect.Constructor.newInstance(Constructor.java:486)
	at org.codehaus.groovy.reflection.CachedConstructor.invoke(CachedConstructor.java:73)
	at org.codehaus.groovy.runtime.callsite.ConstructorSite$ConstructorSiteNoUnwrapNoCoerce.callConstructor(ConstructorSite.java:108)
	at org.codehaus.groovy.runtime.callsite.AbstractCallSite.callConstructor(AbstractCallSite.java:277)
	at io.restassured.internal.ResponseSpecificationImpl$HamcrestAssertionClosure.validate(ResponseSpecificationImpl.groovy:512)
	at io.restassured.internal.ResponseSpecificationImpl$HamcrestAssertionClosure$validate$1.call(Unknown Source)
	at io.restassured.internal.ResponseSpecificationImpl.validateResponseIfRequired(ResponseSpecificationImpl.groovy:696)
	at io.restassured.internal.ResponseSpecificationImpl.this$2$validateResponseIfRequired(ResponseSpecificationImpl.groovy)
	at java.base/jdk.internal.reflect.DirectMethodHandleAccessor.invoke(DirectMethodHandleAccessor.java:103)
	at java.base/java.lang.reflect.Method.invoke(Method.java:580)
	at org.codehaus.groovy.runtime.callsite.PlainObjectMetaMethodSite.doInvoke(PlainObjectMetaMethodSite.java:43)
	at org.codehaus.groovy.runtime.callsite.PogoMetaMethodSite$PogoCachedMethodSiteNoUnwrapNoCoerce.invoke(PogoMetaMethodSite.java:198)
	at org.codehaus.groovy.runtime.callsite.PogoMetaMethodSite.callCurrent(PogoMetaMethodSite.java:62)
	at org.codehaus.groovy.runtime.callsite.AbstractCallSite.callCurrent(AbstractCallSite.java:185)
	at io.restassured.internal.ResponseSpecificationImpl.statusCode(ResponseSpecificationImpl.groovy:135)
	at io.restassured.specification.ResponseSpecification$statusCode$0.callCurrent(Unknown Source)
	at io.restassured.internal.ResponseSpecificationImpl.statusCode(ResponseSpecificationImpl.groovy:143)
	at io.restassured.internal.ValidatableResponseOptionsImpl.statusCode(ValidatableResponseOptionsImpl.java:89)
	at admin.AdminApiTests.testAdminLogin(AdminApiTests.java:63)
	at java.base/jdk.internal.reflect.DirectMethodHandleAccessor.invoke(DirectMethodHandleAccessor.java:103)
	at java.base/java.lang.reflect.Method.invoke(Method.java:580)
	at org.testng.internal.invokers.MethodInvocationHelper.invokeMethod(MethodInvocationHelper.java:139)
	at org.testng.internal.invokers.TestInvoker.invokeMethod(TestInvoker.java:664)
	at org.testng.internal.invokers.TestInvoker.invokeTestMethod(TestInvoker.java:227)
	at org.testng.internal.invokers.MethodRunner.runInSequence(MethodRunner.java:50)
	at org.testng.internal.invokers.TestInvoker$MethodInvocationAgent.invoke(TestInvoker.java:957)
	at org.testng.internal.invokers.TestInvoker.invokeTestMethods(TestInvoker.java:200)
	at org.testng.internal.invokers.TestMethodWorker.invokeTestMethods(TestMethodWorker.java:148)
	at org.testng.internal.invokers.TestMethodWorker.run(TestMethodWorker.java:128)
	at java.base/java.util.ArrayList.forEach(ArrayList.java:1596)
	at org.testng.TestRunner.privateRun(TestRunner.java:848)
	at org.testng.TestRunner.run(TestRunner.java:621)
	at org.testng.SuiteRunner.runTest(SuiteRunner.java:443)
	at org.testng.SuiteRunner.runSequentially(SuiteRunner.java:437)
	at org.testng.SuiteRunner.privateRun(SuiteRunner.java:397)
	at org.testng.SuiteRunner.run(SuiteRunner.java:336)
	at org.testng.SuiteRunnerWorker.runSuite(SuiteRunnerWorker.java:52)
	at org.testng.SuiteRunnerWorker.run(SuiteRunnerWorker.java:95)
	at org.testng.TestNG.runSuitesSequentially(TestNG.java:1280)
	at org.testng.TestNG.runSuitesLocally(TestNG.java:1200)
	at org.testng.TestNG.runSuites(TestNG.java:1114)
	at org.testng.TestNG.run(TestNG.java:1082)
	at org.testng.remote.AbstractRemoteTestNG.run(AbstractRemoteTestNG.java:115)
	at org.testng.remote.RemoteTestNG.initAndRun(RemoteTestNG.java:293)
	at org.testng.remote.RemoteTestNG.main(RemoteTestNG.java:91)

</div> <!-- stack-trace -->
                </div> <!-- method-content -->
              </div> <!-- method -->
              <div class="method">
                <div class="method-content">
                  <a name="testAdminLogin(user_9625, \LIY(jJ(&#039;f3zq@/#)">
                  </a> <!-- testAdminLogin(user_9625, \LIY(jJ('f3zq@/#) -->
                  <span class="method-name">testAdminLogin</span>
                  <span class="parameters">(user_9625,\LIY(jJ('f3zq@/#)</span>
                  <div class="stack-trace">java.lang.AssertionError: 1 expectation failed.
Expected status code &lt;200&gt; but was &lt;401&gt;.

	at java.base/jdk.internal.reflect.DirectConstructorHandleAccessor.newInstance(DirectConstructorHandleAccessor.java:62)
	at java.base/java.lang.reflect.Constructor.newInstanceWithCaller(Constructor.java:502)
	at java.base/java.lang.reflect.Constructor.newInstance(Constructor.java:486)
	at org.codehaus.groovy.reflection.CachedConstructor.invoke(CachedConstructor.java:73)
	at org.codehaus.groovy.runtime.callsite.ConstructorSite$ConstructorSiteNoUnwrapNoCoerce.callConstructor(ConstructorSite.java:108)
	at org.codehaus.groovy.runtime.callsite.AbstractCallSite.callConstructor(AbstractCallSite.java:277)
	at io.restassured.internal.ResponseSpecificationImpl$HamcrestAssertionClosure.validate(ResponseSpecificationImpl.groovy:512)
	at io.restassured.internal.ResponseSpecificationImpl$HamcrestAssertionClosure$validate$1.call(Unknown Source)
	at io.restassured.internal.ResponseSpecificationImpl.validateResponseIfRequired(ResponseSpecificationImpl.groovy:696)
	at io.restassured.internal.ResponseSpecificationImpl.this$2$validateResponseIfRequired(ResponseSpecificationImpl.groovy)
	at java.base/jdk.internal.reflect.DirectMethodHandleAccessor.invoke(DirectMethodHandleAccessor.java:103)
	at java.base/java.lang.reflect.Method.invoke(Method.java:580)
	at org.codehaus.groovy.runtime.callsite.PlainObjectMetaMethodSite.doInvoke(PlainObjectMetaMethodSite.java:43)
	at org.codehaus.groovy.runtime.callsite.PogoMetaMethodSite$PogoCachedMethodSiteNoUnwrapNoCoerce.invoke(PogoMetaMethodSite.java:198)
	at org.codehaus.groovy.runtime.callsite.PogoMetaMethodSite.callCurrent(PogoMetaMethodSite.java:62)
	at org.codehaus.groovy.runtime.callsite.AbstractCallSite.callCurrent(AbstractCallSite.java:185)
	at io.restassured.internal.ResponseSpecificationImpl.statusCode(ResponseSpecificationImpl.groovy:135)
	at io.restassured.specification.ResponseSpecification$statusCode$0.callCurrent(Unknown Source)
	at io.restassured.internal.ResponseSpecificationImpl.statusCode(ResponseSpecificationImpl.groovy:143)
	at io.restassured.internal.ValidatableResponseOptionsImpl.statusCode(ValidatableResponseOptionsImpl.java:89)
	at admin.AdminApiTests.testAdminLogin(AdminApiTests.java:63)
	at java.base/jdk.internal.reflect.DirectMethodHandleAccessor.invoke(DirectMethodHandleAccessor.java:103)
	at java.base/java.lang.reflect.Method.invoke(Method.java:580)
	at org.testng.internal.invokers.MethodInvocationHelper.invokeMethod(MethodInvocationHelper.java:139)
	at org.testng.internal.invokers.TestInvoker.invokeMethod(TestInvoker.java:664)
	at org.testng.internal.invokers.TestInvoker.invokeTestMethod(TestInvoker.java:227)
	at org.testng.internal.invokers.MethodRunner.runInSequence(MethodRunner.java:50)
	at org.testng.internal.invokers.TestInvoker$MethodInvocationAgent.invoke(TestInvoker.java:957)
	at org.testng.internal.invokers.TestInvoker.invokeTestMethods(TestInvoker.java:200)
	at org.testng.internal.invokers.TestMethodWorker.invokeTestMethods(TestMethodWorker.java:148)
	at org.testng.internal.invokers.TestMethodWorker.run(TestMethodWorker.java:128)
	at java.base/java.util.ArrayList.forEach(ArrayList.java:1596)
	at org.testng.TestRunner.privateRun(TestRunner.java:848)
	at org.testng.TestRunner.run(TestRunner.java:621)
	at org.testng.SuiteRunner.runTest(SuiteRunner.java:443)
	at org.testng.SuiteRunner.runSequentially(SuiteRunner.java:437)
	at org.testng.SuiteRunner.privateRun(SuiteRunner.java:397)
	at org.testng.SuiteRunner.run(SuiteRunner.java:336)
	at org.testng.SuiteRunnerWorker.runSuite(SuiteRunnerWorker.java:52)
	at org.testng.SuiteRunnerWorker.run(SuiteRunnerWorker.java:95)
	at org.testng.TestNG.runSuitesSequentially(TestNG.java:1280)
	at org.testng.TestNG.runSuitesLocally(TestNG.java:1200)
	at org.testng.TestNG.runSuites(TestNG.java:1114)
	at org.testng.TestNG.run(TestNG.java:1082)
	at org.testng.remote.AbstractRemoteTestNG.run(AbstractRemoteTestNG.java:115)
	at org.testng.remote.RemoteTestNG.initAndRun(RemoteTestNG.java:293)
	at org.testng.remote.RemoteTestNG.main(RemoteTestNG.java:91)

</div> <!-- stack-trace -->
                </div> <!-- method-content -->
              </div> <!-- method -->
              <div class="method">
                <div class="method-content">
                  <a name="testAdminLogin(user_3756, [c7w+U7FyY&gt;X@(S&quot;)">
                  </a> <!-- testAdminLogin(user_3756, [c7w+U7FyY>X@(S") -->
                  <span class="method-name">testAdminLogin</span>
                  <span class="parameters">(user_3756,[c7w+U7FyY>X@(S")</span>
                  <div class="stack-trace">java.lang.AssertionError: 1 expectation failed.
Expected status code &lt;200&gt; but was &lt;401&gt;.

	at java.base/jdk.internal.reflect.DirectConstructorHandleAccessor.newInstance(DirectConstructorHandleAccessor.java:62)
	at java.base/java.lang.reflect.Constructor.newInstanceWithCaller(Constructor.java:502)
	at java.base/java.lang.reflect.Constructor.newInstance(Constructor.java:486)
	at org.codehaus.groovy.reflection.CachedConstructor.invoke(CachedConstructor.java:73)
	at org.codehaus.groovy.runtime.callsite.ConstructorSite$ConstructorSiteNoUnwrapNoCoerce.callConstructor(ConstructorSite.java:108)
	at org.codehaus.groovy.runtime.callsite.AbstractCallSite.callConstructor(AbstractCallSite.java:277)
	at io.restassured.internal.ResponseSpecificationImpl$HamcrestAssertionClosure.validate(ResponseSpecificationImpl.groovy:512)
	at io.restassured.internal.ResponseSpecificationImpl$HamcrestAssertionClosure$validate$1.call(Unknown Source)
	at io.restassured.internal.ResponseSpecificationImpl.validateResponseIfRequired(ResponseSpecificationImpl.groovy:696)
	at io.restassured.internal.ResponseSpecificationImpl.this$2$validateResponseIfRequired(ResponseSpecificationImpl.groovy)
	at java.base/jdk.internal.reflect.DirectMethodHandleAccessor.invoke(DirectMethodHandleAccessor.java:103)
	at java.base/java.lang.reflect.Method.invoke(Method.java:580)
	at org.codehaus.groovy.runtime.callsite.PlainObjectMetaMethodSite.doInvoke(PlainObjectMetaMethodSite.java:43)
	at org.codehaus.groovy.runtime.callsite.PogoMetaMethodSite$PogoCachedMethodSiteNoUnwrapNoCoerce.invoke(PogoMetaMethodSite.java:198)
	at org.codehaus.groovy.runtime.callsite.PogoMetaMethodSite.callCurrent(PogoMetaMethodSite.java:62)
	at org.codehaus.groovy.runtime.callsite.AbstractCallSite.callCurrent(AbstractCallSite.java:185)
	at io.restassured.internal.ResponseSpecificationImpl.statusCode(ResponseSpecificationImpl.groovy:135)
	at io.restassured.specification.ResponseSpecification$statusCode$0.callCurrent(Unknown Source)
	at io.restassured.internal.ResponseSpecificationImpl.statusCode(ResponseSpecificationImpl.groovy:143)
	at io.restassured.internal.ValidatableResponseOptionsImpl.statusCode(ValidatableResponseOptionsImpl.java:89)
	at admin.AdminApiTests.testAdminLogin(AdminApiTests.java:63)
	at java.base/jdk.internal.reflect.DirectMethodHandleAccessor.invoke(DirectMethodHandleAccessor.java:103)
	at java.base/java.lang.reflect.Method.invoke(Method.java:580)
	at org.testng.internal.invokers.MethodInvocationHelper.invokeMethod(MethodInvocationHelper.java:139)
	at org.testng.internal.invokers.TestInvoker.invokeMethod(TestInvoker.java:664)
	at org.testng.internal.invokers.TestInvoker.invokeTestMethod(TestInvoker.java:227)
	at org.testng.internal.invokers.MethodRunner.runInSequence(MethodRunner.java:50)
	at org.testng.internal.invokers.TestInvoker$MethodInvocationAgent.invoke(TestInvoker.java:957)
	at org.testng.internal.invokers.TestInvoker.invokeTestMethods(TestInvoker.java:200)
	at org.testng.internal.invokers.TestMethodWorker.invokeTestMethods(TestMethodWorker.java:148)
	at org.testng.internal.invokers.TestMethodWorker.run(TestMethodWorker.java:128)
	at java.base/java.util.ArrayList.forEach(ArrayList.java:1596)
	at org.testng.TestRunner.privateRun(TestRunner.java:848)
	at org.testng.TestRunner.run(TestRunner.java:621)
	at org.testng.SuiteRunner.runTest(SuiteRunner.java:443)
	at org.testng.SuiteRunner.runSequentially(SuiteRunner.java:437)
	at org.testng.SuiteRunner.privateRun(SuiteRunner.java:397)
	at org.testng.SuiteRunner.run(SuiteRunner.java:336)
	at org.testng.SuiteRunnerWorker.runSuite(SuiteRunnerWorker.java:52)
	at org.testng.SuiteRunnerWorker.run(SuiteRunnerWorker.java:95)
	at org.testng.TestNG.runSuitesSequentially(TestNG.java:1280)
	at org.testng.TestNG.runSuitesLocally(TestNG.java:1200)
	at org.testng.TestNG.runSuites(TestNG.java:1114)
	at org.testng.TestNG.run(TestNG.java:1082)
	at org.testng.remote.AbstractRemoteTestNG.run(AbstractRemoteTestNG.java:115)
	at org.testng.remote.RemoteTestNG.initAndRun(RemoteTestNG.java:293)
	at org.testng.remote.RemoteTestNG.main(RemoteTestNG.java:91)

</div> <!-- stack-trace -->
                </div> <!-- method-content -->
              </div> <!-- method -->
              <div class="method">
                <div class="method-content">
                  <a name="testAdminLogin(user_5222, \LIY(jJ(&#039;f4zq:/#)">
                  </a> <!-- testAdminLogin(user_5222, \LIY(jJ('f4zq:/#) -->
                  <span class="method-name">testAdminLogin</span>
                  <span class="parameters">(user_5222,\LIY(jJ('f4zq:/#)</span>
                  <div class="stack-trace">java.lang.AssertionError: 1 expectation failed.
Expected status code &lt;200&gt; but was &lt;401&gt;.

	at java.base/jdk.internal.reflect.DirectConstructorHandleAccessor.newInstance(DirectConstructorHandleAccessor.java:62)
	at java.base/java.lang.reflect.Constructor.newInstanceWithCaller(Constructor.java:502)
	at java.base/java.lang.reflect.Constructor.newInstance(Constructor.java:486)
	at org.codehaus.groovy.reflection.CachedConstructor.invoke(CachedConstructor.java:73)
	at org.codehaus.groovy.runtime.callsite.ConstructorSite$ConstructorSiteNoUnwrapNoCoerce.callConstructor(ConstructorSite.java:108)
	at org.codehaus.groovy.runtime.callsite.AbstractCallSite.callConstructor(AbstractCallSite.java:277)
	at io.restassured.internal.ResponseSpecificationImpl$HamcrestAssertionClosure.validate(ResponseSpecificationImpl.groovy:512)
	at io.restassured.internal.ResponseSpecificationImpl$HamcrestAssertionClosure$validate$1.call(Unknown Source)
	at io.restassured.internal.ResponseSpecificationImpl.validateResponseIfRequired(ResponseSpecificationImpl.groovy:696)
	at io.restassured.internal.ResponseSpecificationImpl.this$2$validateResponseIfRequired(ResponseSpecificationImpl.groovy)
	at java.base/jdk.internal.reflect.DirectMethodHandleAccessor.invoke(DirectMethodHandleAccessor.java:103)
	at java.base/java.lang.reflect.Method.invoke(Method.java:580)
	at org.codehaus.groovy.runtime.callsite.PlainObjectMetaMethodSite.doInvoke(PlainObjectMetaMethodSite.java:43)
	at org.codehaus.groovy.runtime.callsite.PogoMetaMethodSite$PogoCachedMethodSiteNoUnwrapNoCoerce.invoke(PogoMetaMethodSite.java:198)
	at org.codehaus.groovy.runtime.callsite.PogoMetaMethodSite.callCurrent(PogoMetaMethodSite.java:62)
	at org.codehaus.groovy.runtime.callsite.AbstractCallSite.callCurrent(AbstractCallSite.java:185)
	at io.restassured.internal.ResponseSpecificationImpl.statusCode(ResponseSpecificationImpl.groovy:135)
	at io.restassured.specification.ResponseSpecification$statusCode$0.callCurrent(Unknown Source)
	at io.restassured.internal.ResponseSpecificationImpl.statusCode(ResponseSpecificationImpl.groovy:143)
	at io.restassured.internal.ValidatableResponseOptionsImpl.statusCode(ValidatableResponseOptionsImpl.java:89)
	at admin.AdminApiTests.testAdminLogin(AdminApiTests.java:63)
	at java.base/jdk.internal.reflect.DirectMethodHandleAccessor.invoke(DirectMethodHandleAccessor.java:103)
	at java.base/java.lang.reflect.Method.invoke(Method.java:580)
	at org.testng.internal.invokers.MethodInvocationHelper.invokeMethod(MethodInvocationHelper.java:139)
	at org.testng.internal.invokers.TestInvoker.invokeMethod(TestInvoker.java:664)
	at org.testng.internal.invokers.TestInvoker.invokeTestMethod(TestInvoker.java:227)
	at org.testng.internal.invokers.MethodRunner.runInSequence(MethodRunner.java:50)
	at org.testng.internal.invokers.TestInvoker$MethodInvocationAgent.invoke(TestInvoker.java:957)
	at org.testng.internal.invokers.TestInvoker.invokeTestMethods(TestInvoker.java:200)
	at org.testng.internal.invokers.TestMethodWorker.invokeTestMethods(TestMethodWorker.java:148)
	at org.testng.internal.invokers.TestMethodWorker.run(TestMethodWorker.java:128)
	at java.base/java.util.ArrayList.forEach(ArrayList.java:1596)
	at org.testng.TestRunner.privateRun(TestRunner.java:848)
	at org.testng.TestRunner.run(TestRunner.java:621)
	at org.testng.SuiteRunner.runTest(SuiteRunner.java:443)
	at org.testng.SuiteRunner.runSequentially(SuiteRunner.java:437)
	at org.testng.SuiteRunner.privateRun(SuiteRunner.java:397)
	at org.testng.SuiteRunner.run(SuiteRunner.java:336)
	at org.testng.SuiteRunnerWorker.runSuite(SuiteRunnerWorker.java:52)
	at org.testng.SuiteRunnerWorker.run(SuiteRunnerWorker.java:95)
	at org.testng.TestNG.runSuitesSequentially(TestNG.java:1280)
	at org.testng.TestNG.runSuitesLocally(TestNG.java:1200)
	at org.testng.TestNG.runSuites(TestNG.java:1114)
	at org.testng.TestNG.run(TestNG.java:1082)
	at org.testng.remote.AbstractRemoteTestNG.run(AbstractRemoteTestNG.java:115)
	at org.testng.remote.RemoteTestNG.initAndRun(RemoteTestNG.java:293)
	at org.testng.remote.RemoteTestNG.main(RemoteTestNG.java:91)

</div> <!-- stack-trace -->
                </div> <!-- method-content -->
              </div> <!-- method -->
              <div class="method">
                <div class="method-content">
                  <a name="testAdminLogin(user_3462, xGv&quot;x]\BJz7&gt;eLFV)">
                  </a> <!-- testAdminLogin(user_3462, xGv"x]\BJz7>eLFV) -->
                  <span class="method-name">testAdminLogin</span>
                  <span class="parameters">(user_3462,xGv"x]\BJz7>eLFV)</span>
                  <div class="stack-trace">java.lang.AssertionError: 1 expectation failed.
Expected status code &lt;200&gt; but was &lt;401&gt;.

	at java.base/jdk.internal.reflect.DirectConstructorHandleAccessor.newInstance(DirectConstructorHandleAccessor.java:62)
	at java.base/java.lang.reflect.Constructor.newInstanceWithCaller(Constructor.java:502)
	at java.base/java.lang.reflect.Constructor.newInstance(Constructor.java:486)
	at org.codehaus.groovy.reflection.CachedConstructor.invoke(CachedConstructor.java:73)
	at org.codehaus.groovy.runtime.callsite.ConstructorSite$ConstructorSiteNoUnwrapNoCoerce.callConstructor(ConstructorSite.java:108)
	at org.codehaus.groovy.runtime.callsite.AbstractCallSite.callConstructor(AbstractCallSite.java:277)
	at io.restassured.internal.ResponseSpecificationImpl$HamcrestAssertionClosure.validate(ResponseSpecificationImpl.groovy:512)
	at io.restassured.internal.ResponseSpecificationImpl$HamcrestAssertionClosure$validate$1.call(Unknown Source)
	at io.restassured.internal.ResponseSpecificationImpl.validateResponseIfRequired(ResponseSpecificationImpl.groovy:696)
	at io.restassured.internal.ResponseSpecificationImpl.this$2$validateResponseIfRequired(ResponseSpecificationImpl.groovy)
	at java.base/jdk.internal.reflect.DirectMethodHandleAccessor.invoke(DirectMethodHandleAccessor.java:103)
	at java.base/java.lang.reflect.Method.invoke(Method.java:580)
	at org.codehaus.groovy.runtime.callsite.PlainObjectMetaMethodSite.doInvoke(PlainObjectMetaMethodSite.java:43)
	at org.codehaus.groovy.runtime.callsite.PogoMetaMethodSite$PogoCachedMethodSiteNoUnwrapNoCoerce.invoke(PogoMetaMethodSite.java:198)
	at org.codehaus.groovy.runtime.callsite.PogoMetaMethodSite.callCurrent(PogoMetaMethodSite.java:62)
	at org.codehaus.groovy.runtime.callsite.AbstractCallSite.callCurrent(AbstractCallSite.java:185)
	at io.restassured.internal.ResponseSpecificationImpl.statusCode(ResponseSpecificationImpl.groovy:135)
	at io.restassured.specification.ResponseSpecification$statusCode$0.callCurrent(Unknown Source)
	at io.restassured.internal.ResponseSpecificationImpl.statusCode(ResponseSpecificationImpl.groovy:143)
	at io.restassured.internal.ValidatableResponseOptionsImpl.statusCode(ValidatableResponseOptionsImpl.java:89)
	at admin.AdminApiTests.testAdminLogin(AdminApiTests.java:63)
	at java.base/jdk.internal.reflect.DirectMethodHandleAccessor.invoke(DirectMethodHandleAccessor.java:103)
	at java.base/java.lang.reflect.Method.invoke(Method.java:580)
	at org.testng.internal.invokers.MethodInvocationHelper.invokeMethod(MethodInvocationHelper.java:139)
	at org.testng.internal.invokers.TestInvoker.invokeMethod(TestInvoker.java:664)
	at org.testng.internal.invokers.TestInvoker.invokeTestMethod(TestInvoker.java:227)
	at org.testng.internal.invokers.MethodRunner.runInSequence(MethodRunner.java:50)
	at org.testng.internal.invokers.TestInvoker$MethodInvocationAgent.invoke(TestInvoker.java:957)
	at org.testng.internal.invokers.TestInvoker.invokeTestMethods(TestInvoker.java:200)
	at org.testng.internal.invokers.TestMethodWorker.invokeTestMethods(TestMethodWorker.java:148)
	at org.testng.internal.invokers.TestMethodWorker.run(TestMethodWorker.java:128)
	at java.base/java.util.ArrayList.forEach(ArrayList.java:1596)
	at org.testng.TestRunner.privateRun(TestRunner.java:848)
	at org.testng.TestRunner.run(TestRunner.java:621)
	at org.testng.SuiteRunner.runTest(SuiteRunner.java:443)
	at org.testng.SuiteRunner.runSequentially(SuiteRunner.java:437)
	at org.testng.SuiteRunner.privateRun(SuiteRunner.java:397)
	at org.testng.SuiteRunner.run(SuiteRunner.java:336)
	at org.testng.SuiteRunnerWorker.runSuite(SuiteRunnerWorker.java:52)
	at org.testng.SuiteRunnerWorker.run(SuiteRunnerWorker.java:95)
	at org.testng.TestNG.runSuitesSequentially(TestNG.java:1280)
	at org.testng.TestNG.runSuitesLocally(TestNG.java:1200)
	at org.testng.TestNG.runSuites(TestNG.java:1114)
	at org.testng.TestNG.run(TestNG.java:1082)
	at org.testng.remote.AbstractRemoteTestNG.run(AbstractRemoteTestNG.java:115)
	at org.testng.remote.RemoteTestNG.initAndRun(RemoteTestNG.java:293)
	at org.testng.remote.RemoteTestNG.main(RemoteTestNG.java:91)

</div> <!-- stack-trace -->
                </div> <!-- method-content -->
              </div> <!-- method -->
            </div> <!-- main-panel-content rounded-window-bottom -->
          </div> <!-- suite-Default_suite-class-failed -->
          <div class="suite-Default_suite-class-passed">
            <div class="main-panel-header rounded-window-top">
              <img src="passed.png"/>
              <span class="class-name">admin.AdminApiTests</span>
            </div> <!-- main-panel-header rounded-window-top -->
            <div class="main-panel-content rounded-window-bottom">
              <div class="method">
                <div class="method-content">
                  <a name="displayAdmins">
                  </a> <!-- displayAdmins -->
                  <span class="method-name">displayAdmins</span>
                </div> <!-- method-content -->
              </div> <!-- method -->
              <div class="method">
                <div class="method-content">
                  <a name="testAddAdmin(user_6714, Bkw&lt;{&lt;4%QE1#FVqg)">
                  </a> <!-- testAddAdmin(user_6714, Bkw<{<4%QE1#FVqg) -->
                  <span class="method-name">testAddAdmin</span>
                  <span class="parameters">(user_6714,Bkw<{<4%QE1#FVqg)</span>
                </div> <!-- method-content -->
              </div> <!-- method -->
              <div class="method">
                <div class="method-content">
                  <a name="testAddAdmin(user_9434, ,w|=cug:v,?}(6l?)">
                  </a> <!-- testAddAdmin(user_9434, ,w|=cug:v,?}(6l?) -->
                  <span class="method-name">testAddAdmin</span>
                  <span class="parameters">(user_9434,,w|=cug:v,?}(6l?)</span>
                </div> <!-- method-content -->
              </div> <!-- method -->
              <div class="method">
                <div class="method-content">
                  <a name="testAddAdmin(user_2055, ahQ0!;;Rup]=KXGV)">
                  </a> <!-- testAddAdmin(user_2055, ahQ0!;;Rup]=KXGV) -->
                  <span class="method-name">testAddAdmin</span>
                  <span class="parameters">(user_2055,ahQ0!;;Rup]=KXGV)</span>
                </div> <!-- method-content -->
              </div> <!-- method -->
              <div class="method">
                <div class="method-content">
                  <a name="testAddAdmin(user_7424, Bdms_/G}s,YVjE&#039;7)">
                  </a> <!-- testAddAdmin(user_7424, Bdms_/G}s,YVjE'7) -->
                  <span class="method-name">testAddAdmin</span>
                  <span class="parameters">(user_7424,Bdms_/G}s,YVjE'7)</span>
                </div> <!-- method-content -->
              </div> <!-- method -->
              <div class="method">
                <div class="method-content">
                  <a name="testAddAdmin(user_2407, &amp;Qwc]@&#039;H^{Rz&lt;:-$)">
                  </a> <!-- testAddAdmin(user_2407, &Qwc]@'H^{Rz<:-$) -->
                  <span class="method-name">testAddAdmin</span>
                  <span class="parameters">(user_2407,&Qwc]@'H^{Rz<:-$)</span>
                </div> <!-- method-content -->
              </div> <!-- method -->
              <div class="method">
                <div class="method-content">
                  <a name="testAddAdmin(user_7295, c!!L)b0uME^&lt;h[,8)">
                  </a> <!-- testAddAdmin(user_7295, c!!L)b0uME^<h[,8) -->
                  <span class="method-name">testAddAdmin</span>
                  <span class="parameters">(user_7295,c!!L)b0uME^<h[,8)</span>
                </div> <!-- method-content -->
              </div> <!-- method -->
              <div class="method">
                <div class="method-content">
                  <a name="testAddAdmin(user_8290, F##3gh/?Uz7&#039;Iden)">
                  </a> <!-- testAddAdmin(user_8290, F##3gh/?Uz7'Iden) -->
                  <span class="method-name">testAddAdmin</span>
                  <span class="parameters">(user_8290,F##3gh/?Uz7'Iden)</span>
                </div> <!-- method-content -->
              </div> <!-- method -->
              <div class="method">
                <div class="method-content">
                  <a name="testAddAdmin(user_4038, R[9u9jz:&amp;1u[Of^h)">
                  </a> <!-- testAddAdmin(user_4038, R[9u9jz:&1u[Of^h) -->
                  <span class="method-name">testAddAdmin</span>
                  <span class="parameters">(user_4038,R[9u9jz:&1u[Of^h)</span>
                </div> <!-- method-content -->
              </div> <!-- method -->
              <div class="method">
                <div class="method-content">
                  <a name="testAddAdmin(user_4950, MS3@-2*JV?=9KzLd)">
                  </a> <!-- testAddAdmin(user_4950, MS3@-2*JV?=9KzLd) -->
                  <span class="method-name">testAddAdmin</span>
                  <span class="parameters">(user_4950,MS3@-2*JV?=9KzLd)</span>
                </div> <!-- method-content -->
              </div> <!-- method -->
              <div class="method">
                <div class="method-content">
                  <a name="testAddAdmin(user_5942, VV0}h1ksaDs6,SSx)">
                  </a> <!-- testAddAdmin(user_5942, VV0}h1ksaDs6,SSx) -->
                  <span class="method-name">testAddAdmin</span>
                  <span class="parameters">(user_5942,VV0}h1ksaDs6,SSx)</span>
                </div> <!-- method-content -->
              </div> <!-- method -->
              <div class="method">
                <div class="method-content">
                  <a name="testAddAdmin(user_6922, h%~!o@+S`ML&#039;mkM|)">
                  </a> <!-- testAddAdmin(user_6922, h%~!o@+S`ML'mkM|) -->
                  <span class="method-name">testAddAdmin</span>
                  <span class="parameters">(user_6922,h%~!o@+S`ML'mkM|)</span>
                </div> <!-- method-content -->
              </div> <!-- method -->
              <div class="method">
                <div class="method-content">
                  <a name="testAddAdmin(user_6548, JS&gt;F4p5s#ZhPY87P)">
                  </a> <!-- testAddAdmin(user_6548, JS>F4p5s#ZhPY87P) -->
                  <span class="method-name">testAddAdmin</span>
                  <span class="parameters">(user_6548,JS>F4p5s#ZhPY87P)</span>
                </div> <!-- method-content -->
              </div> <!-- method -->
              <div class="method">
                <div class="method-content">
                  <a name="testAddAdmin(user_4078, &#039;Ag|/L2jymUs1(F[)">
                  </a> <!-- testAddAdmin(user_4078, 'Ag|/L2jymUs1(F[) -->
                  <span class="method-name">testAddAdmin</span>
                  <span class="parameters">(user_4078,'Ag|/L2jymUs1(F[)</span>
                </div> <!-- method-content -->
              </div> <!-- method -->
              <div class="method">
                <div class="method-content">
                  <a name="testAddAdmin(user_5994, 0mHW[!;_!F1YnMjy)">
                  </a> <!-- testAddAdmin(user_5994, 0mHW[!;_!F1YnMjy) -->
                  <span class="method-name">testAddAdmin</span>
                  <span class="parameters">(user_5994,0mHW[!;_!F1YnMjy)</span>
                </div> <!-- method-content -->
              </div> <!-- method -->
              <div class="method">
                <div class="method-content">
                  <a name="testAddAdmin(user_4643, M,Gk=(_&lt;J.n4aOWd)">
                  </a> <!-- testAddAdmin(user_4643, M,Gk=(_<J.n4aOWd) -->
                  <span class="method-name">testAddAdmin</span>
                  <span class="parameters">(user_4643,M,Gk=(_<J.n4aOWd)</span>
                </div> <!-- method-content -->
              </div> <!-- method -->
              <div class="method">
                <div class="method-content">
                  <a name="testAddAdmin(user_3569, 5dhhS=J7ed(:fJ^W)">
                  </a> <!-- testAddAdmin(user_3569, 5dhhS=J7ed(:fJ^W) -->
                  <span class="method-name">testAddAdmin</span>
                  <span class="parameters">(user_3569,5dhhS=J7ed(:fJ^W)</span>
                </div> <!-- method-content -->
              </div> <!-- method -->
              <div class="method">
                <div class="method-content">
                  <a name="testAddAdmin(user_2176, w(B-YrrHwT)GuF[E)">
                  </a> <!-- testAddAdmin(user_2176, w(B-YrrHwT)GuF[E) -->
                  <span class="method-name">testAddAdmin</span>
                  <span class="parameters">(user_2176,w(B-YrrHwT)GuF[E)</span>
                </div> <!-- method-content -->
              </div> <!-- method -->
              <div class="method">
                <div class="method-content">
                  <a name="testAddAdmin(user_6861, B2msYU5Whg2}Z/(()">
                  </a> <!-- testAddAdmin(user_6861, B2msYU5Whg2}Z/(() -->
                  <span class="method-name">testAddAdmin</span>
                  <span class="parameters">(user_6861,B2msYU5Whg2}Z/(()</span>
                </div> <!-- method-content -->
              </div> <!-- method -->
              <div class="method">
                <div class="method-content">
                  <a name="testAddAdmin(user_1351, L&#039;q-iEe4k/0h:E4()">
                  </a> <!-- testAddAdmin(user_1351, L'q-iEe4k/0h:E4() -->
                  <span class="method-name">testAddAdmin</span>
                  <span class="parameters">(user_1351,L'q-iEe4k/0h:E4()</span>
                </div> <!-- method-content -->
              </div> <!-- method -->
              <div class="method">
                <div class="method-content">
                  <a name="testAddAdmin(user_6301, ^}wmgP_o&gt;|Y5FQ9D)">
                  </a> <!-- testAddAdmin(user_6301, ^}wmgP_o>|Y5FQ9D) -->
                  <span class="method-name">testAddAdmin</span>
                  <span class="parameters">(user_6301,^}wmgP_o>|Y5FQ9D)</span>
                </div> <!-- method-content -->
              </div> <!-- method -->
              <div class="method">
                <div class="method-content">
                  <a name="testAddAdmin(user_1757, +Dq+c4at##M4/3Dq)">
                  </a> <!-- testAddAdmin(user_1757, +Dq+c4at##M4/3Dq) -->
                  <span class="method-name">testAddAdmin</span>
                  <span class="parameters">(user_1757,+Dq+c4at##M4/3Dq)</span>
                </div> <!-- method-content -->
              </div> <!-- method -->
              <div class="method">
                <div class="method-content">
                  <a name="testAddAdmin(user_7530, #YM23NlhMbIEIiZv)">
                  </a> <!-- testAddAdmin(user_7530, #YM23NlhMbIEIiZv) -->
                  <span class="method-name">testAddAdmin</span>
                  <span class="parameters">(user_7530,#YM23NlhMbIEIiZv)</span>
                </div> <!-- method-content -->
              </div> <!-- method -->
              <div class="method">
                <div class="method-content">
                  <a name="testAddAdmin(user_7014, +vGqKbTUF*O_^:$n)">
                  </a> <!-- testAddAdmin(user_7014, +vGqKbTUF*O_^:$n) -->
                  <span class="method-name">testAddAdmin</span>
                  <span class="parameters">(user_7014,+vGqKbTUF*O_^:$n)</span>
                </div> <!-- method-content -->
              </div> <!-- method -->
              <div class="method">
                <div class="method-content">
                  <a name="testAddAdmin(user_7738, (ZXJIGh&lt;&amp;+aMumfA)">
                  </a> <!-- testAddAdmin(user_7738, (ZXJIGh<&+aMumfA) -->
                  <span class="method-name">testAddAdmin</span>
                  <span class="parameters">(user_7738,(ZXJIGh<&+aMumfA)</span>
                </div> <!-- method-content -->
              </div> <!-- method -->
              <div class="method">
                <div class="method-content">
                  <a name="testAddAdmin(user_5336, MyeNX:`6VVX&amp;]I6R)">
                  </a> <!-- testAddAdmin(user_5336, MyeNX:`6VVX&]I6R) -->
                  <span class="method-name">testAddAdmin</span>
                  <span class="parameters">(user_5336,MyeNX:`6VVX&]I6R)</span>
                </div> <!-- method-content -->
              </div> <!-- method -->
              <div class="method">
                <div class="method-content">
                  <a name="testAddAdmin(user_9423, NWQ!1o)-iNZAf}HQ)">
                  </a> <!-- testAddAdmin(user_9423, NWQ!1o)-iNZAf}HQ) -->
                  <span class="method-name">testAddAdmin</span>
                  <span class="parameters">(user_9423,NWQ!1o)-iNZAf}HQ)</span>
                </div> <!-- method-content -->
              </div> <!-- method -->
              <div class="method">
                <div class="method-content">
                  <a name="testAddAdmin(user_1819, 9zuDU1#r3&amp;*[8Vxu)">
                  </a> <!-- testAddAdmin(user_1819, 9zuDU1#r3&*[8Vxu) -->
                  <span class="method-name">testAddAdmin</span>
                  <span class="parameters">(user_1819,9zuDU1#r3&*[8Vxu)</span>
                </div> <!-- method-content -->
              </div> <!-- method -->
              <div class="method">
                <div class="method-content">
                  <a name="testAddAdmin(user_9221, TFXEGCD*|PG!&gt;Qc7)">
                  </a> <!-- testAddAdmin(user_9221, TFXEGCD*|PG!>Qc7) -->
                  <span class="method-name">testAddAdmin</span>
                  <span class="parameters">(user_9221,TFXEGCD*|PG!>Qc7)</span>
                </div> <!-- method-content -->
              </div> <!-- method -->
              <div class="method">
                <div class="method-content">
                  <a name="testAddAdmin(user_1927, P&lt;WW6i1=^A&lt;7n~lt)">
                  </a> <!-- testAddAdmin(user_1927, P<WW6i1=^A<7n~lt) -->
                  <span class="method-name">testAddAdmin</span>
                  <span class="parameters">(user_1927,P<WW6i1=^A<7n~lt)</span>
                </div> <!-- method-content -->
              </div> <!-- method -->
              <div class="method">
                <div class="method-content">
                  <a name="testAddAdmin(user_2891, &#039;P``Q^o/$|4!4m=|)">
                  </a> <!-- testAddAdmin(user_2891, 'P``Q^o/$|4!4m=|) -->
                  <span class="method-name">testAddAdmin</span>
                  <span class="parameters">(user_2891,'P``Q^o/$|4!4m=|)</span>
                </div> <!-- method-content -->
              </div> <!-- method -->
              <div class="method">
                <div class="method-content">
                  <a name="testAddAdmin(user_2994, AE6jm},BR4%[Xk3d)">
                  </a> <!-- testAddAdmin(user_2994, AE6jm},BR4%[Xk3d) -->
                  <span class="method-name">testAddAdmin</span>
                  <span class="parameters">(user_2994,AE6jm},BR4%[Xk3d)</span>
                </div> <!-- method-content -->
              </div> <!-- method -->
              <div class="method">
                <div class="method-content">
                  <a name="testAddAdmin(user_7814, MBzo.Fk+dFZq^$H.)">
                  </a> <!-- testAddAdmin(user_7814, MBzo.Fk+dFZq^$H.) -->
                  <span class="method-name">testAddAdmin</span>
                  <span class="parameters">(user_7814,MBzo.Fk+dFZq^$H.)</span>
                </div> <!-- method-content -->
              </div> <!-- method -->
              <div class="method">
                <div class="method-content">
                  <a name="testAddAdmin(user_7439, 0&lt;iwz&amp;}-p|ZphfZI)">
                  </a> <!-- testAddAdmin(user_7439, 0<iwz&}-p|ZphfZI) -->
                  <span class="method-name">testAddAdmin</span>
                  <span class="parameters">(user_7439,0<iwz&}-p|ZphfZI)</span>
                </div> <!-- method-content -->
              </div> <!-- method -->
              <div class="method">
                <div class="method-content">
                  <a name="testAddAdmin(user_1438, KZmxHCUP53*TBM~=)">
                  </a> <!-- testAddAdmin(user_1438, KZmxHCUP53*TBM~=) -->
                  <span class="method-name">testAddAdmin</span>
                  <span class="parameters">(user_1438,KZmxHCUP53*TBM~=)</span>
                </div> <!-- method-content -->
              </div> <!-- method -->
              <div class="method">
                <div class="method-content">
                  <a name="testAddAdmin(user_1188, q+&lt;?@Z+$*VQeRa)p)">
                  </a> <!-- testAddAdmin(user_1188, q+<?@Z+$*VQeRa)p) -->
                  <span class="method-name">testAddAdmin</span>
                  <span class="parameters">(user_1188,q+<?@Z+$*VQeRa)p)</span>
                </div> <!-- method-content -->
              </div> <!-- method -->
              <div class="method">
                <div class="method-content">
                  <a name="testAddAdmin(user_3217, Z&gt;f4|__S)dTfzFa=)">
                  </a> <!-- testAddAdmin(user_3217, Z>f4|__S)dTfzFa=) -->
                  <span class="method-name">testAddAdmin</span>
                  <span class="parameters">(user_3217,Z>f4|__S)dTfzFa=)</span>
                </div> <!-- method-content -->
              </div> <!-- method -->
              <div class="method">
                <div class="method-content">
                  <a name="testAddAdmin(user_3055, #&#039;C,|`NbX+]&amp;%XM`)">
                  </a> <!-- testAddAdmin(user_3055, #'C,|`NbX+]&%XM`) -->
                  <span class="method-name">testAddAdmin</span>
                  <span class="parameters">(user_3055,#'C,|`NbX+]&%XM`)</span>
                </div> <!-- method-content -->
              </div> <!-- method -->
              <div class="method">
                <div class="method-content">
                  <a name="testAddAdmin(user_1873, 1ooRvvK_Sv35C2z^)">
                  </a> <!-- testAddAdmin(user_1873, 1ooRvvK_Sv35C2z^) -->
                  <span class="method-name">testAddAdmin</span>
                  <span class="parameters">(user_1873,1ooRvvK_Sv35C2z^)</span>
                </div> <!-- method-content -->
              </div> <!-- method -->
              <div class="method">
                <div class="method-content">
                  <a name="testAddAdmin(user_6065, AC;W[;d^B],@x&gt;^z)">
                  </a> <!-- testAddAdmin(user_6065, AC;W[;d^B],@x>^z) -->
                  <span class="method-name">testAddAdmin</span>
                  <span class="parameters">(user_6065,AC;W[;d^B],@x>^z)</span>
                </div> <!-- method-content -->
              </div> <!-- method -->
              <div class="method">
                <div class="method-content">
                  <a name="testAddAdmin(user_5187, 8K&amp;eHoiEmW4mJe?])">
                  </a> <!-- testAddAdmin(user_5187, 8K&eHoiEmW4mJe?]) -->
                  <span class="method-name">testAddAdmin</span>
                  <span class="parameters">(user_5187,8K&eHoiEmW4mJe?])</span>
                </div> <!-- method-content -->
              </div> <!-- method -->
              <div class="method">
                <div class="method-content">
                  <a name="testAdminLogin(user_6714, Bkw&lt;{&lt;4%QE1#FVqg)">
                  </a> <!-- testAdminLogin(user_6714, Bkw<{<4%QE1#FVqg) -->
                  <span class="method-name">testAdminLogin</span>
                  <span class="parameters">(user_6714,Bkw<{<4%QE1#FVqg)</span>
                </div> <!-- method-content -->
              </div> <!-- method -->
              <div class="method">
                <div class="method-content">
                  <a name="testAdminLogin(user_3055, #&#039;C,|`NbX+]&amp;%XM`)">
                  </a> <!-- testAdminLogin(user_3055, #'C,|`NbX+]&%XM`) -->
                  <span class="method-name">testAdminLogin</span>
                  <span class="parameters">(user_3055,#'C,|`NbX+]&%XM`)</span>
                </div> <!-- method-content -->
              </div> <!-- method -->
              <div class="method">
                <div class="method-content">
                  <a name="testAdminLogin(user_4950, MS3@-2*JV?=9KzLd)">
                  </a> <!-- testAdminLogin(user_4950, MS3@-2*JV?=9KzLd) -->
                  <span class="method-name">testAdminLogin</span>
                  <span class="parameters">(user_4950,MS3@-2*JV?=9KzLd)</span>
                </div> <!-- method-content -->
              </div> <!-- method -->
              <div class="method">
                <div class="method-content">
                  <a name="testAdminLogin(user_7530, #YM23NlhMbIEIiZv)">
                  </a> <!-- testAdminLogin(user_7530, #YM23NlhMbIEIiZv) -->
                  <span class="method-name">testAdminLogin</span>
                  <span class="parameters">(user_7530,#YM23NlhMbIEIiZv)</span>
                </div> <!-- method-content -->
              </div> <!-- method -->
              <div class="method">
                <div class="method-content">
                  <a name="testAdminLogin(user_1927, P&lt;WW6i1=^A&lt;7n~lt)">
                  </a> <!-- testAdminLogin(user_1927, P<WW6i1=^A<7n~lt) -->
                  <span class="method-name">testAdminLogin</span>
                  <span class="parameters">(user_1927,P<WW6i1=^A<7n~lt)</span>
                </div> <!-- method-content -->
              </div> <!-- method -->
              <div class="method">
                <div class="method-content">
                  <a name="testAdminLogin(user_6065, AC;W[;d^B],@x&gt;^z)">
                  </a> <!-- testAdminLogin(user_6065, AC;W[;d^B],@x>^z) -->
                  <span class="method-name">testAdminLogin</span>
                  <span class="parameters">(user_6065,AC;W[;d^B],@x>^z)</span>
                </div> <!-- method-content -->
              </div> <!-- method -->
              <div class="method">
                <div class="method-content">
                  <a name="testAdminLogin(user_8290, F##3gh/?Uz7&#039;Iden)">
                  </a> <!-- testAdminLogin(user_8290, F##3gh/?Uz7'Iden) -->
                  <span class="method-name">testAdminLogin</span>
                  <span class="parameters">(user_8290,F##3gh/?Uz7'Iden)</span>
                </div> <!-- method-content -->
              </div> <!-- method -->
              <div class="method">
                <div class="method-content">
                  <a name="testAdminLogin(user_2994, AE6jm},BR4%[Xk3d)">
                  </a> <!-- testAdminLogin(user_2994, AE6jm},BR4%[Xk3d) -->
                  <span class="method-name">testAdminLogin</span>
                  <span class="parameters">(user_2994,AE6jm},BR4%[Xk3d)</span>
                </div> <!-- method-content -->
              </div> <!-- method -->
              <div class="method">
                <div class="method-content">
                  <a name="testAdminLogin(user_7014, +vGqKbTUF*O_^:$n)">
                  </a> <!-- testAdminLogin(user_7014, +vGqKbTUF*O_^:$n) -->
                  <span class="method-name">testAdminLogin</span>
                  <span class="parameters">(user_7014,+vGqKbTUF*O_^:$n)</span>
                </div> <!-- method-content -->
              </div> <!-- method -->
              <div class="method">
                <div class="method-content">
                  <a name="testAdminLogin(user_7439, 0&lt;iwz&amp;}-p|ZphfZI)">
                  </a> <!-- testAdminLogin(user_7439, 0<iwz&}-p|ZphfZI) -->
                  <span class="method-name">testAdminLogin</span>
                  <span class="parameters">(user_7439,0<iwz&}-p|ZphfZI)</span>
                </div> <!-- method-content -->
              </div> <!-- method -->
              <div class="method">
                <div class="method-content">
                  <a name="testAdminLogin(user_6548, JS&gt;F4p5s#ZhPY87P)">
                  </a> <!-- testAdminLogin(user_6548, JS>F4p5s#ZhPY87P) -->
                  <span class="method-name">testAdminLogin</span>
                  <span class="parameters">(user_6548,JS>F4p5s#ZhPY87P)</span>
                </div> <!-- method-content -->
              </div> <!-- method -->
              <div class="method">
                <div class="method-content">
                  <a name="testAdminLogin(user_9434, ,w|=cug:v,?}(6l?)">
                  </a> <!-- testAdminLogin(user_9434, ,w|=cug:v,?}(6l?) -->
                  <span class="method-name">testAdminLogin</span>
                  <span class="parameters">(user_9434,,w|=cug:v,?}(6l?)</span>
                </div> <!-- method-content -->
              </div> <!-- method -->
              <div class="method">
                <div class="method-content">
                  <a name="testAdminLogin(user_7424, Bdms_/G}s,YVjE&#039;7)">
                  </a> <!-- testAdminLogin(user_7424, Bdms_/G}s,YVjE'7) -->
                  <span class="method-name">testAdminLogin</span>
                  <span class="parameters">(user_7424,Bdms_/G}s,YVjE'7)</span>
                </div> <!-- method-content -->
              </div> <!-- method -->
              <div class="method">
                <div class="method-content">
                  <a name="testAdminLogin(user_3569, 5dhhS=J7ed(:fJ^W)">
                  </a> <!-- testAdminLogin(user_3569, 5dhhS=J7ed(:fJ^W) -->
                  <span class="method-name">testAdminLogin</span>
                  <span class="parameters">(user_3569,5dhhS=J7ed(:fJ^W)</span>
                </div> <!-- method-content -->
              </div> <!-- method -->
              <div class="method">
                <div class="method-content">
                  <a name="testAdminLogin(user_6861, B2msYU5Whg2}Z/(()">
                  </a> <!-- testAdminLogin(user_6861, B2msYU5Whg2}Z/(() -->
                  <span class="method-name">testAdminLogin</span>
                  <span class="parameters">(user_6861,B2msYU5Whg2}Z/(()</span>
                </div> <!-- method-content -->
              </div> <!-- method -->
              <div class="method">
                <div class="method-content">
                  <a name="testAdminLogin(user_1351, L&#039;q-iEe4k/0h:E4()">
                  </a> <!-- testAdminLogin(user_1351, L'q-iEe4k/0h:E4() -->
                  <span class="method-name">testAdminLogin</span>
                  <span class="parameters">(user_1351,L'q-iEe4k/0h:E4()</span>
                </div> <!-- method-content -->
              </div> <!-- method -->
              <div class="method">
                <div class="method-content">
                  <a name="testAdminLogin(user_7738, (ZXJIGh&lt;&amp;+aMumfA)">
                  </a> <!-- testAdminLogin(user_7738, (ZXJIGh<&+aMumfA) -->
                  <span class="method-name">testAdminLogin</span>
                  <span class="parameters">(user_7738,(ZXJIGh<&+aMumfA)</span>
                </div> <!-- method-content -->
              </div> <!-- method -->
              <div class="method">
                <div class="method-content">
                  <a name="testAdminLogin(user_5336, MyeNX:`6VVX&amp;]I6R)">
                  </a> <!-- testAdminLogin(user_5336, MyeNX:`6VVX&]I6R) -->
                  <span class="method-name">testAdminLogin</span>
                  <span class="parameters">(user_5336,MyeNX:`6VVX&]I6R)</span>
                </div> <!-- method-content -->
              </div> <!-- method -->
              <div class="method">
                <div class="method-content">
                  <a name="testAdminLogin(user_1873, 1ooRvvK_Sv35C2z^)">
                  </a> <!-- testAdminLogin(user_1873, 1ooRvvK_Sv35C2z^) -->
                  <span class="method-name">testAdminLogin</span>
                  <span class="parameters">(user_1873,1ooRvvK_Sv35C2z^)</span>
                </div> <!-- method-content -->
              </div> <!-- method -->
              <div class="method">
                <div class="method-content">
                  <a name="testAdminLogin(user_9423, NWQ!1o)-iNZAf}HQ)">
                  </a> <!-- testAdminLogin(user_9423, NWQ!1o)-iNZAf}HQ) -->
                  <span class="method-name">testAdminLogin</span>
                  <span class="parameters">(user_9423,NWQ!1o)-iNZAf}HQ)</span>
                </div> <!-- method-content -->
              </div> <!-- method -->
              <div class="method">
                <div class="method-content">
                  <a name="testAdminLogin(user_4038, R[9u9jz:&amp;1u[Of^h)">
                  </a> <!-- testAdminLogin(user_4038, R[9u9jz:&1u[Of^h) -->
                  <span class="method-name">testAdminLogin</span>
                  <span class="parameters">(user_4038,R[9u9jz:&1u[Of^h)</span>
                </div> <!-- method-content -->
              </div> <!-- method -->
              <div class="method">
                <div class="method-content">
                  <a name="testAdminLogin(user_2891, &#039;P``Q^o/$|4!4m=|)">
                  </a> <!-- testAdminLogin(user_2891, 'P``Q^o/$|4!4m=|) -->
                  <span class="method-name">testAdminLogin</span>
                  <span class="parameters">(user_2891,'P``Q^o/$|4!4m=|)</span>
                </div> <!-- method-content -->
              </div> <!-- method -->
              <div class="method">
                <div class="method-content">
                  <a name="testAdminLogin(user_4078, &#039;Ag|/L2jymUs1(F[)">
                  </a> <!-- testAdminLogin(user_4078, 'Ag|/L2jymUs1(F[) -->
                  <span class="method-name">testAdminLogin</span>
                  <span class="parameters">(user_4078,'Ag|/L2jymUs1(F[)</span>
                </div> <!-- method-content -->
              </div> <!-- method -->
              <div class="method">
                <div class="method-content">
                  <a name="testAdminLogin(user_1438, KZmxHCUP53*TBM~=)">
                  </a> <!-- testAdminLogin(user_1438, KZmxHCUP53*TBM~=) -->
                  <span class="method-name">testAdminLogin</span>
                  <span class="parameters">(user_1438,KZmxHCUP53*TBM~=)</span>
                </div> <!-- method-content -->
              </div> <!-- method -->
              <div class="method">
                <div class="method-content">
                  <a name="testAdminLogin(user_4643, M,Gk=(_&lt;J.n4aOWd)">
                  </a> <!-- testAdminLogin(user_4643, M,Gk=(_<J.n4aOWd) -->
                  <span class="method-name">testAdminLogin</span>
                  <span class="parameters">(user_4643,M,Gk=(_<J.n4aOWd)</span>
                </div> <!-- method-content -->
              </div> <!-- method -->
              <div class="method">
                <div class="method-content">
                  <a name="testAdminLogin(user_1819, 9zuDU1#r3&amp;*[8Vxu)">
                  </a> <!-- testAdminLogin(user_1819, 9zuDU1#r3&*[8Vxu) -->
                  <span class="method-name">testAdminLogin</span>
                  <span class="parameters">(user_1819,9zuDU1#r3&*[8Vxu)</span>
                </div> <!-- method-content -->
              </div> <!-- method -->
              <div class="method">
                <div class="method-content">
                  <a name="testAdminLogin(user_2176, w(B-YrrHwT)GuF[E)">
                  </a> <!-- testAdminLogin(user_2176, w(B-YrrHwT)GuF[E) -->
                  <span class="method-name">testAdminLogin</span>
                  <span class="parameters">(user_2176,w(B-YrrHwT)GuF[E)</span>
                </div> <!-- method-content -->
              </div> <!-- method -->
              <div class="method">
                <div class="method-content">
                  <a name="testAdminLogin(user_5942, VV0}h1ksaDs6,SSx)">
                  </a> <!-- testAdminLogin(user_5942, VV0}h1ksaDs6,SSx) -->
                  <span class="method-name">testAdminLogin</span>
                  <span class="parameters">(user_5942,VV0}h1ksaDs6,SSx)</span>
                </div> <!-- method-content -->
              </div> <!-- method -->
              <div class="method">
                <div class="method-content">
                  <a name="testAdminLogin(user_3217, Z&gt;f4|__S)dTfzFa=)">
                  </a> <!-- testAdminLogin(user_3217, Z>f4|__S)dTfzFa=) -->
                  <span class="method-name">testAdminLogin</span>
                  <span class="parameters">(user_3217,Z>f4|__S)dTfzFa=)</span>
                </div> <!-- method-content -->
              </div> <!-- method -->
              <div class="method">
                <div class="method-content">
                  <a name="testAdminLogin(user_6301, ^}wmgP_o&gt;|Y5FQ9D)">
                  </a> <!-- testAdminLogin(user_6301, ^}wmgP_o>|Y5FQ9D) -->
                  <span class="method-name">testAdminLogin</span>
                  <span class="parameters">(user_6301,^}wmgP_o>|Y5FQ9D)</span>
                </div> <!-- method-content -->
              </div> <!-- method -->
              <div class="method">
                <div class="method-content">
                  <a name="testAdminLogin(user_2407, &amp;Qwc]@&#039;H^{Rz&lt;:-$)">
                  </a> <!-- testAdminLogin(user_2407, &Qwc]@'H^{Rz<:-$) -->
                  <span class="method-name">testAdminLogin</span>
                  <span class="parameters">(user_2407,&Qwc]@'H^{Rz<:-$)</span>
                </div> <!-- method-content -->
              </div> <!-- method -->
              <div class="method">
                <div class="method-content">
                  <a name="testAdminLogin(user_6922, h%~!o@+S`ML&#039;mkM|)">
                  </a> <!-- testAdminLogin(user_6922, h%~!o@+S`ML'mkM|) -->
                  <span class="method-name">testAdminLogin</span>
                  <span class="parameters">(user_6922,h%~!o@+S`ML'mkM|)</span>
                </div> <!-- method-content -->
              </div> <!-- method -->
              <div class="method">
                <div class="method-content">
                  <a name="testAdminLogin(user_5187, 8K&amp;eHoiEmW4mJe?])">
                  </a> <!-- testAdminLogin(user_5187, 8K&eHoiEmW4mJe?]) -->
                  <span class="method-name">testAdminLogin</span>
                  <span class="parameters">(user_5187,8K&eHoiEmW4mJe?])</span>
                </div> <!-- method-content -->
              </div> <!-- method -->
              <div class="method">
                <div class="method-content">
                  <a name="testAdminLogin(user_7814, MBzo.Fk+dFZq^$H.)">
                  </a> <!-- testAdminLogin(user_7814, MBzo.Fk+dFZq^$H.) -->
                  <span class="method-name">testAdminLogin</span>
                  <span class="parameters">(user_7814,MBzo.Fk+dFZq^$H.)</span>
                </div> <!-- method-content -->
              </div> <!-- method -->
              <div class="method">
                <div class="method-content">
                  <a name="testAdminLogin(user_9221, TFXEGCD*|PG!&gt;Qc7)">
                  </a> <!-- testAdminLogin(user_9221, TFXEGCD*|PG!>Qc7) -->
                  <span class="method-name">testAdminLogin</span>
                  <span class="parameters">(user_9221,TFXEGCD*|PG!>Qc7)</span>
                </div> <!-- method-content -->
              </div> <!-- method -->
              <div class="method">
                <div class="method-content">
                  <a name="testAdminLogin(user_7295, c!!L)b0uME^&lt;h[,8)">
                  </a> <!-- testAdminLogin(user_7295, c!!L)b0uME^<h[,8) -->
                  <span class="method-name">testAdminLogin</span>
                  <span class="parameters">(user_7295,c!!L)b0uME^<h[,8)</span>
                </div> <!-- method-content -->
              </div> <!-- method -->
              <div class="method">
                <div class="method-content">
                  <a name="testAdminLogin(user_1188, q+&lt;?@Z+$*VQeRa)p)">
                  </a> <!-- testAdminLogin(user_1188, q+<?@Z+$*VQeRa)p) -->
                  <span class="method-name">testAdminLogin</span>
                  <span class="parameters">(user_1188,q+<?@Z+$*VQeRa)p)</span>
                </div> <!-- method-content -->
              </div> <!-- method -->
              <div class="method">
                <div class="method-content">
                  <a name="testAdminLogin(user_2055, ahQ0!;;Rup]=KXGV)">
                  </a> <!-- testAdminLogin(user_2055, ahQ0!;;Rup]=KXGV) -->
                  <span class="method-name">testAdminLogin</span>
                  <span class="parameters">(user_2055,ahQ0!;;Rup]=KXGV)</span>
                </div> <!-- method-content -->
              </div> <!-- method -->
              <div class="method">
                <div class="method-content">
                  <a name="testAdminLogin(user_5994, 0mHW[!;_!F1YnMjy)">
                  </a> <!-- testAdminLogin(user_5994, 0mHW[!;_!F1YnMjy) -->
                  <span class="method-name">testAdminLogin</span>
                  <span class="parameters">(user_5994,0mHW[!;_!F1YnMjy)</span>
                </div> <!-- method-content -->
              </div> <!-- method -->
              <div class="method">
                <div class="method-content">
                  <a name="testAdminLogin(user_1757, +Dq+c4at##M4/3Dq)">
                  </a> <!-- testAdminLogin(user_1757, +Dq+c4at##M4/3Dq) -->
                  <span class="method-name">testAdminLogin</span>
                  <span class="parameters">(user_1757,+Dq+c4at##M4/3Dq)</span>
                </div> <!-- method-content -->
              </div> <!-- method -->
            </div> <!-- main-panel-content rounded-window-bottom -->
          </div> <!-- suite-Default_suite-class-passed -->
        </div> <!-- panel Default_suite -->
        <div panel-name="test-xml-Default_suite" class="panel">
          <div class="main-panel-header rounded-window-top">
            <span class="header-content">C:\Users\Dell\AppData\Local\Temp\testng-eclipse--559481720\testng-customsuite.xml</span>
          </div> <!-- main-panel-header rounded-window-top -->
          <div class="main-panel-content rounded-window-bottom">
            <pre>
&lt;?xml version=&quot;1.0&quot; encoding=&quot;UTF-8&quot;?&gt;
&lt;!DOCTYPE suite SYSTEM &quot;https://testng.org/testng-1.0.dtd&quot;&gt;
&lt;suite name=&quot;Default suite&quot; guice-stage=&quot;DEVELOPMENT&quot;&gt;
  &lt;test thread-count=&quot;5&quot; name=&quot;Default test&quot; verbose=&quot;2&quot;&gt;
    &lt;classes&gt;
      &lt;class name=&quot;admin.AdminApiTests&quot;/&gt;
    &lt;/classes&gt;
  &lt;/test&gt; &lt;!-- Default test --&gt;
&lt;/suite&gt; &lt;!-- Default suite --&gt;
            </pre>
          </div> <!-- main-panel-content rounded-window-bottom -->
        </div> <!-- panel -->
        <div panel-name="testlist-Default_suite" class="panel">
          <div class="main-panel-header rounded-window-top">
            <span class="header-content">Tests for Default suite</span>
          </div> <!-- main-panel-header rounded-window-top -->
          <div class="main-panel-content rounded-window-bottom">
            <ul>
              <li>
                <span class="test-name">Default test (1 class)</span>
              </li>
            </ul>
          </div> <!-- main-panel-content rounded-window-bottom -->
        </div> <!-- panel -->
        <div panel-name="group-Default_suite" class="panel">
          <div class="main-panel-header rounded-window-top">
            <span class="header-content">Groups for Default suite</span>
          </div> <!-- main-panel-header rounded-window-top -->
          <div class="main-panel-content rounded-window-bottom">
          </div> <!-- main-panel-content rounded-window-bottom -->
        </div> <!-- panel -->
        <div panel-name="times-Default_suite" class="panel">
          <div class="main-panel-header rounded-window-top">
            <span class="header-content">Times for Default suite</span>
          </div> <!-- main-panel-header rounded-window-top -->
          <div class="main-panel-content rounded-window-bottom">
            <div class="times-div">
              <script type="text/javascript">
suiteTableInitFunctions.push('tableData_Default_suite');
function tableData_Default_suite() {
var data = new google.visualization.DataTable();
data.addColumn('number', 'Number');
data.addColumn('string', 'Method');
data.addColumn('string', 'Class');
data.addColumn('number', 'Time (ms)');
data.addRows(101);
data.setCell(0, 0, 0)
data.setCell(0, 1, 'displayAdmins')
data.setCell(0, 2, 'admin.AdminApiTests')
data.setCell(0, 3, 2209);
data.setCell(1, 0, 1)
data.setCell(1, 1, 'testAdminLogin')
data.setCell(1, 2, 'admin.AdminApiTests')
data.setCell(1, 3, 578);
data.setCell(2, 0, 2)
data.setCell(2, 1, 'testAddAdmin')
data.setCell(2, 2, 'admin.AdminApiTests')
data.setCell(2, 3, 504);
data.setCell(3, 0, 3)
data.setCell(3, 1, 'testAddAdmin')
data.setCell(3, 2, 'admin.AdminApiTests')
data.setCell(3, 3, 502);
data.setCell(4, 0, 4)
data.setCell(4, 1, 'testAddAdmin')
data.setCell(4, 2, 'admin.AdminApiTests')
data.setCell(4, 3, 485);
data.setCell(5, 0, 5)
data.setCell(5, 1, 'testAddAdmin')
data.setCell(5, 2, 'admin.AdminApiTests')
data.setCell(5, 3, 484);
data.setCell(6, 0, 6)
data.setCell(6, 1, 'testAddAdmin')
data.setCell(6, 2, 'admin.AdminApiTests')
data.setCell(6, 3, 482);
data.setCell(7, 0, 7)
data.setCell(7, 1, 'testAddAdmin')
data.setCell(7, 2, 'admin.AdminApiTests')
data.setCell(7, 3, 475);
data.setCell(8, 0, 8)
data.setCell(8, 1, 'testAddAdmin')
data.setCell(8, 2, 'admin.AdminApiTests')
data.setCell(8, 3, 475);
data.setCell(9, 0, 9)
data.setCell(9, 1, 'testAddAdmin')
data.setCell(9, 2, 'admin.AdminApiTests')
data.setCell(9, 3, 472);
data.setCell(10, 0, 10)
data.setCell(10, 1, 'testAddAdmin')
data.setCell(10, 2, 'admin.AdminApiTests')
data.setCell(10, 3, 471);
data.setCell(11, 0, 11)
data.setCell(11, 1, 'testAddAdmin')
data.setCell(11, 2, 'admin.AdminApiTests')
data.setCell(11, 3, 471);
data.setCell(12, 0, 12)
data.setCell(12, 1, 'testAddAdmin')
data.setCell(12, 2, 'admin.AdminApiTests')
data.setCell(12, 3, 471);
data.setCell(13, 0, 13)
data.setCell(13, 1, 'testAddAdmin')
data.setCell(13, 2, 'admin.AdminApiTests')
data.setCell(13, 3, 469);
data.setCell(14, 0, 14)
data.setCell(14, 1, 'testAddAdmin')
data.setCell(14, 2, 'admin.AdminApiTests')
data.setCell(14, 3, 468);
data.setCell(15, 0, 15)
data.setCell(15, 1, 'testAddAdmin')
data.setCell(15, 2, 'admin.AdminApiTests')
data.setCell(15, 3, 468);
data.setCell(16, 0, 16)
data.setCell(16, 1, 'testAddAdmin')
data.setCell(16, 2, 'admin.AdminApiTests')
data.setCell(16, 3, 467);
data.setCell(17, 0, 17)
data.setCell(17, 1, 'testAddAdmin')
data.setCell(17, 2, 'admin.AdminApiTests')
data.setCell(17, 3, 464);
data.setCell(18, 0, 18)
data.setCell(18, 1, 'testAddAdmin')
data.setCell(18, 2, 'admin.AdminApiTests')
data.setCell(18, 3, 464);
data.setCell(19, 0, 19)
data.setCell(19, 1, 'testAddAdmin')
data.setCell(19, 2, 'admin.AdminApiTests')
data.setCell(19, 3, 464);
data.setCell(20, 0, 20)
data.setCell(20, 1, 'testAddAdmin')
data.setCell(20, 2, 'admin.AdminApiTests')
data.setCell(20, 3, 463);
data.setCell(21, 0, 21)
data.setCell(21, 1, 'testAddAdmin')
data.setCell(21, 2, 'admin.AdminApiTests')
data.setCell(21, 3, 463);
data.setCell(22, 0, 22)
data.setCell(22, 1, 'testAddAdmin')
data.setCell(22, 2, 'admin.AdminApiTests')
data.setCell(22, 3, 463);
data.setCell(23, 0, 23)
data.setCell(23, 1, 'testAddAdmin')
data.setCell(23, 2, 'admin.AdminApiTests')
data.setCell(23, 3, 463);
data.setCell(24, 0, 24)
data.setCell(24, 1, 'testAddAdmin')
data.setCell(24, 2, 'admin.AdminApiTests')
data.setCell(24, 3, 463);
data.setCell(25, 0, 25)
data.setCell(25, 1, 'testAddAdmin')
data.setCell(25, 2, 'admin.AdminApiTests')
data.setCell(25, 3, 462);
data.setCell(26, 0, 26)
data.setCell(26, 1, 'testAddAdmin')
data.setCell(26, 2, 'admin.AdminApiTests')
data.setCell(26, 3, 462);
data.setCell(27, 0, 27)
data.setCell(27, 1, 'testAddAdmin')
data.setCell(27, 2, 'admin.AdminApiTests')
data.setCell(27, 3, 461);
data.setCell(28, 0, 28)
data.setCell(28, 1, 'testAddAdmin')
data.setCell(28, 2, 'admin.AdminApiTests')
data.setCell(28, 3, 461);
data.setCell(29, 0, 29)
data.setCell(29, 1, 'testAdminLogin')
data.setCell(29, 2, 'admin.AdminApiTests')
data.setCell(29, 3, 460);
data.setCell(30, 0, 30)
data.setCell(30, 1, 'testAddAdmin')
data.setCell(30, 2, 'admin.AdminApiTests')
data.setCell(30, 3, 460);
data.setCell(31, 0, 31)
data.setCell(31, 1, 'testAddAdmin')
data.setCell(31, 2, 'admin.AdminApiTests')
data.setCell(31, 3, 460);
data.setCell(32, 0, 32)
data.setCell(32, 1, 'testAdminLogin')
data.setCell(32, 2, 'admin.AdminApiTests')
data.setCell(32, 3, 459);
data.setCell(33, 0, 33)
data.setCell(33, 1, 'testAdminLogin')
data.setCell(33, 2, 'admin.AdminApiTests')
data.setCell(33, 3, 459);
data.setCell(34, 0, 34)
data.setCell(34, 1, 'testAddAdmin')
data.setCell(34, 2, 'admin.AdminApiTests')
data.setCell(34, 3, 459);
data.setCell(35, 0, 35)
data.setCell(35, 1, 'testAddAdmin')
data.setCell(35, 2, 'admin.AdminApiTests')
data.setCell(35, 3, 459);
data.setCell(36, 0, 36)
data.setCell(36, 1, 'testAddAdmin')
data.setCell(36, 2, 'admin.AdminApiTests')
data.setCell(36, 3, 459);
data.setCell(37, 0, 37)
data.setCell(37, 1, 'testAddAdmin')
data.setCell(37, 2, 'admin.AdminApiTests')
data.setCell(37, 3, 459);
data.setCell(38, 0, 38)
data.setCell(38, 1, 'testAddAdmin')
data.setCell(38, 2, 'admin.AdminApiTests')
data.setCell(38, 3, 458);
data.setCell(39, 0, 39)
data.setCell(39, 1, 'testAddAdmin')
data.setCell(39, 2, 'admin.AdminApiTests')
data.setCell(39, 3, 457);
data.setCell(40, 0, 40)
data.setCell(40, 1, 'testAddAdmin')
data.setCell(40, 2, 'admin.AdminApiTests')
data.setCell(40, 3, 457);
data.setCell(41, 0, 41)
data.setCell(41, 1, 'testAddAdmin')
data.setCell(41, 2, 'admin.AdminApiTests')
data.setCell(41, 3, 457);
data.setCell(42, 0, 42)
data.setCell(42, 1, 'testAdminLogin')
data.setCell(42, 2, 'admin.AdminApiTests')
data.setCell(42, 3, 457);
data.setCell(43, 0, 43)
data.setCell(43, 1, 'testAdminLogin')
data.setCell(43, 2, 'admin.AdminApiTests')
data.setCell(43, 3, 457);
data.setCell(44, 0, 44)
data.setCell(44, 1, 'testAdminLogin')
data.setCell(44, 2, 'admin.AdminApiTests')
data.setCell(44, 3, 456);
data.setCell(45, 0, 45)
data.setCell(45, 1, 'testAddAdmin')
data.setCell(45, 2, 'admin.AdminApiTests')
data.setCell(45, 3, 456);
data.setCell(46, 0, 46)
data.setCell(46, 1, 'testAddAdmin')
data.setCell(46, 2, 'admin.AdminApiTests')
data.setCell(46, 3, 456);
data.setCell(47, 0, 47)
data.setCell(47, 1, 'testAdminLogin')
data.setCell(47, 2, 'admin.AdminApiTests')
data.setCell(47, 3, 456);
data.setCell(48, 0, 48)
data.setCell(48, 1, 'testAdminLogin')
data.setCell(48, 2, 'admin.AdminApiTests')
data.setCell(48, 3, 456);
data.setCell(49, 0, 49)
data.setCell(49, 1, 'testAdminLogin')
data.setCell(49, 2, 'admin.AdminApiTests')
data.setCell(49, 3, 456);
data.setCell(50, 0, 50)
data.setCell(50, 1, 'testAdminLogin')
data.setCell(50, 2, 'admin.AdminApiTests')
data.setCell(50, 3, 455);
data.setCell(51, 0, 51)
data.setCell(51, 1, 'testAdminLogin')
data.setCell(51, 2, 'admin.AdminApiTests')
data.setCell(51, 3, 455);
data.setCell(52, 0, 52)
data.setCell(52, 1, 'testAddAdmin')
data.setCell(52, 2, 'admin.AdminApiTests')
data.setCell(52, 3, 455);
data.setCell(53, 0, 53)
data.setCell(53, 1, 'testAdminLogin')
data.setCell(53, 2, 'admin.AdminApiTests')
data.setCell(53, 3, 455);
data.setCell(54, 0, 54)
data.setCell(54, 1, 'testAdminLogin')
data.setCell(54, 2, 'admin.AdminApiTests')
data.setCell(54, 3, 455);
data.setCell(55, 0, 55)
data.setCell(55, 1, 'testAdminLogin')
data.setCell(55, 2, 'admin.AdminApiTests')
data.setCell(55, 3, 454);
data.setCell(56, 0, 56)
data.setCell(56, 1, 'testAddAdmin')
data.setCell(56, 2, 'admin.AdminApiTests')
data.setCell(56, 3, 454);
data.setCell(57, 0, 57)
data.setCell(57, 1, 'testAdminLogin')
data.setCell(57, 2, 'admin.AdminApiTests')
data.setCell(57, 3, 454);
data.setCell(58, 0, 58)
data.setCell(58, 1, 'testAdminLogin')
data.setCell(58, 2, 'admin.AdminApiTests')
data.setCell(58, 3, 454);
data.setCell(59, 0, 59)
data.setCell(59, 1, 'testAddAdmin')
data.setCell(59, 2, 'admin.AdminApiTests')
data.setCell(59, 3, 454);
data.setCell(60, 0, 60)
data.setCell(60, 1, 'testAddAdmin')
data.setCell(60, 2, 'admin.AdminApiTests')
data.setCell(60, 3, 453);
data.setCell(61, 0, 61)
data.setCell(61, 1, 'testAddAdmin')
data.setCell(61, 2, 'admin.AdminApiTests')
data.setCell(61, 3, 453);
data.setCell(62, 0, 62)
data.setCell(62, 1, 'testAdminLogin')
data.setCell(62, 2, 'admin.AdminApiTests')
data.setCell(62, 3, 453);
data.setCell(63, 0, 63)
data.setCell(63, 1, 'testAdminLogin')
data.setCell(63, 2, 'admin.AdminApiTests')
data.setCell(63, 3, 453);
data.setCell(64, 0, 64)
data.setCell(64, 1, 'testAddAdmin')
data.setCell(64, 2, 'admin.AdminApiTests')
data.setCell(64, 3, 452);
data.setCell(65, 0, 65)
data.setCell(65, 1, 'testAdminLogin')
data.setCell(65, 2, 'admin.AdminApiTests')
data.setCell(65, 3, 451);
data.setCell(66, 0, 66)
data.setCell(66, 1, 'testAdminLogin')
data.setCell(66, 2, 'admin.AdminApiTests')
data.setCell(66, 3, 451);
data.setCell(67, 0, 67)
data.setCell(67, 1, 'testAddAdmin')
data.setCell(67, 2, 'admin.AdminApiTests')
data.setCell(67, 3, 451);
data.setCell(68, 0, 68)
data.setCell(68, 1, 'testAdminLogin')
data.setCell(68, 2, 'admin.AdminApiTests')
data.setCell(68, 3, 451);
data.setCell(69, 0, 69)
data.setCell(69, 1, 'testAddAdmin')
data.setCell(69, 2, 'admin.AdminApiTests')
data.setCell(69, 3, 451);
data.setCell(70, 0, 70)
data.setCell(70, 1, 'testAdminLogin')
data.setCell(70, 2, 'admin.AdminApiTests')
data.setCell(70, 3, 450);
data.setCell(71, 0, 71)
data.setCell(71, 1, 'testAdminLogin')
data.setCell(71, 2, 'admin.AdminApiTests')
data.setCell(71, 3, 450);
data.setCell(72, 0, 72)
data.setCell(72, 1, 'testAdminLogin')
data.setCell(72, 2, 'admin.AdminApiTests')
data.setCell(72, 3, 450);
data.setCell(73, 0, 73)
data.setCell(73, 1, 'testAdminLogin')
data.setCell(73, 2, 'admin.AdminApiTests')
data.setCell(73, 3, 450);
data.setCell(74, 0, 74)
data.setCell(74, 1, 'testAddAdmin')
data.setCell(74, 2, 'admin.AdminApiTests')
data.setCell(74, 3, 450);
data.setCell(75, 0, 75)
data.setCell(75, 1, 'testAdminLogin')
data.setCell(75, 2, 'admin.AdminApiTests')
data.setCell(75, 3, 449);
data.setCell(76, 0, 76)
data.setCell(76, 1, 'testAdminLogin')
data.setCell(76, 2, 'admin.AdminApiTests')
data.setCell(76, 3, 448);
data.setCell(77, 0, 77)
data.setCell(77, 1, 'testAdminLogin')
data.setCell(77, 2, 'admin.AdminApiTests')
data.setCell(77, 3, 448);
data.setCell(78, 0, 78)
data.setCell(78, 1, 'testAdminLogin')
data.setCell(78, 2, 'admin.AdminApiTests')
data.setCell(78, 3, 448);
data.setCell(79, 0, 79)
data.setCell(79, 1, 'testAdminLogin')
data.setCell(79, 2, 'admin.AdminApiTests')
data.setCell(79, 3, 448);
data.setCell(80, 0, 80)
data.setCell(80, 1, 'testAdminLogin')
data.setCell(80, 2, 'admin.AdminApiTests')
data.setCell(80, 3, 448);
data.setCell(81, 0, 81)
data.setCell(81, 1, 'testAdminLogin')
data.setCell(81, 2, 'admin.AdminApiTests')
data.setCell(81, 3, 448);
data.setCell(82, 0, 82)
data.setCell(82, 1, 'testAdminLogin')
data.setCell(82, 2, 'admin.AdminApiTests')
data.setCell(82, 3, 448);
data.setCell(83, 0, 83)
data.setCell(83, 1, 'testAdminLogin')
data.setCell(83, 2, 'admin.AdminApiTests')
data.setCell(83, 3, 448);
data.setCell(84, 0, 84)
data.setCell(84, 1, 'testAdminLogin')
data.setCell(84, 2, 'admin.AdminApiTests')
data.setCell(84, 3, 448);
data.setCell(85, 0, 85)
data.setCell(85, 1, 'testAdminLogin')
data.setCell(85, 2, 'admin.AdminApiTests')
data.setCell(85, 3, 448);
data.setCell(86, 0, 86)
data.setCell(86, 1, 'testAddAdmin')
data.setCell(86, 2, 'admin.AdminApiTests')
data.setCell(86, 3, 448);
data.setCell(87, 0, 87)
data.setCell(87, 1, 'testAdminLogin')
data.setCell(87, 2, 'admin.AdminApiTests')
data.setCell(87, 3, 447);
data.setCell(88, 0, 88)
data.setCell(88, 1, 'testAdminLogin')
data.setCell(88, 2, 'admin.AdminApiTests')
data.setCell(88, 3, 447);
data.setCell(89, 0, 89)
data.setCell(89, 1, 'testAdminLogin')
data.setCell(89, 2, 'admin.AdminApiTests')
data.setCell(89, 3, 447);
data.setCell(90, 0, 90)
data.setCell(90, 1, 'testAdminLogin')
data.setCell(90, 2, 'admin.AdminApiTests')
data.setCell(90, 3, 446);
data.setCell(91, 0, 91)
data.setCell(91, 1, 'testAdminLogin')
data.setCell(91, 2, 'admin.AdminApiTests')
data.setCell(91, 3, 445);
data.setCell(92, 0, 92)
data.setCell(92, 1, 'testAdminLogin')
data.setCell(92, 2, 'admin.AdminApiTests')
data.setCell(92, 3, 445);
data.setCell(93, 0, 93)
data.setCell(93, 1, 'testAdminLogin')
data.setCell(93, 2, 'admin.AdminApiTests')
data.setCell(93, 3, 445);
data.setCell(94, 0, 94)
data.setCell(94, 1, 'testAdminLogin')
data.setCell(94, 2, 'admin.AdminApiTests')
data.setCell(94, 3, 444);
data.setCell(95, 0, 95)
data.setCell(95, 1, 'testAdminLogin')
data.setCell(95, 2, 'admin.AdminApiTests')
data.setCell(95, 3, 444);
data.setCell(96, 0, 96)
data.setCell(96, 1, 'testAdminLogin')
data.setCell(96, 2, 'admin.AdminApiTests')
data.setCell(96, 3, 443);
data.setCell(97, 0, 97)
data.setCell(97, 1, 'testAdminLogin')
data.setCell(97, 2, 'admin.AdminApiTests')
data.setCell(97, 3, 443);
data.setCell(98, 0, 98)
data.setCell(98, 1, 'testAdminLogin')
data.setCell(98, 2, 'admin.AdminApiTests')
data.setCell(98, 3, 442);
data.setCell(99, 0, 99)
data.setCell(99, 1, 'testAdminLogin')
data.setCell(99, 2, 'admin.AdminApiTests')
data.setCell(99, 3, 441);
data.setCell(100, 0, 100)
data.setCell(100, 1, 'testAddAdmin')
data.setCell(100, 2, 'admin.AdminApiTests')
data.setCell(100, 3, 441);
window.suiteTableData['Default_suite']= { tableData: data, tableDiv: 'times-div-Default_suite'}
return data;
}
              </script>
              <span class="suite-total-time">Total running time: 48 seconds</span>
              <div id="times-div-Default_suite">
              </div> <!-- times-div-Default_suite -->
            </div> <!-- times-div -->
          </div> <!-- main-panel-content rounded-window-bottom -->
        </div> <!-- panel -->
        <div panel-name="reporter-Default_suite" class="panel">
          <div class="main-panel-header rounded-window-top">
            <span class="header-content">Reporter output for Default suite</span>
          </div> <!-- main-panel-header rounded-window-top -->
          <div class="main-panel-content rounded-window-bottom">
          </div> <!-- main-panel-content rounded-window-bottom -->
        </div> <!-- panel -->
        <div panel-name="ignored-methods-Default_suite" class="panel">
          <div class="main-panel-header rounded-window-top">
            <span class="header-content">0 ignored methods</span>
          </div> <!-- main-panel-header rounded-window-top -->
          <div class="main-panel-content rounded-window-bottom">
          </div> <!-- main-panel-content rounded-window-bottom -->
        </div> <!-- panel -->
        <div panel-name="chronological-Default_suite" class="panel">
          <div class="main-panel-header rounded-window-top">
            <span class="header-content">Methods in chronological order</span>
          </div> <!-- main-panel-header rounded-window-top -->
          <div class="main-panel-content rounded-window-bottom">
            <div class="chronological-class">
              <div class="chronological-class-name">admin.AdminApiTests</div> <!-- chronological-class-name -->
              <div class="test-method">
                <span class="method-name">displayAdmins</span>
                <span class="method-start">0 ms</span>
              </div> <!-- test-method -->
              <div class="test-method">
                <img src="failed.png">
                </img>
                <span class="method-name">testAddAdmin(user_1401, d#<aM*,i{Sue\Do\)</span>
                <span class="method-start">2979 ms</span>
              </div> <!-- test-method -->
              <div class="test-method">
                <img src="failed.png">
                </img>
                <span class="method-name">testAddAdmin(user_5222, \LIY(jJ('f4zq:/#)</span>
                <span class="method-start">3486 ms</span>
              </div> <!-- test-method -->
              <div class="test-method">
                <span class="method-name">testAddAdmin(user_8290, F##3gh/?Uz7'Iden)</span>
                <span class="method-start">3938 ms</span>
              </div> <!-- test-method -->
              <div class="test-method">
                <span class="method-name">testAddAdmin(user_7439, 0<iwz&}-p|ZphfZI)</span>
                <span class="method-start">4402 ms</span>
              </div> <!-- test-method -->
              <div class="test-method">
                <span class="method-name">testAddAdmin(user_2176, w(B-YrrHwT)GuF[E)</span>
                <span class="method-start">4867 ms</span>
              </div> <!-- test-method -->
              <div class="test-method">
                <span class="method-name">testAddAdmin(user_5187, 8K&eHoiEmW4mJe?])</span>
                <span class="method-start">5340 ms</span>
              </div> <!-- test-method -->
              <div class="test-method">
                <span class="method-name">testAddAdmin(user_1819, 9zuDU1#r3&*[8Vxu)</span>
                <span class="method-start">5806 ms</span>
              </div> <!-- test-method -->
              <div class="test-method">
                <span class="method-name">testAddAdmin(user_2055, ahQ0!;;Rup]=KXGV)</span>
                <span class="method-start">6266 ms</span>
              </div> <!-- test-method -->
              <div class="test-method">
                <img src="failed.png">
                </img>
                <span class="method-name">testAddAdmin(user_9625, \LIY(jJ('f3zq@/#)</span>
                <span class="method-start">6738 ms</span>
              </div> <!-- test-method -->
              <div class="test-method">
                <span class="method-name">testAddAdmin(user_7814, MBzo.Fk+dFZq^$H.)</span>
                <span class="method-start">7189 ms</span>
              </div> <!-- test-method -->
              <div class="test-method">
                <span class="method-name">testAddAdmin(user_3217, Z>f4|__S)dTfzFa=)</span>
                <span class="method-start">7643 ms</span>
              </div> <!-- test-method -->
              <div class="test-method">
                <span class="method-name">testAddAdmin(user_2407, &Qwc]@'H^{Rz<:-$)</span>
                <span class="method-start">8111 ms</span>
              </div> <!-- test-method -->
              <div class="test-method">
                <img src="failed.png">
                </img>
                <span class="method-name">testAddAdmin(user_3756, [c7w+U7FyY>X@(S")</span>
                <span class="method-start">8579 ms</span>
              </div> <!-- test-method -->
              <div class="test-method">
                <span class="method-name">testAddAdmin(user_1351, L'q-iEe4k/0h:E4()</span>
                <span class="method-start">9033 ms</span>
              </div> <!-- test-method -->
              <div class="test-method">
                <span class="method-name">testAddAdmin(user_4078, 'Ag|/L2jymUs1(F[)</span>
                <span class="method-start">9520 ms</span>
              </div> <!-- test-method -->
              <div class="test-method">
                <span class="method-name">testAddAdmin(user_6922, h%~!o@+S`ML'mkM|)</span>
                <span class="method-start">10003 ms</span>
              </div> <!-- test-method -->
              <div class="test-method">
                <span class="method-name">testAddAdmin(user_6548, JS>F4p5s#ZhPY87P)</span>
                <span class="method-start">10465 ms</span>
              </div> <!-- test-method -->
              <div class="test-method">
                <span class="method-name">testAddAdmin(user_5994, 0mHW[!;_!F1YnMjy)</span>
                <span class="method-start">10923 ms</span>
              </div> <!-- test-method -->
              <div class="test-method">
                <span class="method-name">testAddAdmin(user_1188, q+<?@Z+$*VQeRa)p)</span>
                <span class="method-start">11384 ms</span>
              </div> <!-- test-method -->
              <div class="test-method">
                <img src="failed.png">
                </img>
                <span class="method-name">testAddAdmin(user_3462, xGv"x]\BJz7>eLFV)</span>
                <span class="method-start">11844 ms</span>
              </div> <!-- test-method -->
              <div class="test-method">
                <span class="method-name">testAddAdmin(user_7424, Bdms_/G}s,YVjE'7)</span>
                <span class="method-start">12305 ms</span>
              </div> <!-- test-method -->
              <div class="test-method">
                <span class="method-name">testAddAdmin(user_7738, (ZXJIGh<&+aMumfA)</span>
                <span class="method-start">12760 ms</span>
              </div> <!-- test-method -->
              <div class="test-method">
                <span class="method-name">testAddAdmin(user_9221, TFXEGCD*|PG!>Qc7)</span>
                <span class="method-start">13238 ms</span>
              </div> <!-- test-method -->
              <div class="test-method">
                <img src="failed.png">
                </img>
                <span class="method-name">testAddAdmin(user_9787, -fo4Od[&(HKcv\Ap)</span>
                <span class="method-start">13707 ms</span>
              </div> <!-- test-method -->
              <div class="test-method">
                <span class="method-name">testAddAdmin(user_1438, KZmxHCUP53*TBM~=)</span>
                <span class="method-start">14163 ms</span>
              </div> <!-- test-method -->
              <div class="test-method">
                <span class="method-name">testAddAdmin(user_1927, P<WW6i1=^A<7n~lt)</span>
                <span class="method-start">14624 ms</span>
              </div> <!-- test-method -->
              <div class="test-method">
                <span class="method-name">testAddAdmin(user_6301, ^}wmgP_o>|Y5FQ9D)</span>
                <span class="method-start">15087 ms</span>
              </div> <!-- test-method -->
              <div class="test-method">
                <span class="method-name">testAddAdmin(user_4950, MS3@-2*JV?=9KzLd)</span>
                <span class="method-start">15550 ms</span>
              </div> <!-- test-method -->
              <div class="test-method">
                <span class="method-name">testAddAdmin(user_3569, 5dhhS=J7ed(:fJ^W)</span>
                <span class="method-start">16014 ms</span>
              </div> <!-- test-method -->
              <div class="test-method">
                <span class="method-name">testAddAdmin(user_7014, +vGqKbTUF*O_^:$n)</span>
                <span class="method-start">16477 ms</span>
              </div> <!-- test-method -->
              <div class="test-method">
                <span class="method-name">testAddAdmin(user_3055, #'C,|`NbX+]&%XM`)</span>
                <span class="method-start">16940 ms</span>
              </div> <!-- test-method -->
              <div class="test-method">
                <span class="method-name">testAddAdmin(user_6861, B2msYU5Whg2}Z/(()</span>
                <span class="method-start">17415 ms</span>
              </div> <!-- test-method -->
              <div class="test-method">
                <span class="method-name">testAddAdmin(user_2891, 'P``Q^o/$|4!4m=|)</span>
                <span class="method-start">17881 ms</span>
              </div> <!-- test-method -->
              <div class="test-method">
                <img src="failed.png">
                </img>
                <span class="method-name">testAddAdmin(user_6923, f+n}z"x?Y@'|]KL~)</span>
                <span class="method-start">18386 ms</span>
              </div> <!-- test-method -->
              <div class="test-method">
                <span class="method-name">testAddAdmin(user_9434, ,w|=cug:v,?}(6l?)</span>
                <span class="method-start">18840 ms</span>
              </div> <!-- test-method -->
              <div class="test-method">
                <span class="method-name">testAddAdmin(user_6065, AC;W[;d^B],@x>^z)</span>
                <span class="method-start">19327 ms</span>
              </div> <!-- test-method -->
              <div class="test-method">
                <img src="failed.png">
                </img>
                <span class="method-name">testAddAdmin(user_4040, kxW(uI4w{(>\R:'g)</span>
                <span class="method-start">19788 ms</span>
              </div> <!-- test-method -->
              <div class="test-method">
                <span class="method-name">testAddAdmin(user_2994, AE6jm},BR4%[Xk3d)</span>
                <span class="method-start">20231 ms</span>
              </div> <!-- test-method -->
              <div class="test-method">
                <img src="failed.png">
                </img>
                <span class="method-name">testAddAdmin(user_2553, P{i>H=t9\+EkA3f])</span>
                <span class="method-start">20693 ms</span>
              </div> <!-- test-method -->
              <div class="test-method">
                <span class="method-name">testAddAdmin(user_9423, NWQ!1o)-iNZAf}HQ)</span>
                <span class="method-start">21148 ms</span>
              </div> <!-- test-method -->
              <div class="test-method">
                <span class="method-name">testAddAdmin(user_1757, +Dq+c4at##M4/3Dq)</span>
                <span class="method-start">21622 ms</span>
              </div> <!-- test-method -->
              <div class="test-method">
                <span class="method-name">testAddAdmin(user_7530, #YM23NlhMbIEIiZv)</span>
                <span class="method-start">22087 ms</span>
              </div> <!-- test-method -->
              <div class="test-method">
                <img src="failed.png">
                </img>
                <span class="method-name">testAddAdmin(user_9667, v}e<YKekpA"Q1A>u)</span>
                <span class="method-start">22544 ms</span>
              </div> <!-- test-method -->
              <div class="test-method">
                <span class="method-name">testAddAdmin(user_5942, VV0}h1ksaDs6,SSx)</span>
                <span class="method-start">23022 ms</span>
              </div> <!-- test-method -->
              <div class="test-method">
                <span class="method-name">testAddAdmin(user_6714, Bkw<{<4%QE1#FVqg)</span>
                <span class="method-start">23478 ms</span>
              </div> <!-- test-method -->
              <div class="test-method">
                <span class="method-name">testAddAdmin(user_4038, R[9u9jz:&1u[Of^h)</span>
                <span class="method-start">23934 ms</span>
              </div> <!-- test-method -->
              <div class="test-method">
                <span class="method-name">testAddAdmin(user_1873, 1ooRvvK_Sv35C2z^)</span>
                <span class="method-start">24398 ms</span>
              </div> <!-- test-method -->
              <div class="test-method">
                <span class="method-name">testAddAdmin(user_4643, M,Gk=(_<J.n4aOWd)</span>
                <span class="method-start">24871 ms</span>
              </div> <!-- test-method -->
              <div class="test-method">
                <span class="method-name">testAddAdmin(user_7295, c!!L)b0uME^<h[,8)</span>
                <span class="method-start">25337 ms</span>
              </div> <!-- test-method -->
              <div class="test-method">
                <span class="method-name">testAddAdmin(user_5336, MyeNX:`6VVX&]I6R)</span>
                <span class="method-start">25797 ms</span>
              </div> <!-- test-method -->
              <div class="test-method">
                <img src="failed.png">
                </img>
                <span class="method-name">testAdminLogin(user_1401, d#<aM*,i{Sue\Do\)</span>
                <span class="method-start">26285 ms</span>
              </div> <!-- test-method -->
              <div class="test-method">
                <img src="failed.png">
                </img>
                <span class="method-name">testAdminLogin(user_5222, \LIY(jJ('f4zq:/#)</span>
                <span class="method-start">26736 ms</span>
              </div> <!-- test-method -->
              <div class="test-method">
                <span class="method-name">testAdminLogin(user_8290, F##3gh/?Uz7'Iden)</span>
                <span class="method-start">27194 ms</span>
              </div> <!-- test-method -->
              <div class="test-method">
                <span class="method-name">testAdminLogin(user_7439, 0<iwz&}-p|ZphfZI)</span>
                <span class="method-start">27636 ms</span>
              </div> <!-- test-method -->
              <div class="test-method">
                <span class="method-name">testAdminLogin(user_2176, w(B-YrrHwT)GuF[E)</span>
                <span class="method-start">28086 ms</span>
              </div> <!-- test-method -->
              <div class="test-method">
                <span class="method-name">testAdminLogin(user_5187, 8K&eHoiEmW4mJe?])</span>
                <span class="method-start">28541 ms</span>
              </div> <!-- test-method -->
              <div class="test-method">
                <span class="method-name">testAdminLogin(user_1819, 9zuDU1#r3&*[8Vxu)</span>
                <span class="method-start">28999 ms</span>
              </div> <!-- test-method -->
              <div class="test-method">
                <span class="method-name">testAdminLogin(user_2055, ahQ0!;;Rup]=KXGV)</span>
                <span class="method-start">29577 ms</span>
              </div> <!-- test-method -->
              <div class="test-method">
                <img src="failed.png">
                </img>
                <span class="method-name">testAdminLogin(user_9625, \LIY(jJ('f3zq@/#)</span>
                <span class="method-start">30030 ms</span>
              </div> <!-- test-method -->
              <div class="test-method">
                <span class="method-name">testAdminLogin(user_7814, MBzo.Fk+dFZq^$H.)</span>
                <span class="method-start">30484 ms</span>
              </div> <!-- test-method -->
              <div class="test-method">
                <span class="method-name">testAdminLogin(user_3217, Z>f4|__S)dTfzFa=)</span>
                <span class="method-start">30934 ms</span>
              </div> <!-- test-method -->
              <div class="test-method">
                <span class="method-name">testAdminLogin(user_2407, &Qwc]@'H^{Rz<:-$)</span>
                <span class="method-start">31379 ms</span>
              </div> <!-- test-method -->
              <div class="test-method">
                <img src="failed.png">
                </img>
                <span class="method-name">testAdminLogin(user_3756, [c7w+U7FyY>X@(S")</span>
                <span class="method-start">31829 ms</span>
              </div> <!-- test-method -->
              <div class="test-method">
                <span class="method-name">testAdminLogin(user_1351, L'q-iEe4k/0h:E4()</span>
                <span class="method-start">32287 ms</span>
              </div> <!-- test-method -->
              <div class="test-method">
                <span class="method-name">testAdminLogin(user_4078, 'Ag|/L2jymUs1(F[)</span>
                <span class="method-start">32738 ms</span>
              </div> <!-- test-method -->
              <div class="test-method">
                <span class="method-name">testAdminLogin(user_6922, h%~!o@+S`ML'mkM|)</span>
                <span class="method-start">33187 ms</span>
              </div> <!-- test-method -->
              <div class="test-method">
                <span class="method-name">testAdminLogin(user_6548, JS>F4p5s#ZhPY87P)</span>
                <span class="method-start">33642 ms</span>
              </div> <!-- test-method -->
              <div class="test-method">
                <span class="method-name">testAdminLogin(user_5994, 0mHW[!;_!F1YnMjy)</span>
                <span class="method-start">34092 ms</span>
              </div> <!-- test-method -->
              <div class="test-method">
                <span class="method-name">testAdminLogin(user_1188, q+<?@Z+$*VQeRa)p)</span>
                <span class="method-start">34541 ms</span>
              </div> <!-- test-method -->
              <div class="test-method">
                <img src="failed.png">
                </img>
                <span class="method-name">testAdminLogin(user_3462, xGv"x]\BJz7>eLFV)</span>
                <span class="method-start">34991 ms</span>
              </div> <!-- test-method -->
              <div class="test-method">
                <span class="method-name">testAdminLogin(user_7424, Bdms_/G}s,YVjE'7)</span>
                <span class="method-start">35451 ms</span>
              </div> <!-- test-method -->
              <div class="test-method">
                <span class="method-name">testAdminLogin(user_7738, (ZXJIGh<&+aMumfA)</span>
                <span class="method-start">35902 ms</span>
              </div> <!-- test-method -->
              <div class="test-method">
                <span class="method-name">testAdminLogin(user_9221, TFXEGCD*|PG!>Qc7)</span>
                <span class="method-start">36358 ms</span>
              </div> <!-- test-method -->
              <div class="test-method">
                <img src="failed.png">
                </img>
                <span class="method-name">testAdminLogin(user_9787, -fo4Od[&(HKcv\Ap)</span>
                <span class="method-start">36811 ms</span>
              </div> <!-- test-method -->
              <div class="test-method">
                <span class="method-name">testAdminLogin(user_1438, KZmxHCUP53*TBM~=)</span>
                <span class="method-start">37257 ms</span>
              </div> <!-- test-method -->
              <div class="test-method">
                <span class="method-name">testAdminLogin(user_1927, P<WW6i1=^A<7n~lt)</span>
                <span class="method-start">37713 ms</span>
              </div> <!-- test-method -->
              <div class="test-method">
                <span class="method-name">testAdminLogin(user_6301, ^}wmgP_o>|Y5FQ9D)</span>
                <span class="method-start">38164 ms</span>
              </div> <!-- test-method -->
              <div class="test-method">
                <span class="method-name">testAdminLogin(user_4950, MS3@-2*JV?=9KzLd)</span>
                <span class="method-start">38614 ms</span>
              </div> <!-- test-method -->
              <div class="test-method">
                <span class="method-name">testAdminLogin(user_3569, 5dhhS=J7ed(:fJ^W)</span>
                <span class="method-start">39071 ms</span>
              </div> <!-- test-method -->
              <div class="test-method">
                <span class="method-name">testAdminLogin(user_7014, +vGqKbTUF*O_^:$n)</span>
                <span class="method-start">39533 ms</span>
              </div> <!-- test-method -->
              <div class="test-method">
                <span class="method-name">testAdminLogin(user_3055, #'C,|`NbX+]&%XM`)</span>
                <span class="method-start">39990 ms</span>
              </div> <!-- test-method -->
              <div class="test-method">
                <span class="method-name">testAdminLogin(user_6861, B2msYU5Whg2}Z/(()</span>
                <span class="method-start">40451 ms</span>
              </div> <!-- test-method -->
              <div class="test-method">
                <span class="method-name">testAdminLogin(user_2891, 'P``Q^o/$|4!4m=|)</span>
                <span class="method-start">40899 ms</span>
              </div> <!-- test-method -->
              <div class="test-method">
                <img src="failed.png">
                </img>
                <span class="method-name">testAdminLogin(user_6923, f+n}z"x?Y@'|]KL~)</span>
                <span class="method-start">41342 ms</span>
              </div> <!-- test-method -->
              <div class="test-method">
                <span class="method-name">testAdminLogin(user_9434, ,w|=cug:v,?}(6l?)</span>
                <span class="method-start">41801 ms</span>
              </div> <!-- test-method -->
              <div class="test-method">
                <span class="method-name">testAdminLogin(user_6065, AC;W[;d^B],@x>^z)</span>
                <span class="method-start">42259 ms</span>
              </div> <!-- test-method -->
              <div class="test-method">
                <img src="failed.png">
                </img>
                <span class="method-name">testAdminLogin(user_4040, kxW(uI4w{(>\R:'g)</span>
                <span class="method-start">42705 ms</span>
              </div> <!-- test-method -->
              <div class="test-method">
                <span class="method-name">testAdminLogin(user_2994, AE6jm},BR4%[Xk3d)</span>
                <span class="method-start">43163 ms</span>
              </div> <!-- test-method -->
              <div class="test-method">
                <img src="failed.png">
                </img>
                <span class="method-name">testAdminLogin(user_2553, P{i>H=t9\+EkA3f])</span>
                <span class="method-start">43608 ms</span>
              </div> <!-- test-method -->
              <div class="test-method">
                <span class="method-name">testAdminLogin(user_9423, NWQ!1o)-iNZAf}HQ)</span>
                <span class="method-start">44054 ms</span>
              </div> <!-- test-method -->
              <div class="test-method">
                <span class="method-name">testAdminLogin(user_1757, +Dq+c4at##M4/3Dq)</span>
                <span class="method-start">44504 ms</span>
              </div> <!-- test-method -->
              <div class="test-method">
                <span class="method-name">testAdminLogin(user_7530, #YM23NlhMbIEIiZv)</span>
                <span class="method-start">44949 ms</span>
              </div> <!-- test-method -->
              <div class="test-method">
                <img src="failed.png">
                </img>
                <span class="method-name">testAdminLogin(user_9667, v}e<YKekpA"Q1A>u)</span>
                <span class="method-start">45404 ms</span>
              </div> <!-- test-method -->
              <div class="test-method">
                <span class="method-name">testAdminLogin(user_5942, VV0}h1ksaDs6,SSx)</span>
                <span class="method-start">45860 ms</span>
              </div> <!-- test-method -->
              <div class="test-method">
                <span class="method-name">testAdminLogin(user_6714, Bkw<{<4%QE1#FVqg)</span>
                <span class="method-start">46310 ms</span>
              </div> <!-- test-method -->
              <div class="test-method">
                <span class="method-name">testAdminLogin(user_4038, R[9u9jz:&1u[Of^h)</span>
                <span class="method-start">46758 ms</span>
              </div> <!-- test-method -->
              <div class="test-method">
                <span class="method-name">testAdminLogin(user_1873, 1ooRvvK_Sv35C2z^)</span>
                <span class="method-start">47206 ms</span>
              </div> <!-- test-method -->
              <div class="test-method">
                <span class="method-name">testAdminLogin(user_4643, M,Gk=(_<J.n4aOWd)</span>
                <span class="method-start">47653 ms</span>
              </div> <!-- test-method -->
              <div class="test-method">
                <span class="method-name">testAdminLogin(user_7295, c!!L)b0uME^<h[,8)</span>
                <span class="method-start">48102 ms</span>
              </div> <!-- test-method -->
              <div class="test-method">
                <span class="method-name">testAdminLogin(user_5336, MyeNX:`6VVX&]I6R)</span>
                <span class="method-start">48554 ms</span>
              </div> <!-- test-method -->
          </div> <!-- main-panel-content rounded-window-bottom -->
        </div> <!-- panel -->
      </div> <!-- main-panel-root -->
    </div> <!-- wrapper -->
  </body>
<script type="text/javascript" src="testng-reports2.js"></script>
</html>
